#
# There is insufficient memory for the Java Runtime Environment to continue.
# Native memory allocation (malloc) failed to allocate 374128 bytes for Chunk::new
# Possible reasons:
#   The system is out of physical RAM or swap space
#   In 32 bit mode, the process size limit was hit
# Possible solutions:
#   Reduce memory load on the system
#   Increase physical memory or swap space
#   Check if swap backing store is full
#   Use 64 bit Java on a 64 bit OS
#   Decrease Java heap size (-Xmx/-Xms)
#   Decrease number of Java threads
#   Decrease Java thread stack sizes (-Xss)
#   Set larger code cache with -XX:ReservedCodeCacheSize=
# This output file may be truncated or incomplete.
#
#  Out of Memory Error (allocation.cpp:390), pid=8436, tid=4492
#
# JRE version: Java(TM) SE Runtime Environment (8.0_60-b27) (build 1.8.0_60-b27)
# Java VM: Java HotSpot(TM) 64-Bit Server VM (25.60-b23 mixed mode windows-amd64 compressed oops)
# Failed to write core dump. Minidumps are not enabled by default on client versions of Windows
#

---------------  T H R E A D  ---------------

Current thread (0x0000000008ae6800):  JavaThread "C2 CompilerThread0" daemon [_thread_in_native, id=4492, stack(0x00000000090c0000,0x00000000091c0000)]

Stack: [0x00000000090c0000,0x00000000091c0000]
[error occurred during error reporting (printing stack bounds), id 0xc0000005]

Native frames: (J=compiled Java code, j=interpreted, Vv=VM code, C=native code)


Current CompileTask:
C2:   7219 1925       4       com.android.dx.ssa.SsaConverter::edgeSplitSuccessors (98 bytes)


---------------  P R O C E S S  ---------------

Java Threads: ( => current thread )
  0x0000000008e3d800 JavaThread "pool-1-thread-4" [_thread_blocked, id=8556, stack(0x0000000009ac0000,0x0000000009bc0000)]
  0x0000000008e2b000 JavaThread "pool-1-thread-3" [_thread_in_Java, id=7452, stack(0x00000000099c0000,0x0000000009ac0000)]
  0x0000000008db8000 JavaThread "pool-1-thread-2" [_thread_blocked, id=6624, stack(0x00000000098c0000,0x00000000099c0000)]
  0x0000000008db0800 JavaThread "pool-2-thread-1" [_thread_blocked, id=5028, stack(0x00000000097c0000,0x00000000098c0000)]
  0x0000000008dae000 JavaThread "pool-1-thread-1" [_thread_blocked, id=9172, stack(0x00000000096c0000,0x00000000097c0000)]
  0x0000000008b42000 JavaThread "Service Thread" daemon [_thread_blocked, id=8360, stack(0x00000000094c0000,0x00000000095c0000)]
  0x0000000008b00800 JavaThread "C1 CompilerThread3" daemon [_thread_blocked, id=8876, stack(0x00000000093c0000,0x00000000094c0000)]
  0x0000000008afe000 JavaThread "C2 CompilerThread2" daemon [_thread_in_native, id=8916, stack(0x00000000092c0000,0x00000000093c0000)]
  0x0000000008aec000 JavaThread "C2 CompilerThread1" daemon [_thread_in_native, id=5424, stack(0x00000000091c0000,0x00000000092c0000)]
=>0x0000000008ae6800 JavaThread "C2 CompilerThread0" daemon [_thread_in_native, id=4492, stack(0x00000000090c0000,0x00000000091c0000)]
  0x0000000008ae5000 JavaThread "Attach Listener" daemon [_thread_blocked, id=8952, stack(0x0000000008fc0000,0x00000000090c0000)]
  0x0000000008ae4800 JavaThread "Signal Dispatcher" daemon [_thread_blocked, id=8420, stack(0x0000000008ec0000,0x0000000008fc0000)]
  0x0000000002ec3800 JavaThread "Finalizer" daemon [_thread_blocked, id=6708, stack(0x00000000088e0000,0x00000000089e0000)]
  0x00000000069ed000 JavaThread "Reference Handler" daemon [_thread_blocked, id=8392, stack(0x00000000087e0000,0x00000000088e0000)]
  0x0000000002dbd800 JavaThread "main" [_thread_blocked, id=5560, stack(0x0000000002be0000,0x0000000002ce0000)]

Other Threads:
  0x00000000069e8800 VMThread [stack: 0x00000000086e0000,0x00000000087e0000] [id=1376]
  0x0000000008b44800 WatcherThread [stack: 0x00000000095c0000,0x00000000096c0000] [id=8108]

VM state:not at safepoint (normal execution)

VM Mutex/Monitor currently owned by a thread: None

Heap:
 PSYoungGen      total 61440K, used 14814K [0x00000000eab00000, 0x00000000f2300000, 0x0000000100000000)
  eden space 49152K, 5% used [0x00000000eab00000,0x00000000ead7b488,0x00000000edb00000)
  from space 12288K, 99% used [0x00000000f1700000,0x00000000f22fc478,0x00000000f2300000)
  to   space 4096K, 0% used [0x00000000edb00000,0x00000000edb00000,0x00000000edf00000)
 ParOldGen       total 65536K, used 20624K [0x00000000c0000000, 0x00000000c4000000, 0x00000000eab00000)
  object space 65536K, 31% used [0x00000000c0000000,0x00000000c1424218,0x00000000c4000000)
 Metaspace       used 6277K, capacity 7192K, committed 7424K, reserved 1056768K
  class space    used 616K, capacity 656K, committed 768K, reserved 1048576K

Card table byte_map: [0x0000000003290000,0x00000000034a0000] byte_map_base: 0x0000000002c90000

Marking Bits: (ParMarkBitMap*) 0x00000000619aa5b0
 Begin Bits: [0x0000000003e00000, 0x0000000004e00000)
 End Bits:   [0x0000000004e00000, 0x0000000005e00000)

Polling page: 0x0000000000dc0000

CodeCache: size=245760Kb used=8647Kb max_used=8648Kb free=237112Kb
 bounds [0x000000000f010000, 0x000000000f890000, 0x000000001e010000]
 total_blobs=2131 nmethods=1861 adapters=182
 compilation: enabled

Compilation events (10 events):
Event: 6.585 Thread 0x0000000008b00800 1963       2       java.util.HashMap$TreeNode::find (172 bytes)
Event: 6.586 Thread 0x0000000008b00800 nmethod 1963 0x000000000f840a90 code [0x000000000f840c40, 0x000000000f841078]
Event: 6.624 Thread 0x0000000008b00800 1964       2       com.android.dx.cf.code.RopperMachine::jopToRopOpcode (1103 bytes)
Event: 6.626 Thread 0x0000000008b00800 nmethod 1964 0x000000000f842590 code [0x000000000f842800, 0x000000000f8435d8]
Event: 6.712 Thread 0x0000000008b00800 1965       2       java.util.HashMap::comparableClassFor (105 bytes)
Event: 6.712 Thread 0x0000000008b00800 nmethod 1965 0x000000000f847210 code [0x000000000f8473c0, 0x000000000f847828]
Event: 7.207 Thread 0x0000000008b00800 1966       2       java.util.zip.ZipFile$ZipFileInputStream::finalize (5 bytes)
Event: 7.207 Thread 0x0000000008b00800 nmethod 1966 0x000000000f846e90 code [0x000000000f847000, 0x000000000f847168]
Event: 7.207 Thread 0x0000000008b00800 1967       2       java.util.zip.ZipFile$ZipFileInflaterInputStream::finalize (5 bytes)
Event: 7.207 Thread 0x0000000008b00800 nmethod 1967 0x000000000f846b10 code [0x000000000f846c80, 0x000000000f846de8]

GC Heap History (10 events):
Event: 1.891 GC heap before
{Heap before GC invocations=2 (full 0):
 PSYoungGen      total 28672K, used 28663K [0x00000000eab00000, 0x00000000ecb00000, 0x0000000100000000)
  eden space 24576K, 100% used [0x00000000eab00000,0x00000000ec300000,0x00000000ec300000)
  from space 4096K, 99% used [0x00000000ec300000,0x00000000ec6fdf90,0x00000000ec700000)
  to   space 4096K, 0% used [0x00000000ec700000,0x00000000ec700000,0x00000000ecb00000)
 ParOldGen       total 65536K, used 1624K [0x00000000c0000000, 0x00000000c4000000, 0x00000000eab00000)
  object space 65536K, 2% used [0x00000000c0000000,0x00000000c0196268,0x00000000c4000000)
 Metaspace       used 5980K, capacity 7024K, committed 7296K, reserved 1056768K
  class space    used 595K, capacity 616K, committed 640K, reserved 1048576K
Event: 1.983 GC heap after
Heap after GC invocations=2 (full 0):
 PSYoungGen      total 28672K, used 4094K [0x00000000eab00000, 0x00000000ee300000, 0x0000000100000000)
  eden space 24576K, 0% used [0x00000000eab00000,0x00000000eab00000,0x00000000ec300000)
  from space 4096K, 99% used [0x00000000ec700000,0x00000000ecaffaf8,0x00000000ecb00000)
  to   space 4096K, 0% used [0x00000000ec300000,0x00000000ec300000,0x00000000ec700000)
 ParOldGen       total 65536K, used 4979K [0x00000000c0000000, 0x00000000c4000000, 0x00000000eab00000)
  object space 65536K, 7% used [0x00000000c0000000,0x00000000c04dcf20,0x00000000c4000000)
 Metaspace       used 5980K, capacity 7024K, committed 7296K, reserved 1056768K
  class space    used 595K, capacity 616K, committed 640K, reserved 1048576K
}
Event: 2.566 GC heap before
{Heap before GC invocations=3 (full 0):
 PSYoungGen      total 28672K, used 28670K [0x00000000eab00000, 0x00000000ee300000, 0x0000000100000000)
  eden space 24576K, 100% used [0x00000000eab00000,0x00000000ec300000,0x00000000ec300000)
  from space 4096K, 99% used [0x00000000ec700000,0x00000000ecaffaf8,0x00000000ecb00000)
  to   space 4096K, 0% used [0x00000000ec300000,0x00000000ec300000,0x00000000ec700000)
 ParOldGen       total 65536K, used 4979K [0x00000000c0000000, 0x00000000c4000000, 0x00000000eab00000)
  object space 65536K, 7% used [0x00000000c0000000,0x00000000c04dcf20,0x00000000c4000000)
 Metaspace       used 6071K, capacity 7088K, committed 7296K, reserved 1056768K
  class space    used 595K, capacity 616K, committed 640K, reserved 1048576K
Event: 2.615 GC heap after
Heap after GC invocations=3 (full 0):
 PSYoungGen      total 28672K, used 4086K [0x00000000eab00000, 0x00000000ee300000, 0x0000000100000000)
  eden space 24576K, 0% used [0x00000000eab00000,0x00000000eab00000,0x00000000ec300000)
  from space 4096K, 99% used [0x00000000ec300000,0x00000000ec6fd940,0x00000000ec700000)
  to   space 4096K, 0% used [0x00000000edf00000,0x00000000edf00000,0x00000000ee300000)
 ParOldGen       total 65536K, used 8561K [0x00000000c0000000, 0x00000000c4000000, 0x00000000eab00000)
  object space 65536K, 13% used [0x00000000c0000000,0x00000000c085c660,0x00000000c4000000)
 Metaspace       used 6071K, capacity 7088K, committed 7296K, reserved 1056768K
  class space    used 595K, capacity 616K, committed 640K, reserved 1048576K
}
Event: 3.178 GC heap before
{Heap before GC invocations=4 (full 0):
 PSYoungGen      total 28672K, used 28662K [0x00000000eab00000, 0x00000000ee300000, 0x0000000100000000)
  eden space 24576K, 100% used [0x00000000eab00000,0x00000000ec300000,0x00000000ec300000)
  from space 4096K, 99% used [0x00000000ec300000,0x00000000ec6fd940,0x00000000ec700000)
  to   space 4096K, 0% used [0x00000000edf00000,0x00000000edf00000,0x00000000ee300000)
 ParOldGen       total 65536K, used 8561K [0x00000000c0000000, 0x00000000c4000000, 0x00000000eab00000)
  object space 65536K, 13% used [0x00000000c0000000,0x00000000c085c660,0x00000000c4000000)
 Metaspace       used 6118K, capacity 7088K, committed 7296K, reserved 1056768K
  class space    used 595K, capacity 616K, committed 640K, reserved 1048576K
Event: 3.267 GC heap after
Heap after GC invocations=4 (full 0):
 PSYoungGen      total 53248K, used 4071K [0x00000000eab00000, 0x00000000ee300000, 0x0000000100000000)
  eden space 49152K, 0% used [0x00000000eab00000,0x00000000eab00000,0x00000000edb00000)
  from space 4096K, 99% used [0x00000000edf00000,0x00000000ee2f9f98,0x00000000ee300000)
  to   space 4096K, 0% used [0x00000000edb00000,0x00000000edb00000,0x00000000edf00000)
 ParOldGen       total 65536K, used 12577K [0x00000000c0000000, 0x00000000c4000000, 0x00000000eab00000)
  object space 65536K, 19% used [0x00000000c0000000,0x00000000c0c48738,0x00000000c4000000)
 Metaspace       used 6118K, capacity 7088K, committed 7296K, reserved 1056768K
  class space    used 595K, capacity 616K, committed 640K, reserved 1048576K
}
Event: 4.303 GC heap before
{Heap before GC invocations=5 (full 0):
 PSYoungGen      total 53248K, used 53223K [0x00000000eab00000, 0x00000000ee300000, 0x0000000100000000)
  eden space 49152K, 100% used [0x00000000eab00000,0x00000000edb00000,0x00000000edb00000)
  from space 4096K, 99% used [0x00000000edf00000,0x00000000ee2f9f98,0x00000000ee300000)
  to   space 4096K, 0% used [0x00000000edb00000,0x00000000edb00000,0x00000000edf00000)
 ParOldGen       total 65536K, used 12577K [0x00000000c0000000, 0x00000000c4000000, 0x00000000eab00000)
  object space 65536K, 19% used [0x00000000c0000000,0x00000000c0c48738,0x00000000c4000000)
 Metaspace       used 6163K, capacity 7152K, committed 7296K, reserved 1056768K
  class space    used 595K, capacity 616K, committed 640K, reserved 1048576K
Event: 4.626 GC heap after
Heap after GC invocations=5 (full 0):
 PSYoungGen      total 53248K, used 4068K [0x00000000eab00000, 0x00000000f2300000, 0x0000000100000000)
  eden space 49152K, 0% used [0x00000000eab00000,0x00000000eab00000,0x00000000edb00000)
  from space 4096K, 99% used [0x00000000edb00000,0x00000000edef92b8,0x00000000edf00000)
  to   space 12288K, 0% used [0x00000000f1700000,0x00000000f1700000,0x00000000f2300000)
 ParOldGen       total 65536K, used 20538K [0x00000000c0000000, 0x00000000c4000000, 0x00000000eab00000)
  object space 65536K, 31% used [0x00000000c0000000,0x00000000c140e930,0x00000000c4000000)
 Metaspace       used 6163K, capacity 7152K, committed 7296K, reserved 1056768K
  class space    used 595K, capacity 616K, committed 640K, reserved 1048576K
}
Event: 6.765 GC heap before
{Heap before GC invocations=6 (full 0):
 PSYoungGen      total 53248K, used 53220K [0x00000000eab00000, 0x00000000f2300000, 0x0000000100000000)
  eden space 49152K, 100% used [0x00000000eab00000,0x00000000edb00000,0x00000000edb00000)
  from space 4096K, 99% used [0x00000000edb00000,0x00000000edef92b8,0x00000000edf00000)
  to   space 12288K, 0% used [0x00000000f1700000,0x00000000f1700000,0x00000000f2300000)
 ParOldGen       total 65536K, used 20538K [0x00000000c0000000, 0x00000000c4000000, 0x00000000eab00000)
  object space 65536K, 31% used [0x00000000c0000000,0x00000000c140e930,0x00000000c4000000)
 Metaspace       used 6276K, capacity 7192K, committed 7424K, reserved 1056768K
  class space    used 616K, capacity 656K, committed 768K, reserved 1048576K
Event: 7.206 GC heap after
Heap after GC invocations=6 (full 0):
 PSYoungGen      total 61440K, used 12273K [0x00000000eab00000, 0x00000000f2300000, 0x0000000100000000)
  eden space 49152K, 0% used [0x00000000eab00000,0x00000000eab00000,0x00000000edb00000)
  from space 12288K, 99% used [0x00000000f1700000,0x00000000f22fc478,0x00000000f2300000)
  to   space 4096K, 0% used [0x00000000edb00000,0x00000000edb00000,0x00000000edf00000)
 ParOldGen       total 65536K, used 20624K [0x00000000c0000000, 0x00000000c4000000, 0x00000000eab00000)
  object space 65536K, 31% used [0x00000000c0000000,0x00000000c1424218,0x00000000c4000000)
 Metaspace       used 6276K, capacity 7192K, committed 7424K, reserved 1056768K
  class space    used 616K, capacity 656K, committed 768K, reserved 1048576K
}

Deoptimization events (10 events):
Event: 5.003 Thread 0x0000000008e2b000 Uncommon trap: reason=bimorphic action=maybe_recompile pc=0x000000000f7bf1b8 method=com.android.dx.cf.code.BytecodeArray.parseInstruction(ILcom/android/dx/cf/code/BytecodeArray$Visitor;)I @ 1130
Event: 5.648 Thread 0x0000000008e3d800 Uncommon trap: reason=bimorphic action=maybe_recompile pc=0x000000000f5f04f0 method=com.android.dx.ssa.LiteralOpUpgrader.tryReplacingWithConstant(Lcom/android/dx/ssa/NormalSsaInsn;)Z @ 62
Event: 5.649 Thread 0x0000000008e3d800 Uncommon trap: reason=unstable_if action=reinterpret pc=0x000000000f7ba16c method=com.android.dx.ssa.LiteralOpUpgrader$1.visitNonMoveInsn(Lcom/android/dx/ssa/NormalSsaInsn;)V @ 24
Event: 5.735 Thread 0x0000000008e3d800 Uncommon trap: reason=unstable_if action=reinterpret pc=0x000000000f4354b0 method=java.util.HashMap.putVal(ILjava/lang/Object;Ljava/lang/Object;ZZ)Ljava/lang/Object; @ 162
Event: 5.739 Thread 0x0000000008e3d800 Uncommon trap: reason=unstable_if action=reinterpret pc=0x000000000f6498d0 method=java.util.HashMap.getNode(ILjava/lang/Object;)Ljava/util/HashMap$Node; @ 84
Event: 5.788 Thread 0x0000000008e3d800 Uncommon trap: reason=unstable_if action=reinterpret pc=0x000000000f3d8880 method=com.android.dx.dex.code.OutputFinisher.hasLocalInfo(Lcom/android/dx/dex/code/DalvInsn;)Z @ 24
Event: 6.520 Thread 0x0000000002dbd800 Uncommon trap: reason=bimorphic action=maybe_recompile pc=0x000000000f5f04f0 method=com.android.dx.ssa.LiteralOpUpgrader.tryReplacingWithConstant(Lcom/android/dx/ssa/NormalSsaInsn;)Z @ 62
Event: 6.623 Thread 0x0000000008db8000 Uncommon trap: reason=unstable_if action=reinterpret pc=0x000000000f6f74f0 method=com.android.dx.rop.cst.CstNat.equals(Ljava/lang/Object;)Z @ 25
Event: 6.715 Thread 0x0000000008e2b000 Uncommon trap: reason=bimorphic action=maybe_recompile pc=0x000000000f67f598 method=com.android.dx.rop.code.RegisterSpec.withSimpleType()Lcom/android/dx/rop/code/RegisterSpec; @ 21
Event: 6.716 Thread 0x0000000008db8000 Uncommon trap: reason=bimorphic action=maybe_recompile pc=0x000000000f67f598 method=com.android.dx.rop.code.RegisterSpec.withSimpleType()Lcom/android/dx/rop/code/RegisterSpec; @ 21

Internal exceptions (8 events):
Event: 0.093 Thread 0x0000000002dbd800 Exception <a 'java/lang/NoSuchMethodError': Method sun.misc.Unsafe.defineClass(Ljava/lang/String;[BII)Ljava/lang/Class; name or signature does not match> (0x00000000eab0d8d8) thrown at [C:\re\workspace\8-2-build-windows-amd64-cygwin\jdk8u60\4407\hotspot\srx›ÛëÀ∑?
Event: 0.093 Thread 0x0000000002dbd800 Exception <a 'java/lang/NoSuchMethodError': Method sun.misc.Unsafe.prefetchRead(Ljava/lang/Object;J)V name or signature does not match> (0x00000000eab0dbc0) thrown at [C:\re\workspace\8-2-build-windows-amd64-cygwin\jdk8u60\4407\hotspot\src\share\vm\prims\j+Ö€À‹.Û?
Event: 1.199 Thread 0x0000000008db8000 Implicit null exception at 0x000000000f3e0289 to 0x000000000f3e0e4d
Event: 1.206 Thread 0x0000000008db8000 Implicit null exception at 0x000000000f3c24a6 to 0x000000000f3c2e3d
Event: 1.406 Thread 0x0000000008e2b000 Implicit null exception at 0x000000000f458422 to 0x000000000f458512
Event: 5.737 Thread 0x0000000008e3d800 Exception <a 'java/lang/ArrayIndexOutOfBoundsException': 18> (0x00000000ebadabc0) thrown at [C:\re\workspace\8-2-build-windows-amd64-cygwin\jdk8u60\4407\hotspot\src\share\vm\interpreter\interpreterRuntime.cpp, line 366]
Event: 5.737 Thread 0x0000000008e3d800 Exception <a 'java/lang/ArrayIndexOutOfBoundsException': 145> (0x00000000ebadc750) thrown at [C:\re\workspace\8-2-build-windows-amd64-cygwin\jdk8u60\4407\hotspot\src\share\vm\interpreter\interpreterRuntime.cpp, line 366]
Event: 5.738 Thread 0x0000000008e3d800 Exception <a 'java/lang/ArrayIndexOutOfBoundsException'> (0x00000000ebadda38) thrown at [C:\re\workspace\8-2-build-windows-amd64-cygwin\jdk8u60\4407\hotspot\src\share\vm\runtime\sharedRuntime.cpp, line 605]

Events (10 events):
Event: 6.710 Thread 0x0000000008e3d800 DEOPT PACKING pc=0x000000000f4a91ec sp=0x0000000009bbe330
Event: 6.710 Thread 0x0000000008e3d800 DEOPT UNPACKING pc=0x000000000f05787f sp=0x0000000009bbe040 mode 0
Event: 6.715 Thread 0x0000000008e2b000 Uncommon trap: trap_request=0xffffffc6 fr.pc=0x000000000f67f598
Event: 6.715 Thread 0x0000000008e2b000 DEOPT PACKING pc=0x000000000f67f598 sp=0x0000000009abe8a0
Event: 6.715 Thread 0x0000000008e2b000 DEOPT UNPACKING pc=0x000000000f05582a sp=0x0000000009abe808 mode 2
Event: 6.716 Thread 0x0000000008db8000 Uncommon trap: trap_request=0xffffffc6 fr.pc=0x000000000f67f598
Event: 6.716 Thread 0x0000000008db8000 DEOPT PACKING pc=0x000000000f67f598 sp=0x00000000099be9b0
Event: 6.716 Thread 0x0000000008db8000 DEOPT UNPACKING pc=0x000000000f05582a sp=0x00000000099be918 mode 2
Event: 6.717 Executing VM operation: ParallelGCFailedAllocation
Event: 7.206 Executing VM operation: ParallelGCFailedAllocation done


Dynamic libraries:
0x00007ff77e500000 - 0x00007ff77e537000 	C:\Program Files\Java\jdk1.8.0_60\bin\java.exe
0x00007ffc20340000 - 0x00007ffc204ec000 	C:\WINDOWS\SYSTEM32\ntdll.dll
0x00007ffc1dc90000 - 0x00007ffc1ddce000 	C:\WINDOWS\system32\KERNEL32.DLL
0x00007ffc1d660000 - 0x00007ffc1d775000 	C:\WINDOWS\system32\KERNELBASE.dll
0x00007ffc1bf00000 - 0x00007ffc1bf8e000 	C:\WINDOWS\system32\apphelp.dll
0x00007ffc16100000 - 0x00007ffc16153000 	C:\WINDOWS\AppPatch\AppPatch64\AcGenral.DLL
0x00007ffc1ea10000 - 0x00007ffc1eaba000 	C:\WINDOWS\system32\msvcrt.dll
0x00007ffc1d220000 - 0x00007ffc1d24e000 	C:\WINDOWS\SYSTEM32\SspiCli.dll
0x00007ffc1e9b0000 - 0x00007ffc1ea04000 	C:\WINDOWS\system32\SHLWAPI.dll
0x00007ffc1e5d0000 - 0x00007ffc1e747000 	C:\WINDOWS\system32\USER32.dll
0x00007ffc1e750000 - 0x00007ffc1e8e4000 	C:\WINDOWS\system32\ole32.dll
0x00007ffc1ece0000 - 0x00007ffc2020b000 	C:\WINDOWS\system32\SHELL32.dll
0x00007ffc1c9f0000 - 0x00007ffc1ca11000 	C:\WINDOWS\SYSTEM32\USERENV.dll
0x00007ffc1e520000 - 0x00007ffc1e5ca000 	C:\WINDOWS\system32\ADVAPI32.dll
0x00007ffc141a0000 - 0x00007ffc141be000 	C:\WINDOWS\SYSTEM32\MPR.dll
0x00007ffc1e310000 - 0x00007ffc1e451000 	C:\WINDOWS\system32\RPCRT4.dll
0x00007ffc1d9c0000 - 0x00007ffc1da19000 	C:\WINDOWS\SYSTEM32\sechost.dll
0x00007ffc1eac0000 - 0x00007ffc1ecd1000 	C:\WINDOWS\SYSTEM32\combase.dll
0x00007ffc1da30000 - 0x00007ffc1db7f000 	C:\WINDOWS\system32\GDI32.dll
0x00007ffc1d490000 - 0x00007ffc1d4a5000 	C:\WINDOWS\SYSTEM32\profapi.dll
0x00007ffc1bfa0000 - 0x00007ffc1c052000 	C:\WINDOWS\SYSTEM32\SHCORE.dll
0x00007ffc1dc50000 - 0x00007ffc1dc86000 	C:\WINDOWS\system32\IMM32.DLL
0x00007ffc1e1b0000 - 0x00007ffc1e302000 	C:\WINDOWS\system32\MSCTF.dll
0x00007ffc1d440000 - 0x00007ffc1d472000 	C:\WINDOWS\system32\nvinitx.dll
0x000000000f000000 - 0x000000000f006000 	C:\Program Files\NVIDIA Corporation\CoProcManager\_etoured.dll
0x00007ffc1bc00000 - 0x00007ffc1bc33000 	C:\Program Files\NVIDIA Corporation\CoProcManager\nvd3d9wrapx.dll
0x00007ffc1df80000 - 0x00007ffc1e15a000 	C:\WINDOWS\system32\SETUPAPI.dll
0x00007ffc1d610000 - 0x00007ffc1d65f000 	C:\WINDOWS\system32\CFGMGR32.dll
0x00007ffc1bbd0000 - 0x00007ffc1bbf3000 	C:\Program Files\NVIDIA Corporation\CoProcManager\nvdxgiwrapx.dll
0x00007ffc1b580000 - 0x00007ffc1b7fb000 	C:\WINDOWS\WinSxS\amd64_microsoft.windows.common-controls_6595b64144ccf1df_6.0.9600.18006_none_623f33d3ecbe86e8\COMCTL32.dll
0x00000000610c0000 - 0x0000000061192000 	C:\Program Files\Java\jdk1.8.0_60\jre\bin\msvcr100.dll
0x00000000611a0000 - 0x0000000061a29000 	C:\Program Files\Java\jdk1.8.0_60\jre\bin\server\jvm.dll
0x00007ffc15420000 - 0x00007ffc15429000 	C:\WINDOWS\SYSTEM32\WSOCK32.dll
0x00007ffc1b800000 - 0x00007ffc1b822000 	C:\WINDOWS\SYSTEM32\WINMM.dll
0x00007ffc1bf90000 - 0x00007ffc1bf9a000 	C:\WINDOWS\SYSTEM32\VERSION.dll
0x00007ffc1e190000 - 0x00007ffc1e197000 	C:\WINDOWS\system32\PSAPI.DLL
0x00007ffc1dbf0000 - 0x00007ffc1dc4a000 	C:\WINDOWS\system32\WS2_32.dll
0x00007ffc1b360000 - 0x00007ffc1b38a000 	C:\WINDOWS\SYSTEM32\WINMMBASE.dll
0x00007ffc1e1a0000 - 0x00007ffc1e1a9000 	C:\WINDOWS\system32\NSI.dll
0x00007ffc1c260000 - 0x00007ffc1c288000 	C:\WINDOWS\SYSTEM32\DEVOBJ.dll
0x0000000065600000 - 0x000000006560f000 	C:\Program Files\Java\jdk1.8.0_60\jre\bin\verify.dll
0x00000000655d0000 - 0x00000000655f9000 	C:\Program Files\Java\jdk1.8.0_60\jre\bin\java.dll
0x00000000655b0000 - 0x00000000655c6000 	C:\Program Files\Java\jdk1.8.0_60\jre\bin\zip.dll

VM Arguments:
jvm_args: -Djava.awt.headless=true -Xmx1024M -Dfile.encoding=windows-1252 -Duser.country=US -Duser.language=en -Duser.variant 
java_command: com.android.dx.command.Main --dex --num-threads=4 --output C:\Users\Emin\AndroidStudioProjects\Ribbit\app\build\intermediates\pre-dexed\debug\com.android.support-appcompat-v7-23.1.1_579908352c788dffebb055b380a77b2875307136.jar C:\Users\Emin\AndroidStudioProjects\Ribbit\app\build\intermediates\exploded-aar\com.android.support\appcompat-v7\23.1.1\jars\classes.jar
java_class_path (initial): C:\Users\Emin\AppData\Local\Android\sdk1\build-tools\23.0.1\lib\dx.jar
Launcher Type: SUN_STANDARD

Environment Variables:
PATH=C:\ProgramData\Oracle\Java\javapath;C:\Program Files (x86)\NVIDIA Corporation\PhysX\Common;C:\WINDOWS\system32;C:\WINDOWS;C:\WINDOWS\System32\Wbem;C:\WINDOWS\System32\WindowsPowerShell\v1.0\;C:\Program Files (x86)\Microsoft SQL Server\100\Tools\Binn\;C:\Program Files\Microsoft SQL Server\100\Tools\Binn\;C:\Program Files\Microsoft SQL Server\100\DTS\Binn\;C:\Program Files\Microsoft\Web Platform Installer\;C:\Program Files (x86)\Microsoft ASP.NET\ASP.NET Web Pages\v1.0\;C:\Program Files\Microsoft SQL Server\110\Tools\Binn\;C:\Program Files\Microsoft SQL Server\110\DTS\Binn\;C:\Program Files (x86)\Microsoft SQL Server\110\Tools\Binn\;C:\Program Files (x86)\Microsoft SQL Server\110\Tools\Binn\ManagementStudio\;C:\Program Files (x86)\Microsoft Visual Studio 10.0\Common7\IDE\PrivateAssemblies\;C:\Program Files (x86)\Microsoft SQL Server\110\DTS\Binn\;C:\Program Files\MySQL\MySQL Enterprise Backup 3.10.1\;C:\Program Files (x86)\MySQL\MySQL Utilities 1.3.6\;C:\Program Files (x86)\Skype\Phone\
USERNAME=Emin
OS=Windows_NT
PROCESSOR_IDENTIFIER=Intel64 Family 6 Model 42 Stepping 7, GenuineIntel



---------------  S Y S T E M  ---------------

OS: Windows 8.1 , 64 bit Build 9600 (6.3.9600.17415)

CPU:total 8 (4 cores per cpu, 2 threads per core) family 6 model 42 stepping 7, cmov, cx8, fxsr, mmx, sse, sse2, sse3, ssse3, sse4.1, sse4.2, popcnt, avx, aes, clmul, ht, tsc, tscinvbit

Memory: 4k page, physical 6194232k(1191504k free), swap 9339960k(231424k free)

vm_info: Java HotSpot(TM) 64-Bit Server VM (25.60-b23) for windows-amd64 JRE (1.8.0_60-b27), built on Aug  4 2015 11:06:27 by "java_re" with MS VC++ 10.0 (VS2010)

time: Mon Dec 14 01:09:11 2015
elapsed time: 7 seconds (0d 0h 0m 7s)

