#
# There is insufficient memory for the Java Runtime Environment to continue.
# Native memory allocation (malloc) failed to allocate 1102976 bytes for Chunk::new
# Possible reasons:
#   The system is out of physical RAM or swap space
#   In 32 bit mode, the process size limit was hit
# Possible solutions:
#   Reduce memory load on the system
#   Increase physical memory or swap space
#   Check if swap backing store is full
#   Use 64 bit Java on a 64 bit OS
#   Decrease Java heap size (-Xmx/-Xms)
#   Decrease number of Java threads
#   Decrease Java thread stack sizes (-Xss)
#   Set larger code cache with -XX:ReservedCodeCacheSize=
# This output file may be truncated or incomplete.
#
#  Out of Memory Error (allocation.cpp:390), pid=8076, tid=9188
#
# JRE version: Java(TM) SE Runtime Environment (8.0_60-b27) (build 1.8.0_60-b27)
# Java VM: Java HotSpot(TM) 64-Bit Server VM (25.60-b23 mixed mode windows-amd64 compressed oops)
# Failed to write core dump. Minidumps are not enabled by default on client versions of Windows
#

---------------  T H R E A D  ---------------

Current thread (0x000000000880b000):  JavaThread "C2 CompilerThread1" daemon [_thread_in_native, id=9188, stack(0x0000000008ee0000,0x0000000008fe0000)]

Stack: [0x0000000008ee0000,0x0000000008fe0000]
[error occurred during error reporting (printing stack bounds), id 0xc0000005]

Native frames: (J=compiled Java code, j=interpreted, Vv=VM code, C=native code)


Current CompileTask:
C2:   3438 1351       4       com.android.dx.ssa.SCCP::simulateBlock (54 bytes)


---------------  P R O C E S S  ---------------

Java Threads: ( => current thread )
  0x0000000008ae8800 JavaThread "pool-1-thread-4" [_thread_blocked, id=5864, stack(0x00000000097e0000,0x00000000098e0000)]
  0x0000000008add800 JavaThread "pool-1-thread-3" [_thread_blocked, id=368, stack(0x00000000096e0000,0x00000000097e0000)]
  0x0000000008ad5000 JavaThread "pool-1-thread-2" [_thread_blocked, id=8628, stack(0x00000000095e0000,0x00000000096e0000)]
  0x0000000008ad2000 JavaThread "pool-2-thread-1" [_thread_blocked, id=8384, stack(0x00000000094e0000,0x00000000095e0000)]
  0x0000000008acf000 JavaThread "pool-1-thread-1" [_thread_blocked, id=8376, stack(0x00000000093e0000,0x00000000094e0000)]
  0x00000000088ad800 JavaThread "Service Thread" daemon [_thread_blocked, id=5160, stack(0x00000000091e0000,0x00000000092e0000)]
  0x0000000008820800 JavaThread "C1 CompilerThread3" daemon [_thread_blocked, id=7536, stack(0x00000000090e0000,0x00000000091e0000)]
  0x0000000008812000 JavaThread "C2 CompilerThread2" daemon [_thread_in_native, id=5476, stack(0x0000000008fe0000,0x00000000090e0000)]
=>0x000000000880b000 JavaThread "C2 CompilerThread1" daemon [_thread_in_native, id=9188, stack(0x0000000008ee0000,0x0000000008fe0000)]
  0x0000000008805800 JavaThread "C2 CompilerThread0" daemon [_thread_in_native, id=8272, stack(0x0000000008de0000,0x0000000008ee0000)]
  0x0000000008804000 JavaThread "Attach Listener" daemon [_thread_blocked, id=5408, stack(0x0000000008ce0000,0x0000000008de0000)]
  0x0000000008803000 JavaThread "Signal Dispatcher" daemon [_thread_blocked, id=3912, stack(0x0000000008be0000,0x0000000008ce0000)]
  0x0000000002bf3800 JavaThread "Finalizer" daemon [_thread_blocked, id=7764, stack(0x0000000008600000,0x0000000008700000)]
  0x000000000671d000 JavaThread "Reference Handler" daemon [_thread_blocked, id=2028, stack(0x0000000008500000,0x0000000008600000)]
  0x00000000029fd800 JavaThread "main" [_thread_blocked, id=8792, stack(0x0000000002a00000,0x0000000002b00000)]

Other Threads:
  0x0000000006718800 VMThread [stack: 0x0000000008400000,0x0000000008500000] [id=7328]
  0x00000000088c1800 WatcherThread [stack: 0x00000000092e0000,0x00000000093e0000] [id=5592]

VM state:not at safepoint (normal execution)

VM Mutex/Monitor currently owned by a thread: None

Heap:
 PSYoungGen      total 28672K, used 23397K [0x00000000eab00000, 0x00000000ee300000, 0x0000000100000000)
  eden space 24576K, 78% used [0x00000000eab00000,0x00000000ebddb4e8,0x00000000ec300000)
  from space 4096K, 99% used [0x00000000ec300000,0x00000000ec6fe178,0x00000000ec700000)
  to   space 4096K, 0% used [0x00000000edf00000,0x00000000edf00000,0x00000000ee300000)
 ParOldGen       total 65536K, used 1529K [0x00000000c0000000, 0x00000000c4000000, 0x00000000eab00000)
  object space 65536K, 2% used [0x00000000c0000000,0x00000000c017e470,0x00000000c4000000)
 Metaspace       used 5998K, capacity 7024K, committed 7296K, reserved 1056768K
  class space    used 594K, capacity 616K, committed 640K, reserved 1048576K

Card table byte_map: [0x0000000002fc0000,0x00000000031d0000] byte_map_base: 0x00000000029c0000

Marking Bits: (ParMarkBitMap*) 0x00000000619aa5b0
 Begin Bits: [0x0000000003b30000, 0x0000000004b30000)
 End Bits:   [0x0000000004b30000, 0x0000000005b30000)

Polling page: 0x0000000000a10000

CodeCache: size=245760Kb used=5819Kb max_used=5819Kb free=239940Kb
 bounds [0x000000000f010000, 0x000000000f5d0000, 0x000000001e010000]
 total_blobs=1656 nmethods=1387 adapters=182
 compilation: enabled

Compilation events (10 events):
Event: 3.416 Thread 0x0000000008820800 1398       3       java.io.DataInputStream::<init> (30 bytes)
Event: 3.417 Thread 0x0000000008820800 nmethod 1398 0x000000000f5c0650 code [0x000000000f5c07c0, 0x000000000f5c0c10]
Event: 3.417 Thread 0x0000000008820800 1394   !   3       java.util.zip.ZipFile::getInflater (56 bytes)
Event: 3.418 Thread 0x0000000008820800 nmethod 1394 0x000000000f5c0d90 code [0x000000000f5c0f80, 0x000000000f5c1b58]
Event: 3.418 Thread 0x0000000008820800 1395       3       java.util.ArrayDeque::poll (5 bytes)
Event: 3.418 Thread 0x0000000008820800 nmethod 1395 0x000000000f5c2190 code [0x000000000f5c2300, 0x000000000f5c24a8]
Event: 3.418 Thread 0x0000000008820800 1396       3       java.util.ArrayDeque::pollFirst (42 bytes)
Event: 3.418 Thread 0x0000000008820800 nmethod 1396 0x000000000f5c2550 code [0x000000000f5c26c0, 0x000000000f5c29f0]
Event: 3.418 Thread 0x0000000008820800 1399       3       java.lang.Character::forDigit (42 bytes)
Event: 3.418 Thread 0x0000000008820800 nmethod 1399 0x000000000f5c2b50 code [0x000000000f5c2cc0, 0x000000000f5c2f50]

GC Heap History (2 events):
Event: 1.806 GC heap before
{Heap before GC invocations=1 (full 0):
 PSYoungGen      total 28672K, used 24576K [0x00000000eab00000, 0x00000000ecb00000, 0x0000000100000000)
  eden space 24576K, 100% used [0x00000000eab00000,0x00000000ec300000,0x00000000ec300000)
  from space 4096K, 0% used [0x00000000ec700000,0x00000000ec700000,0x00000000ecb00000)
  to   space 4096K, 0% used [0x00000000ec300000,0x00000000ec300000,0x00000000ec700000)
 ParOldGen       total 65536K, used 0K [0x00000000c0000000, 0x00000000c4000000, 0x00000000eab00000)
  object space 65536K, 0% used [0x00000000c0000000,0x00000000c0000000,0x00000000c4000000)
 Metaspace       used 5807K, capacity 6832K, committed 7040K, reserved 1056768K
  class space    used 591K, capacity 616K, committed 640K, reserved 1048576K
Event: 1.940 GC heap after
Heap after GC invocations=1 (full 0):
 PSYoungGen      total 28672K, used 4088K [0x00000000eab00000, 0x00000000ee300000, 0x0000000100000000)
  eden space 24576K, 0% used [0x00000000eab00000,0x00000000eab00000,0x00000000ec300000)
  from space 4096K, 99% used [0x00000000ec300000,0x00000000ec6fe178,0x00000000ec700000)
  to   space 4096K, 0% used [0x00000000edf00000,0x00000000edf00000,0x00000000ee300000)
 ParOldGen       total 65536K, used 1529K [0x00000000c0000000, 0x00000000c4000000, 0x00000000eab00000)
  object space 65536K, 2% used [0x00000000c0000000,0x00000000c017e470,0x00000000c4000000)
 Metaspace       used 5807K, capacity 6832K, committed 7040K, reserved 1056768K
  class space    used 591K, capacity 616K, committed 640K, reserved 1048576K
}

Deoptimization events (10 events):
Event: 1.339 Thread 0x0000000008acf000 Uncommon trap: reason=class_check action=maybe_recompile pc=0x000000000f35804c method=com.android.dx.rop.type.Type.equals(Ljava/lang/Object;)Z @ 8
Event: 1.357 Thread 0x0000000008acf000 Uncommon trap: reason=class_check action=maybe_recompile pc=0x000000000f35804c method=com.android.dx.rop.type.Type.equals(Ljava/lang/Object;)Z @ 8
Event: 1.357 Thread 0x0000000008acf000 Uncommon trap: reason=class_check action=maybe_recompile pc=0x000000000f35804c method=com.android.dx.rop.type.Type.equals(Ljava/lang/Object;)Z @ 8
Event: 1.368 Thread 0x0000000008acf000 Uncommon trap: reason=null_check action=make_not_entrant pc=0x000000000f2e7194 method=com.android.dx.ssa.SsaRenamer.getLocalForNewReg(I)Lcom/android/dx/rop/code/LocalItem; @ 19
Event: 1.395 Thread 0x00000000029fd800 Uncommon trap: reason=null_check action=make_not_entrant pc=0x000000000f394ce0 method=com.android.dx.rop.type.Type.equals(Ljava/lang/Object;)Z @ 8
Event: 2.015 Thread 0x00000000029fd800 Uncommon trap: reason=unstable_if action=reinterpret pc=0x000000000f2e115c method=com.android.dx.rop.cst.Constant.compareTo(Lcom/android/dx/rop/cst/Constant;)I @ 12
Event: 3.056 Thread 0x00000000029fd800 Uncommon trap: reason=bimorphic action=maybe_recompile pc=0x000000000f3e7c5c method=java.util.HashMap.getNode(ILjava/lang/Object;)Ljava/util/HashMap$Node; @ 126
Event: 3.056 Thread 0x00000000029fd800 Uncommon trap: reason=class_check action=maybe_recompile pc=0x000000000f49c1fc method=java.util.HashMap.putVal(ILjava/lang/Object;Ljava/lang/Object;ZZ)Ljava/lang/Object; @ 203
Event: 3.056 Thread 0x00000000029fd800 Uncommon trap: reason=bimorphic action=maybe_recompile pc=0x000000000f3e7c5c method=java.util.HashMap.getNode(ILjava/lang/Object;)Ljava/util/HashMap$Node; @ 126
Event: 3.056 Thread 0x00000000029fd800 Uncommon trap: reason=class_check action=maybe_recompile pc=0x000000000f49c1fc method=java.util.HashMap.putVal(ILjava/lang/Object;Ljava/lang/Object;ZZ)Ljava/lang/Object; @ 203

Internal exceptions (4 events):
Event: 0.091 Thread 0x00000000029fd800 Exception <a 'java/lang/NoSuchMethodError': Method sun.misc.Unsafe.defineClass(Ljava/lang/String;[BII)Ljava/lang/Class; name or signature does not match> (0x00000000eab0d8e8) thrown at [C:\re\workspace\8-2-build-windows-amd64-cygwin\jdk8u60\4407\hotspot\sr»ò•’I·?
Event: 0.091 Thread 0x00000000029fd800 Exception <a 'java/lang/NoSuchMethodError': Method sun.misc.Unsafe.prefetchRead(Ljava/lang/Object;J)V name or signature does not match> (0x00000000eab0dbd0) thrown at [C:\re\workspace\8-2-build-windows-amd64-cygwin\jdk8u60\4407\hotspot\src\share\vm\prims\j,s¿4#äõ?
Event: 1.368 Thread 0x0000000008acf000 Implicit null exception at 0x000000000f2e5976 to 0x000000000f2e7149
Event: 1.395 Thread 0x00000000029fd800 Implicit null exception at 0x000000000f394be2 to 0x000000000f394cd2

Events (10 events):
Event: 3.369 loading class com/android/dx/cf/attrib/BaseParameterAnnotations
Event: 3.369 loading class com/android/dx/cf/attrib/BaseParameterAnnotations done
Event: 3.371 Thread 0x0000000008add800 DEOPT PACKING pc=0x000000000f3613c1 sp=0x00000000097de980
Event: 3.371 Thread 0x0000000008add800 DEOPT UNPACKING pc=0x000000000f05787f sp=0x00000000097de748 mode 0
Event: 3.375 loading class com/android/dx/dex/file/ParameterAnnotationStruct
Event: 3.375 loading class com/android/dx/dex/file/ParameterAnnotationStruct done
Event: 3.376 loading class com/android/dx/dex/file/UniformListItem
Event: 3.376 loading class com/android/dx/dex/file/UniformListItem done
Event: 3.377 loading class com/android/dx/dex/file/AnnotationSetRefItem
Event: 3.377 loading class com/android/dx/dex/file/AnnotationSetRefItem done


Dynamic libraries:
0x00007ff77e500000 - 0x00007ff77e537000 	C:\Program Files\Java\jdk1.8.0_60\bin\java.exe
0x00007ffc20340000 - 0x00007ffc204ec000 	C:\WINDOWS\SYSTEM32\ntdll.dll
0x00007ffc1dc90000 - 0x00007ffc1ddce000 	C:\WINDOWS\system32\KERNEL32.DLL
0x00007ffc1d660000 - 0x00007ffc1d775000 	C:\WINDOWS\system32\KERNELBASE.dll
0x00007ffc1bf00000 - 0x00007ffc1bf8e000 	C:\WINDOWS\system32\apphelp.dll
0x00007ffc16100000 - 0x00007ffc16153000 	C:\WINDOWS\AppPatch\AppPatch64\AcGenral.DLL
0x00007ffc1ea10000 - 0x00007ffc1eaba000 	C:\WINDOWS\system32\msvcrt.dll
0x00007ffc1d220000 - 0x00007ffc1d24e000 	C:\WINDOWS\SYSTEM32\SspiCli.dll
0x00007ffc1e9b0000 - 0x00007ffc1ea04000 	C:\WINDOWS\system32\SHLWAPI.dll
0x00007ffc1e5d0000 - 0x00007ffc1e747000 	C:\WINDOWS\system32\USER32.dll
0x00007ffc1e750000 - 0x00007ffc1e8e4000 	C:\WINDOWS\system32\ole32.dll
0x00007ffc1ece0000 - 0x00007ffc2020b000 	C:\WINDOWS\system32\SHELL32.dll
0x00007ffc1c9f0000 - 0x00007ffc1ca11000 	C:\WINDOWS\SYSTEM32\USERENV.dll
0x00007ffc1e520000 - 0x00007ffc1e5ca000 	C:\WINDOWS\system32\ADVAPI32.dll
0x00007ffc141a0000 - 0x00007ffc141be000 	C:\WINDOWS\SYSTEM32\MPR.dll
0x00007ffc1e310000 - 0x00007ffc1e451000 	C:\WINDOWS\system32\RPCRT4.dll
0x00007ffc1d9c0000 - 0x00007ffc1da19000 	C:\WINDOWS\SYSTEM32\sechost.dll
0x00007ffc1eac0000 - 0x00007ffc1ecd1000 	C:\WINDOWS\SYSTEM32\combase.dll
0x00007ffc1da30000 - 0x00007ffc1db7f000 	C:\WINDOWS\system32\GDI32.dll
0x00007ffc1d490000 - 0x00007ffc1d4a5000 	C:\WINDOWS\SYSTEM32\profapi.dll
0x00007ffc1bfa0000 - 0x00007ffc1c052000 	C:\WINDOWS\SYSTEM32\SHCORE.dll
0x00007ffc1dc50000 - 0x00007ffc1dc86000 	C:\WINDOWS\system32\IMM32.DLL
0x00007ffc1e1b0000 - 0x00007ffc1e302000 	C:\WINDOWS\system32\MSCTF.dll
0x00007ffc1d440000 - 0x00007ffc1d472000 	C:\WINDOWS\system32\nvinitx.dll
0x000000000f000000 - 0x000000000f006000 	C:\Program Files\NVIDIA Corporation\CoProcManager\_etoured.dll
0x00007ffc1bc00000 - 0x00007ffc1bc33000 	C:\Program Files\NVIDIA Corporation\CoProcManager\nvd3d9wrapx.dll
0x00007ffc1df80000 - 0x00007ffc1e15a000 	C:\WINDOWS\system32\SETUPAPI.dll
0x00007ffc1d610000 - 0x00007ffc1d65f000 	C:\WINDOWS\system32\CFGMGR32.dll
0x00007ffc1bbd0000 - 0x00007ffc1bbf3000 	C:\Program Files\NVIDIA Corporation\CoProcManager\nvdxgiwrapx.dll
0x00007ffc1b580000 - 0x00007ffc1b7fb000 	C:\WINDOWS\WinSxS\amd64_microsoft.windows.common-controls_6595b64144ccf1df_6.0.9600.18006_none_623f33d3ecbe86e8\COMCTL32.dll
0x00000000610c0000 - 0x0000000061192000 	C:\Program Files\Java\jdk1.8.0_60\jre\bin\msvcr100.dll
0x00000000611a0000 - 0x0000000061a29000 	C:\Program Files\Java\jdk1.8.0_60\jre\bin\server\jvm.dll
0x00007ffc15420000 - 0x00007ffc15429000 	C:\WINDOWS\SYSTEM32\WSOCK32.dll
0x00007ffc1b800000 - 0x00007ffc1b822000 	C:\WINDOWS\SYSTEM32\WINMM.dll
0x00007ffc1bf90000 - 0x00007ffc1bf9a000 	C:\WINDOWS\SYSTEM32\VERSION.dll
0x00007ffc1e190000 - 0x00007ffc1e197000 	C:\WINDOWS\system32\PSAPI.DLL
0x00007ffc1dbf0000 - 0x00007ffc1dc4a000 	C:\WINDOWS\system32\WS2_32.dll
0x00007ffc1b360000 - 0x00007ffc1b38a000 	C:\WINDOWS\SYSTEM32\WINMMBASE.dll
0x00007ffc1e1a0000 - 0x00007ffc1e1a9000 	C:\WINDOWS\system32\NSI.dll
0x00007ffc1c260000 - 0x00007ffc1c288000 	C:\WINDOWS\SYSTEM32\DEVOBJ.dll
0x0000000065600000 - 0x000000006560f000 	C:\Program Files\Java\jdk1.8.0_60\jre\bin\verify.dll
0x00000000655d0000 - 0x00000000655f9000 	C:\Program Files\Java\jdk1.8.0_60\jre\bin\java.dll
0x00000000655b0000 - 0x00000000655c6000 	C:\Program Files\Java\jdk1.8.0_60\jre\bin\zip.dll

VM Arguments:
jvm_args: -Djava.awt.headless=true -Xmx1024M -Dfile.encoding=windows-1252 -Duser.country=US -Duser.language=en -Duser.variant 
java_command: com.android.dx.command.Main --dex --num-threads=4 --output C:\Users\Emin\AndroidStudioProjects\Ribbit\app\build\intermediates\pre-dexed\debug\com.android.support-recyclerview-v7-23.1.1_947532719801b3137de3fda8d46777666906d2f1.jar C:\Users\Emin\AndroidStudioProjects\Ribbit\app\build\intermediates\exploded-aar\com.android.support\recyclerview-v7\23.1.1\jars\classes.jar
java_class_path (initial): C:\Users\Emin\AppData\Local\Android\sdk1\build-tools\23.0.1\lib\dx.jar
Launcher Type: SUN_STANDARD

Environment Variables:
PATH=C:\ProgramData\Oracle\Java\javapath;C:\Program Files (x86)\NVIDIA Corporation\PhysX\Common;C:\WINDOWS\system32;C:\WINDOWS;C:\WINDOWS\System32\Wbem;C:\WINDOWS\System32\WindowsPowerShell\v1.0\;C:\Program Files (x86)\Microsoft SQL Server\100\Tools\Binn\;C:\Program Files\Microsoft SQL Server\100\Tools\Binn\;C:\Program Files\Microsoft SQL Server\100\DTS\Binn\;C:\Program Files\Microsoft\Web Platform Installer\;C:\Program Files (x86)\Microsoft ASP.NET\ASP.NET Web Pages\v1.0\;C:\Program Files\Microsoft SQL Server\110\Tools\Binn\;C:\Program Files\Microsoft SQL Server\110\DTS\Binn\;C:\Program Files (x86)\Microsoft SQL Server\110\Tools\Binn\;C:\Program Files (x86)\Microsoft SQL Server\110\Tools\Binn\ManagementStudio\;C:\Program Files (x86)\Microsoft Visual Studio 10.0\Common7\IDE\PrivateAssemblies\;C:\Program Files (x86)\Microsoft SQL Server\110\DTS\Binn\;C:\Program Files\MySQL\MySQL Enterprise Backup 3.10.1\;C:\Program Files (x86)\MySQL\MySQL Utilities 1.3.6\;C:\Program Files (x86)\Skype\Phone\
USERNAME=Emin
OS=Windows_NT
PROCESSOR_IDENTIFIER=Intel64 Family 6 Model 42 Stepping 7, GenuineIntel



---------------  S Y S T E M  ---------------

OS: Windows 8.1 , 64 bit Build 9600 (6.3.9600.17415)

CPU:total 8 (4 cores per cpu, 2 threads per core) family 6 model 42 stepping 7, cmov, cx8, fxsr, mmx, sse, sse2, sse3, ssse3, sse4.1, sse4.2, popcnt, avx, aes, clmul, ht, tsc, tscinvbit

Memory: 4k page, physical 6194232k(1015132k free), swap 9339960k(5148k free)

vm_info: Java HotSpot(TM) 64-Bit Server VM (25.60-b23) for windows-amd64 JRE (1.8.0_60-b27), built on Aug  4 2015 11:06:27 by "java_re" with MS VC++ 10.0 (VS2010)

time: Mon Dec 14 01:07:50 2015
elapsed time: 3 seconds (0d 0h 0m 3s)

