#
# There is insufficient memory for the Java Runtime Environment to continue.
# Native memory allocation (malloc) failed to allocate 32744 bytes for ChunkPool::allocate
# Possible reasons:
#   The system is out of physical RAM or swap space
#   In 32 bit mode, the process size limit was hit
# Possible solutions:
#   Reduce memory load on the system
#   Increase physical memory or swap space
#   Check if swap backing store is full
#   Use 64 bit Java on a 64 bit OS
#   Decrease Java heap size (-Xmx/-Xms)
#   Decrease number of Java threads
#   Decrease Java thread stack sizes (-Xss)
#   Set larger code cache with -XX:ReservedCodeCacheSize=
# This output file may be truncated or incomplete.
#
#  Out of Memory Error (allocation.cpp:273), pid=1456, tid=2256
#
# JRE version: Java(TM) SE Runtime Environment (8.0_60-b27) (build 1.8.0_60-b27)
# Java VM: Java HotSpot(TM) 64-Bit Server VM (25.60-b23 mixed mode windows-amd64 compressed oops)
# Failed to write core dump. Minidumps are not enabled by default on client versions of Windows
#

---------------  T H R E A D  ---------------

Current thread (0x0000000008ac3800):  JavaThread "C1 CompilerThread3" daemon [_thread_in_native, id=2256, stack(0x0000000009330000,0x0000000009430000)]

Stack: [0x0000000009330000,0x0000000009430000]
[error occurred during error reporting (printing stack bounds), id 0xc0000005]

Native frames: (J=compiled Java code, j=interpreted, Vv=VM code, C=native code)


Current CompileTask:
C1:   3130  478   !   3       com.android.dx.cf.code.BytecodeArray::parseInstruction (2764 bytes)


---------------  P R O C E S S  ---------------

Java Threads: ( => current thread )
  0x0000000008d25000 JavaThread "pool-1-thread-4" [_thread_in_Java, id=7336, stack(0x0000000009a30000,0x0000000009b30000)]
  0x0000000008d22800 JavaThread "pool-1-thread-3" [_thread_in_Java, id=8812, stack(0x0000000009930000,0x0000000009a30000)]
  0x0000000008d19000 JavaThread "pool-1-thread-2" [_thread_in_Java, id=6036, stack(0x0000000009830000,0x0000000009930000)]
  0x0000000008d18800 JavaThread "pool-2-thread-1" [_thread_blocked, id=8344, stack(0x0000000009730000,0x0000000009830000)]
  0x0000000008d11800 JavaThread "pool-1-thread-1" [_thread_in_vm, id=4808, stack(0x0000000009630000,0x0000000009730000)]
  0x0000000008af4000 JavaThread "Service Thread" daemon [_thread_blocked, id=8948, stack(0x0000000009430000,0x0000000009530000)]
=>0x0000000008ac3800 JavaThread "C1 CompilerThread3" daemon [_thread_in_native, id=2256, stack(0x0000000009330000,0x0000000009430000)]
  0x0000000008aad000 JavaThread "C2 CompilerThread2" daemon [_thread_blocked, id=8624, stack(0x0000000009230000,0x0000000009330000)]
  0x0000000008aa8000 JavaThread "C2 CompilerThread1" daemon [_thread_blocked, id=6932, stack(0x0000000009130000,0x0000000009230000)]
  0x0000000008a55800 JavaThread "C2 CompilerThread0" daemon [_thread_blocked, id=6796, stack(0x0000000009030000,0x0000000009130000)]
  0x0000000008a54000 JavaThread "Attach Listener" daemon [_thread_blocked, id=1692, stack(0x0000000008f30000,0x0000000009030000)]
  0x0000000008a53800 JavaThread "Signal Dispatcher" daemon [_thread_blocked, id=5000, stack(0x0000000008e30000,0x0000000008f30000)]
  0x0000000002e43800 JavaThread "Finalizer" daemon [_thread_blocked, id=9188, stack(0x0000000008850000,0x0000000008950000)]
  0x000000000696d000 JavaThread "Reference Handler" daemon [_thread_blocked, id=5816, stack(0x0000000008750000,0x0000000008850000)]
  0x0000000002d4d800 JavaThread "main" [_thread_in_Java, id=5188, stack(0x0000000002c00000,0x0000000002d00000)]

Other Threads:
  0x0000000006968800 VMThread [stack: 0x0000000008650000,0x0000000008750000] [id=7324]
  0x0000000008af7800 WatcherThread [stack: 0x0000000009530000,0x0000000009630000] [id=3780]

VM state:not at safepoint (normal execution)

VM Mutex/Monitor currently owned by a thread: None

Heap:
 PSYoungGen      total 28672K, used 12112K [0x00000000eab00000, 0x00000000ecb00000, 0x0000000100000000)
  eden space 24576K, 49% used [0x00000000eab00000,0x00000000eb6d40c8,0x00000000ec300000)
  from space 4096K, 0% used [0x00000000ec700000,0x00000000ec700000,0x00000000ecb00000)
  to   space 4096K, 0% used [0x00000000ec300000,0x00000000ec300000,0x00000000ec700000)
 ParOldGen       total 65536K, used 0K [0x00000000c0000000, 0x00000000c4000000, 0x00000000eab00000)
  object space 65536K, 0% used [0x00000000c0000000,0x00000000c0000000,0x00000000c4000000)
 Metaspace       used 5376K, capacity 6512K, committed 6784K, reserved 1056768K
  class space    used 585K, capacity 616K, committed 640K, reserved 1048576K

Card table byte_map: [0x0000000003210000,0x0000000003420000] byte_map_base: 0x0000000002c10000

Marking Bits: (ParMarkBitMap*) 0x00000000619aa5b0
 Begin Bits: [0x0000000003d80000, 0x0000000004d80000)
 End Bits:   [0x0000000004d80000, 0x0000000005d80000)

Polling page: 0x0000000000d60000

CodeCache: size=245760Kb used=2104Kb max_used=2116Kb free=243655Kb
 bounds [0x000000000f010000, 0x000000000f280000, 0x000000001e010000]
 total_blobs=748 nmethods=479 adapters=182
 compilation: enabled

Compilation events (10 events):
Event: 3.101 Thread 0x0000000008ac3800  449       1       com.android.dx.rop.type.Type::isConstant (2 bytes)
Event: 3.101 Thread 0x0000000008ac3800 nmethod 449 0x000000000f21ca90 code [0x000000000f21cbe0, 0x000000000f21ccf0]
Event: 3.101 Thread 0x0000000008ac3800  473       1       com.android.dx.rop.cst.CstLiteral32::getIntBits (5 bytes)
Event: 3.101 Thread 0x0000000008ac3800 nmethod 473 0x000000000f21cd50 code [0x000000000f21cea0, 0x000000000f21cfb0]
Event: 3.104 Thread 0x0000000008ac3800  477       3       com.android.dx.rop.cst.Constant::compareTo (9 bytes)
Event: 3.105 Thread 0x0000000008ac3800 nmethod 477 0x000000000f21ffd0 code [0x000000000f2201a0, 0x000000000f220ab8]
Event: 3.105 Thread 0x0000000008ac3800  481       3       com.android.dx.util.LabeledList::addLabelIndex (43 bytes)
Event: 3.105 Thread 0x0000000008aad000 nmethod 476 0x000000000f220dd0 code [0x000000000f220f40, 0x000000000f2212e8]
Event: 3.105 Thread 0x0000000008ac3800 nmethod 481 0x000000000f21f850 code [0x000000000f21f9e0, 0x000000000f21fe38]
Event: 3.105 Thread 0x0000000008ac3800  478   !   3       com.android.dx.cf.code.BytecodeArray::parseInstruction (2764 bytes)

GC Heap History (0 events):
No events

Deoptimization events (0 events):
No events

Internal exceptions (2 events):
Event: 0.410 Thread 0x0000000002d4d800 Exception <a 'java/lang/NoSuchMethodError': Method sun.misc.Unsafe.defineClass(Ljava/lang/String;[BII)Ljava/lang/Class; name or signature does not match> (0x00000000eab0da40) thrown at [C:\re\workspace\8-2-build-windows-amd64-cygwin\jdk8u60\4407\hotspot\sr@™­AÚ?
Event: 0.410 Thread 0x0000000002d4d800 Exception <a 'java/lang/NoSuchMethodError': Method sun.misc.Unsafe.prefetchRead(Ljava/lang/Object;J)V name or signature does not match> (0x00000000eab0dd28) thrown at [C:\re\workspace\8-2-build-windows-amd64-cygwin\jdk8u60\4407\hotspot\src\share\vm\prims\j

Events (10 events):
Event: 3.061 loading class com/android/dx/ssa/PhiInsn$Operand
Event: 3.061 loading class com/android/dx/ssa/PhiInsn$Operand done
Event: 3.065 loading class com/android/dx/rop/code/RegOps
Event: 3.065 loading class com/android/dx/rop/code/RegOps done
Event: 3.071 loading class com/android/dx/rop/cst/CstArray$List
Event: 3.071 loading class com/android/dx/rop/cst/CstArray$List done
Event: 3.073 loading class com/android/dx/dex/file/FieldAnnotationStruct
Event: 3.073 loading class com/android/dx/dex/file/FieldAnnotationStruct done
Event: 3.083 loading class com/android/dx/ssa/back/FirstFitLocalCombiningAllocator$Multiset
Event: 3.083 loading class com/android/dx/ssa/back/FirstFitLocalCombiningAllocator$Multiset done


Dynamic libraries:
0x00007ff7db750000 - 0x00007ff7db787000 	C:\Program Files\Java\jdk1.8.0_60\bin\java.exe
0x00007ffc20340000 - 0x00007ffc204ec000 	C:\WINDOWS\SYSTEM32\ntdll.dll
0x00007ffc1dc90000 - 0x00007ffc1ddce000 	C:\WINDOWS\system32\KERNEL32.DLL
0x00007ffc1d660000 - 0x00007ffc1d775000 	C:\WINDOWS\system32\KERNELBASE.dll
0x00007ffc1bf00000 - 0x00007ffc1bf8e000 	C:\WINDOWS\system32\apphelp.dll
0x00007ffc1a630000 - 0x00007ffc1a683000 	C:\WINDOWS\AppPatch\AppPatch64\AcGenral.DLL
0x00007ffc1ea10000 - 0x00007ffc1eaba000 	C:\WINDOWS\system32\msvcrt.dll
0x00007ffc1d220000 - 0x00007ffc1d24e000 	C:\WINDOWS\SYSTEM32\SspiCli.dll
0x00007ffc1e9b0000 - 0x00007ffc1ea04000 	C:\WINDOWS\system32\SHLWAPI.dll
0x00007ffc1e5d0000 - 0x00007ffc1e747000 	C:\WINDOWS\system32\USER32.dll
0x00007ffc1e750000 - 0x00007ffc1e8e4000 	C:\WINDOWS\system32\ole32.dll
0x00007ffc1ece0000 - 0x00007ffc2020b000 	C:\WINDOWS\system32\SHELL32.dll
0x00007ffc1c9f0000 - 0x00007ffc1ca11000 	C:\WINDOWS\SYSTEM32\USERENV.dll
0x00007ffc1e520000 - 0x00007ffc1e5ca000 	C:\WINDOWS\system32\ADVAPI32.dll
0x00007ffc141a0000 - 0x00007ffc141be000 	C:\WINDOWS\SYSTEM32\MPR.dll
0x00007ffc1e310000 - 0x00007ffc1e451000 	C:\WINDOWS\system32\RPCRT4.dll
0x00007ffc1d9c0000 - 0x00007ffc1da19000 	C:\WINDOWS\SYSTEM32\sechost.dll
0x00007ffc1eac0000 - 0x00007ffc1ecd1000 	C:\WINDOWS\SYSTEM32\combase.dll
0x00007ffc1da30000 - 0x00007ffc1db7f000 	C:\WINDOWS\system32\GDI32.dll
0x00007ffc1d490000 - 0x00007ffc1d4a5000 	C:\WINDOWS\SYSTEM32\profapi.dll
0x00007ffc1bfa0000 - 0x00007ffc1c052000 	C:\WINDOWS\SYSTEM32\SHCORE.dll
0x00007ffc1dc50000 - 0x00007ffc1dc86000 	C:\WINDOWS\system32\IMM32.DLL
0x00007ffc1e1b0000 - 0x00007ffc1e302000 	C:\WINDOWS\system32\MSCTF.dll
0x00007ffc1d440000 - 0x00007ffc1d472000 	C:\WINDOWS\system32\nvinitx.dll
0x000000000f000000 - 0x000000000f006000 	C:\Program Files\NVIDIA Corporation\CoProcManager\_etoured.dll
0x00007ffc1bc00000 - 0x00007ffc1bc33000 	C:\Program Files\NVIDIA Corporation\CoProcManager\nvd3d9wrapx.dll
0x00007ffc1df80000 - 0x00007ffc1e15a000 	C:\WINDOWS\system32\SETUPAPI.dll
0x00007ffc1d610000 - 0x00007ffc1d65f000 	C:\WINDOWS\system32\CFGMGR32.dll
0x00007ffc1bbd0000 - 0x00007ffc1bbf3000 	C:\Program Files\NVIDIA Corporation\CoProcManager\nvdxgiwrapx.dll
0x00007ffc1b580000 - 0x00007ffc1b7fb000 	C:\WINDOWS\WinSxS\amd64_microsoft.windows.common-controls_6595b64144ccf1df_6.0.9600.18006_none_623f33d3ecbe86e8\COMCTL32.dll
0x00000000610c0000 - 0x0000000061192000 	C:\Program Files\Java\jdk1.8.0_60\jre\bin\msvcr100.dll
0x00000000611a0000 - 0x0000000061a29000 	C:\Program Files\Java\jdk1.8.0_60\jre\bin\server\jvm.dll
0x00007ffc15420000 - 0x00007ffc15429000 	C:\WINDOWS\SYSTEM32\WSOCK32.dll
0x00007ffc1b800000 - 0x00007ffc1b822000 	C:\WINDOWS\SYSTEM32\WINMM.dll
0x00007ffc1bf90000 - 0x00007ffc1bf9a000 	C:\WINDOWS\SYSTEM32\VERSION.dll
0x00007ffc1e190000 - 0x00007ffc1e197000 	C:\WINDOWS\system32\PSAPI.DLL
0x00007ffc1dbf0000 - 0x00007ffc1dc4a000 	C:\WINDOWS\system32\WS2_32.dll
0x00007ffc1b360000 - 0x00007ffc1b38a000 	C:\WINDOWS\SYSTEM32\WINMMBASE.dll
0x00007ffc1e1a0000 - 0x00007ffc1e1a9000 	C:\WINDOWS\system32\NSI.dll
0x00007ffc1c260000 - 0x00007ffc1c288000 	C:\WINDOWS\SYSTEM32\DEVOBJ.dll
0x00000000637b0000 - 0x00000000637bf000 	C:\Program Files\Java\jdk1.8.0_60\jre\bin\verify.dll
0x0000000063780000 - 0x00000000637a9000 	C:\Program Files\Java\jdk1.8.0_60\jre\bin\java.dll
0x0000000063760000 - 0x0000000063776000 	C:\Program Files\Java\jdk1.8.0_60\jre\bin\zip.dll

VM Arguments:
jvm_args: -Djava.awt.headless=true -Xmx1024M -Dfile.encoding=windows-1252 -Duser.country=US -Duser.language=en -Duser.variant 
java_command: com.android.dx.command.Main --dex --num-threads=4 --output C:\Users\Emin\AndroidStudioProjects\Ribbit\app\build\intermediates\pre-dexed\debug\com.android.support-design-23.1.1_ee6a87c47f5c4a7b3390495c01a700a190bb6f8b.jar C:\Users\Emin\AndroidStudioProjects\Ribbit\app\build\intermediates\exploded-aar\com.android.support\design\23.1.1\jars\classes.jar
java_class_path (initial): C:\Users\Emin\AppData\Local\Android\sdk1\build-tools\23.0.1\lib\dx.jar
Launcher Type: SUN_STANDARD

Environment Variables:
PATH=C:\ProgramData\Oracle\Java\javapath;C:\Program Files (x86)\NVIDIA Corporation\PhysX\Common;C:\WINDOWS\system32;C:\WINDOWS;C:\WINDOWS\System32\Wbem;C:\WINDOWS\System32\WindowsPowerShell\v1.0\;C:\Program Files (x86)\Microsoft SQL Server\100\Tools\Binn\;C:\Program Files\Microsoft SQL Server\100\Tools\Binn\;C:\Program Files\Microsoft SQL Server\100\DTS\Binn\;C:\Program Files\Microsoft\Web Platform Installer\;C:\Program Files (x86)\Microsoft ASP.NET\ASP.NET Web Pages\v1.0\;C:\Program Files\Microsoft SQL Server\110\Tools\Binn\;C:\Program Files\Microsoft SQL Server\110\DTS\Binn\;C:\Program Files (x86)\Microsoft SQL Server\110\Tools\Binn\;C:\Program Files (x86)\Microsoft SQL Server\110\Tools\Binn\ManagementStudio\;C:\Program Files (x86)\Microsoft Visual Studio 10.0\Common7\IDE\PrivateAssemblies\;C:\Program Files (x86)\Microsoft SQL Server\110\DTS\Binn\;C:\Program Files\MySQL\MySQL Enterprise Backup 3.10.1\;C:\Program Files (x86)\MySQL\MySQL Utilities 1.3.6\;C:\Program Files (x86)\Skype\Phone\
USERNAME=Emin
OS=Windows_NT
PROCESSOR_IDENTIFIER=Intel64 Family 6 Model 42 Stepping 7, GenuineIntel



---------------  S Y S T E M  ---------------

OS: Windows 8.1 , 64 bit Build 9600 (6.3.9600.17415)

CPU:total 8 (4 cores per cpu, 2 threads per core) family 6 model 42 stepping 7, cmov, cx8, fxsr, mmx, sse, sse2, sse3, ssse3, sse4.1, sse4.2, popcnt, avx, aes, clmul, ht, tsc, tscinvbit

Memory: 4k page, physical 6194232k(1156060k free), swap 9339960k(5712k free)

vm_info: Java HotSpot(TM) 64-Bit Server VM (25.60-b23) for windows-amd64 JRE (1.8.0_60-b27), built on Aug  4 2015 11:06:27 by "java_re" with MS VC++ 10.0 (VS2010)

time: Mon Dec 14 14:44:01 2015
elapsed time: 3 seconds (0d 0h 0m 3s)

