#
# There is insufficient memory for the Java Runtime Environment to continue.
# Native memory allocation (malloc) failed to allocate 32744 bytes for ChunkPool::allocate
# Possible reasons:
#   The system is out of physical RAM or swap space
#   In 32 bit mode, the process size limit was hit
# Possible solutions:
#   Reduce memory load on the system
#   Increase physical memory or swap space
#   Check if swap backing store is full
#   Use 64 bit Java on a 64 bit OS
#   Decrease Java heap size (-Xmx/-Xms)
#   Decrease number of Java threads
#   Decrease Java thread stack sizes (-Xss)
#   Set larger code cache with -XX:ReservedCodeCacheSize=
# This output file may be truncated or incomplete.
#
#  Out of Memory Error (allocation.cpp:273), pid=6256, tid=6252
#
# JRE version: Java(TM) SE Runtime Environment (8.0_60-b27) (build 1.8.0_60-b27)
# Java VM: Java HotSpot(TM) 64-Bit Server VM (25.60-b23 mixed mode windows-amd64 compressed oops)
# Failed to write core dump. Minidumps are not enabled by default on client versions of Windows
#

---------------  T H R E A D  ---------------

Current thread (0x0000000008cb7000):  JavaThread "C2 CompilerThread0" daemon [_thread_in_native, id=6252, stack(0x0000000009290000,0x0000000009390000)]

Stack: [0x0000000009290000,0x0000000009390000]
[error occurred during error reporting (printing stack bounds), id 0xc0000005]

Native frames: (J=compiled Java code, j=interpreted, Vv=VM code, C=native code)


Current CompileTask:
C2:   1707  673       4       com.android.dx.ssa.SsaBasicBlock::forEachInsn (37 bytes)


---------------  P R O C E S S  ---------------

Java Threads: ( => current thread )
  0x0000000008e84800 JavaThread "pool-1-thread-4" [_thread_blocked, id=5736, stack(0x0000000009c90000,0x0000000009d90000)]
  0x0000000008e7f000 JavaThread "pool-1-thread-3" [_thread_in_Java, id=6156, stack(0x0000000009b90000,0x0000000009c90000)]
  0x0000000008e7d800 JavaThread "pool-1-thread-2" [_thread_blocked, id=9120, stack(0x0000000009a90000,0x0000000009b90000)]
  0x0000000008e7c800 JavaThread "pool-2-thread-1" [_thread_blocked, id=8720, stack(0x0000000009990000,0x0000000009a90000)]
  0x0000000008e7b800 JavaThread "pool-1-thread-1" [_thread_in_Java, id=5480, stack(0x0000000009890000,0x0000000009990000)]
  0x0000000008ccc800 JavaThread "Service Thread" daemon [_thread_blocked, id=8916, stack(0x0000000009690000,0x0000000009790000)]
  0x0000000008cc6800 JavaThread "C1 CompilerThread3" daemon [_thread_blocked, id=8420, stack(0x0000000009590000,0x0000000009690000)]
  0x0000000008cbf000 JavaThread "C2 CompilerThread2" daemon [_thread_blocked, id=1376, stack(0x0000000009490000,0x0000000009590000)]
  0x0000000008cbc000 JavaThread "C2 CompilerThread1" daemon [_thread_blocked, id=1076, stack(0x0000000009390000,0x0000000009490000)]
=>0x0000000008cb7000 JavaThread "C2 CompilerThread0" daemon [_thread_in_native, id=6252, stack(0x0000000009290000,0x0000000009390000)]
  0x0000000008cb5800 JavaThread "Attach Listener" daemon [_thread_blocked, id=1504, stack(0x0000000009190000,0x0000000009290000)]
  0x0000000008cb5000 JavaThread "Signal Dispatcher" daemon [_thread_blocked, id=5160, stack(0x0000000009090000,0x0000000009190000)]
  0x00000000030b5000 JavaThread "Finalizer" daemon [_thread_blocked, id=8996, stack(0x0000000008ab0000,0x0000000008bb0000)]
  0x00000000030b4000 JavaThread "Reference Handler" daemon [_thread_blocked, id=6648, stack(0x00000000089b0000,0x0000000008ab0000)]
  0x0000000000fdd800 JavaThread "main" [_thread_blocked, id=4404, stack(0x0000000002e70000,0x0000000002f70000)]

Other Threads:
  0x0000000006bd9800 VMThread [stack: 0x00000000088b0000,0x00000000089b0000] [id=6824]
  0x0000000008d75800 WatcherThread [stack: 0x0000000009790000,0x0000000009890000] [id=8712]

VM state:not at safepoint (normal execution)

VM Mutex/Monitor currently owned by a thread: None

Heap:
 PSYoungGen      total 28672K, used 13583K [0x00000000eab00000, 0x00000000ecb00000, 0x0000000100000000)
  eden space 24576K, 55% used [0x00000000eab00000,0x00000000eb843cc0,0x00000000ec300000)
  from space 4096K, 0% used [0x00000000ec700000,0x00000000ec700000,0x00000000ecb00000)
  to   space 4096K, 0% used [0x00000000ec300000,0x00000000ec300000,0x00000000ec700000)
 ParOldGen       total 65536K, used 0K [0x00000000c0000000, 0x00000000c4000000, 0x00000000eab00000)
  object space 65536K, 0% used [0x00000000c0000000,0x00000000c0000000,0x00000000c4000000)
 Metaspace       used 5516K, capacity 6576K, committed 6784K, reserved 1056768K
  class space    used 591K, capacity 616K, committed 640K, reserved 1048576K

Card table byte_map: [0x0000000003480000,0x0000000003690000] byte_map_base: 0x0000000002e80000

Marking Bits: (ParMarkBitMap*) 0x00000000619aa5b0
 Begin Bits: [0x0000000003ff0000, 0x0000000004ff0000)
 End Bits:   [0x0000000004ff0000, 0x0000000005ff0000)

Polling page: 0x0000000000df0000

CodeCache: size=245760Kb used=2538Kb max_used=2549Kb free=243221Kb
 bounds [0x000000000f010000, 0x000000000f290000, 0x000000001e010000]
 total_blobs=922 nmethods=653 adapters=182
 compilation: enabled

Compilation events (10 events):
Event: 1.483 Thread 0x0000000008cb7000  663       4       java.util.BitSet::nextSetBit (102 bytes)
Event: 1.484 Thread 0x0000000008cbf000  664       4       java.util.HashMap::get (23 bytes)
Event: 1.486 Thread 0x0000000008cb7000 nmethod 663 0x000000000f283410 code [0x000000000f283560, 0x000000000f283698]
Event: 1.678 Thread 0x0000000008cb7000  666   !   4       com.android.dx.util.FixedSizeList::<init> (36 bytes)
Event: 1.680 Thread 0x0000000008cb7000 nmethod 666 0x000000000f2830d0 code [0x000000000f283220, 0x000000000f283358]
Event: 1.694 Thread 0x0000000008cb7000  667       4       java.util.ArrayList::isEmpty (13 bytes)
Event: 1.695 Thread 0x0000000008cb7000 nmethod 667 0x000000000f253610 code [0x000000000f253740, 0x000000000f2537b8]
Event: 1.695 Thread 0x0000000008cb7000  668   !   4       com.android.dx.util.FixedSizeList::set0 (22 bytes)
Event: 1.696 Thread 0x0000000008cb7000 nmethod 668 0x000000000f28f0d0 code [0x000000000f28f220, 0x000000000f28f338]
Event: 1.699 Thread 0x0000000008cb7000  673       4       com.android.dx.ssa.SsaBasicBlock::forEachInsn (37 bytes)

GC Heap History (0 events):
No events

Deoptimization events (2 events):
Event: 1.425 Thread 0x0000000008e84800 Uncommon trap: reason=unstable_if action=reinterpret pc=0x000000000f2079f0 method=java.util.BitSet.nextSetBit(I)I @ 87
Event: 1.467 Thread 0x0000000008e84800 Uncommon trap: reason=unstable_if action=reinterpret pc=0x000000000f20aedc method=java.util.HashMap.getNode(ILjava/lang/Object;)Ljava/util/HashMap$Node; @ 129

Internal exceptions (2 events):
Event: 0.077 Thread 0x0000000000fdd800 Exception <a 'java/lang/NoSuchMethodError': Method sun.misc.Unsafe.defineClass(Ljava/lang/String;[BII)Ljava/lang/Class; name or signature does not match> (0x00000000eab0d8d0) thrown at [C:\re\workspace\8-2-build-windows-amd64-cygwin\jdk8u60\4407\hotspot\srå6¯Ù‚½³?
Event: 0.077 Thread 0x0000000000fdd800 Exception <a 'java/lang/NoSuchMethodError': Method sun.misc.Unsafe.prefetchRead(Ljava/lang/Object;J)V name or signature does not match> (0x00000000eab0dbb8) thrown at [C:\re\workspace\8-2-build-windows-amd64-cygwin\jdk8u60\4407\hotspot\src\share\vm\prims\j

Events (10 events):
Event: 1.478 loading class java/util/HashMap$Values
Event: 1.478 loading class java/util/HashMap$Values done
Event: 1.478 loading class java/util/HashMap$ValueIterator
Event: 1.478 loading class java/util/HashMap$ValueIterator done
Event: 1.696 loading class java/util/HashMap$KeySet
Event: 1.696 loading class java/util/HashMap$KeySet done
Event: 1.696 loading class java/util/HashMap$KeyIterator
Event: 1.696 loading class java/util/HashMap$KeyIterator done
Event: 1.702 loading class java/util/ArrayList$1
Event: 1.702 loading class java/util/ArrayList$1 done


Dynamic libraries:
0x00007ff77e500000 - 0x00007ff77e537000 	C:\Program Files\Java\jdk1.8.0_60\bin\java.exe
0x00007ffc20340000 - 0x00007ffc204ec000 	C:\WINDOWS\SYSTEM32\ntdll.dll
0x00007ffc1dc90000 - 0x00007ffc1ddce000 	C:\WINDOWS\system32\KERNEL32.DLL
0x00007ffc1d660000 - 0x00007ffc1d775000 	C:\WINDOWS\system32\KERNELBASE.dll
0x00007ffc1bf00000 - 0x00007ffc1bf8e000 	C:\WINDOWS\system32\apphelp.dll
0x00007ffc16100000 - 0x00007ffc16153000 	C:\WINDOWS\AppPatch\AppPatch64\AcGenral.DLL
0x00007ffc1ea10000 - 0x00007ffc1eaba000 	C:\WINDOWS\system32\msvcrt.dll
0x00007ffc1d220000 - 0x00007ffc1d24e000 	C:\WINDOWS\SYSTEM32\SspiCli.dll
0x00007ffc1e9b0000 - 0x00007ffc1ea04000 	C:\WINDOWS\system32\SHLWAPI.dll
0x00007ffc1e5d0000 - 0x00007ffc1e747000 	C:\WINDOWS\system32\USER32.dll
0x00007ffc1e750000 - 0x00007ffc1e8e4000 	C:\WINDOWS\system32\ole32.dll
0x00007ffc1ece0000 - 0x00007ffc2020b000 	C:\WINDOWS\system32\SHELL32.dll
0x00007ffc1c9f0000 - 0x00007ffc1ca11000 	C:\WINDOWS\SYSTEM32\USERENV.dll
0x00007ffc1e520000 - 0x00007ffc1e5ca000 	C:\WINDOWS\system32\ADVAPI32.dll
0x00007ffc141a0000 - 0x00007ffc141be000 	C:\WINDOWS\SYSTEM32\MPR.dll
0x00007ffc1e310000 - 0x00007ffc1e451000 	C:\WINDOWS\system32\RPCRT4.dll
0x00007ffc1d9c0000 - 0x00007ffc1da19000 	C:\WINDOWS\SYSTEM32\sechost.dll
0x00007ffc1eac0000 - 0x00007ffc1ecd1000 	C:\WINDOWS\SYSTEM32\combase.dll
0x00007ffc1da30000 - 0x00007ffc1db7f000 	C:\WINDOWS\system32\GDI32.dll
0x00007ffc1d490000 - 0x00007ffc1d4a5000 	C:\WINDOWS\SYSTEM32\profapi.dll
0x00007ffc1bfa0000 - 0x00007ffc1c052000 	C:\WINDOWS\SYSTEM32\SHCORE.dll
0x00007ffc1dc50000 - 0x00007ffc1dc86000 	C:\WINDOWS\system32\IMM32.DLL
0x00007ffc1e1b0000 - 0x00007ffc1e302000 	C:\WINDOWS\system32\MSCTF.dll
0x00007ffc1d440000 - 0x00007ffc1d472000 	C:\WINDOWS\system32\nvinitx.dll
0x000000000f000000 - 0x000000000f006000 	C:\Program Files\NVIDIA Corporation\CoProcManager\_etoured.dll
0x00007ffc1bc00000 - 0x00007ffc1bc33000 	C:\Program Files\NVIDIA Corporation\CoProcManager\nvd3d9wrapx.dll
0x00007ffc1df80000 - 0x00007ffc1e15a000 	C:\WINDOWS\system32\SETUPAPI.dll
0x00007ffc1d610000 - 0x00007ffc1d65f000 	C:\WINDOWS\system32\CFGMGR32.dll
0x00007ffc1bbd0000 - 0x00007ffc1bbf3000 	C:\Program Files\NVIDIA Corporation\CoProcManager\nvdxgiwrapx.dll
0x00007ffc1b580000 - 0x00007ffc1b7fb000 	C:\WINDOWS\WinSxS\amd64_microsoft.windows.common-controls_6595b64144ccf1df_6.0.9600.18006_none_623f33d3ecbe86e8\COMCTL32.dll
0x00000000610c0000 - 0x0000000061192000 	C:\Program Files\Java\jdk1.8.0_60\jre\bin\msvcr100.dll
0x00000000611a0000 - 0x0000000061a29000 	C:\Program Files\Java\jdk1.8.0_60\jre\bin\server\jvm.dll
0x00007ffc15420000 - 0x00007ffc15429000 	C:\WINDOWS\SYSTEM32\WSOCK32.dll
0x00007ffc1b800000 - 0x00007ffc1b822000 	C:\WINDOWS\SYSTEM32\WINMM.dll
0x00007ffc1bf90000 - 0x00007ffc1bf9a000 	C:\WINDOWS\SYSTEM32\VERSION.dll
0x00007ffc1e190000 - 0x00007ffc1e197000 	C:\WINDOWS\system32\PSAPI.DLL
0x00007ffc1dbf0000 - 0x00007ffc1dc4a000 	C:\WINDOWS\system32\WS2_32.dll
0x00007ffc1b360000 - 0x00007ffc1b38a000 	C:\WINDOWS\SYSTEM32\WINMMBASE.dll
0x00007ffc1e1a0000 - 0x00007ffc1e1a9000 	C:\WINDOWS\system32\NSI.dll
0x00007ffc1c260000 - 0x00007ffc1c288000 	C:\WINDOWS\SYSTEM32\DEVOBJ.dll
0x0000000065600000 - 0x000000006560f000 	C:\Program Files\Java\jdk1.8.0_60\jre\bin\verify.dll
0x00000000655d0000 - 0x00000000655f9000 	C:\Program Files\Java\jdk1.8.0_60\jre\bin\java.dll
0x00000000655b0000 - 0x00000000655c6000 	C:\Program Files\Java\jdk1.8.0_60\jre\bin\zip.dll

VM Arguments:
jvm_args: -Djava.awt.headless=true -Xmx1024M -Dfile.encoding=windows-1252 -Duser.country=US -Duser.language=en -Duser.variant 
java_command: com.android.dx.command.Main --dex --num-threads=4 --output C:\Users\Emin\AndroidStudioProjects\Ribbit\app\build\intermediates\pre-dexed\debug\bolts-applinks-1.3.0_61fa3b1650d4fe1436be75d088107f2695efb62e.jar C:\Users\Emin\.gradle\caches\modules-2\files-2.1\com.parse.bolts\bolts-applinks\1.3.0\bc535105332645408ef5f1380215cc954b842178\bolts-applinks-1.3.0.jar
java_class_path (initial): C:\Users\Emin\AppData\Local\Android\sdk1\build-tools\23.0.1\lib\dx.jar
Launcher Type: SUN_STANDARD

Environment Variables:
PATH=C:\ProgramData\Oracle\Java\javapath;C:\Program Files (x86)\NVIDIA Corporation\PhysX\Common;C:\WINDOWS\system32;C:\WINDOWS;C:\WINDOWS\System32\Wbem;C:\WINDOWS\System32\WindowsPowerShell\v1.0\;C:\Program Files (x86)\Microsoft SQL Server\100\Tools\Binn\;C:\Program Files\Microsoft SQL Server\100\Tools\Binn\;C:\Program Files\Microsoft SQL Server\100\DTS\Binn\;C:\Program Files\Microsoft\Web Platform Installer\;C:\Program Files (x86)\Microsoft ASP.NET\ASP.NET Web Pages\v1.0\;C:\Program Files\Microsoft SQL Server\110\Tools\Binn\;C:\Program Files\Microsoft SQL Server\110\DTS\Binn\;C:\Program Files (x86)\Microsoft SQL Server\110\Tools\Binn\;C:\Program Files (x86)\Microsoft SQL Server\110\Tools\Binn\ManagementStudio\;C:\Program Files (x86)\Microsoft Visual Studio 10.0\Common7\IDE\PrivateAssemblies\;C:\Program Files (x86)\Microsoft SQL Server\110\DTS\Binn\;C:\Program Files\MySQL\MySQL Enterprise Backup 3.10.1\;C:\Program Files (x86)\MySQL\MySQL Utilities 1.3.6\;C:\Program Files (x86)\Skype\Phone\
USERNAME=Emin
OS=Windows_NT
PROCESSOR_IDENTIFIER=Intel64 Family 6 Model 42 Stepping 7, GenuineIntel



---------------  S Y S T E M  ---------------

OS: Windows 8.1 , 64 bit Build 9600 (6.3.9600.17415)

CPU:total 8 (4 cores per cpu, 2 threads per core) family 6 model 42 stepping 7, cmov, cx8, fxsr, mmx, sse, sse2, sse3, ssse3, sse4.1, sse4.2, popcnt, avx, aes, clmul, ht, tsc, tscinvbit

Memory: 4k page, physical 6194232k(1191788k free), swap 9339960k(5092k free)

vm_info: Java HotSpot(TM) 64-Bit Server VM (25.60-b23) for windows-amd64 JRE (1.8.0_60-b27), built on Aug  4 2015 11:06:27 by "java_re" with MS VC++ 10.0 (VS2010)

time: Mon Dec 14 01:10:02 2015
elapsed time: 1 seconds (0d 0h 0m 1s)

