#
# There is insufficient memory for the Java Runtime Environment to continue.
# Native memory allocation (malloc) failed to allocate 457088 bytes for Chunk::new
# Possible reasons:
#   The system is out of physical RAM or swap space
#   In 32 bit mode, the process size limit was hit
# Possible solutions:
#   Reduce memory load on the system
#   Increase physical memory or swap space
#   Check if swap backing store is full
#   Use 64 bit Java on a 64 bit OS
#   Decrease Java heap size (-Xmx/-Xms)
#   Decrease number of Java threads
#   Decrease Java thread stack sizes (-Xss)
#   Set larger code cache with -XX:ReservedCodeCacheSize=
# This output file may be truncated or incomplete.
#
#  Out of Memory Error (allocation.cpp:390), pid=9044, tid=6720
#
# JRE version: Java(TM) SE Runtime Environment (8.0_60-b27) (build 1.8.0_60-b27)
# Java VM: Java HotSpot(TM) 64-Bit Server VM (25.60-b23 mixed mode windows-amd64 compressed oops)
# Failed to write core dump. Minidumps are not enabled by default on client versions of Windows
#

---------------  T H R E A D  ---------------

Current thread (0x0000000008861800):  JavaThread "C2 CompilerThread2" daemon [_thread_in_native, id=6720, stack(0x0000000008fe0000,0x00000000090e0000)]

Stack: [0x0000000008fe0000,0x00000000090e0000]
[error occurred during error reporting (printing stack bounds), id 0xc0000005]

Native frames: (J=compiled Java code, j=interpreted, Vv=VM code, C=native code)


Current CompileTask:
C2:   3452 1164       4       com.android.dx.ssa.SCCP::simulateStmt (481 bytes)


---------------  P R O C E S S  ---------------

Java Threads: ( => current thread )
  0x0000000008ad9800 JavaThread "pool-1-thread-4" [_thread_blocked, id=6940, stack(0x00000000097e0000,0x00000000098e0000)]
  0x0000000008ad2800 JavaThread "pool-1-thread-3" [_thread_blocked, id=5220, stack(0x00000000096e0000,0x00000000097e0000)]
  0x0000000008ad0000 JavaThread "pool-1-thread-2" [_thread_blocked, id=3216, stack(0x00000000095e0000,0x00000000096e0000)]
  0x0000000008acd000 JavaThread "pool-2-thread-1" [_thread_blocked, id=764, stack(0x00000000094e0000,0x00000000095e0000)]
  0x0000000008acc800 JavaThread "pool-1-thread-1" [_thread_in_Java, id=5708, stack(0x00000000093e0000,0x00000000094e0000)]
  0x0000000008898000 JavaThread "Service Thread" daemon [_thread_blocked, id=8712, stack(0x00000000091e0000,0x00000000092e0000)]
  0x0000000008874800 JavaThread "C1 CompilerThread3" daemon [_thread_blocked, id=1244, stack(0x00000000090e0000,0x00000000091e0000)]
=>0x0000000008861800 JavaThread "C2 CompilerThread2" daemon [_thread_in_native, id=6720, stack(0x0000000008fe0000,0x00000000090e0000)]
  0x000000000885e800 JavaThread "C2 CompilerThread1" daemon [_thread_blocked, id=6784, stack(0x0000000008ee0000,0x0000000008fe0000)]
  0x0000000008805800 JavaThread "C2 CompilerThread0" daemon [_thread_blocked, id=8380, stack(0x0000000008de0000,0x0000000008ee0000)]
  0x0000000008804000 JavaThread "Attach Listener" daemon [_thread_blocked, id=1972, stack(0x0000000008ce0000,0x0000000008de0000)]
  0x0000000008803000 JavaThread "Signal Dispatcher" daemon [_thread_blocked, id=5568, stack(0x0000000008be0000,0x0000000008ce0000)]
  0x0000000002be9000 JavaThread "Finalizer" daemon [_thread_blocked, id=6936, stack(0x0000000008600000,0x0000000008700000)]
  0x0000000002be2000 JavaThread "Reference Handler" daemon [_thread_blocked, id=5276, stack(0x0000000008500000,0x0000000008600000)]
  0x00000000029ed800 JavaThread "main" [_thread_in_vm, id=5912, stack(0x00000000029f0000,0x0000000002af0000)]

Other Threads:
  0x0000000006709800 VMThread [stack: 0x0000000008400000,0x0000000008500000] [id=5764]
  0x000000000889c000 WatcherThread [stack: 0x00000000092e0000,0x00000000093e0000] [id=9076]

VM state:synchronizing (normal execution)

VM Mutex/Monitor currently owned by a thread:  ([mutex/lock_event])
[0x00000000029ec670] Safepoint_lock - owner thread: 0x0000000006709800
[0x00000000029ecf70] Threads_lock - owner thread: 0x0000000006709800

Heap:
 PSYoungGen      total 28672K, used 13832K [0x00000000eab00000, 0x00000000ee300000, 0x0000000100000000)
  eden space 24576K, 39% used [0x00000000eab00000,0x00000000eb487840,0x00000000ec300000)
  from space 4096K, 99% used [0x00000000ec300000,0x00000000ec6faac8,0x00000000ec700000)
  to   space 4096K, 0% used [0x00000000edf00000,0x00000000edf00000,0x00000000ee300000)
 ParOldGen       total 65536K, used 1662K [0x00000000c0000000, 0x00000000c4000000, 0x00000000eab00000)
  object space 65536K, 2% used [0x00000000c0000000,0x00000000c019fa88,0x00000000c4000000)
 Metaspace       used 5884K, capacity 6896K, committed 7040K, reserved 1056768K
  class space    used 589K, capacity 616K, committed 640K, reserved 1048576K

Card table byte_map: [0x0000000002fb0000,0x00000000031c0000] byte_map_base: 0x00000000029b0000

Marking Bits: (ParMarkBitMap*) 0x00000000619aa5b0
 Begin Bits: [0x0000000003b20000, 0x0000000004b20000)
 End Bits:   [0x0000000004b20000, 0x0000000005b20000)

Polling page: 0x0000000002840000

CodeCache: size=245760Kb used=4686Kb max_used=4702Kb free=241073Kb
 bounds [0x000000000f010000, 0x000000000f4c0000, 0x000000001e010000]
 total_blobs=1466 nmethods=1197 adapters=182
 compilation: enabled

Compilation events (10 events):
Event: 3.197 Thread 0x0000000008874800 1181       3       com.android.dx.cf.code.ConcreteMethod::getMaxLocals (8 bytes)
Event: 3.197 Thread 0x0000000008874800 nmethod 1181 0x000000000f494a10 code [0x000000000f494b60, 0x000000000f494d50]
Event: 3.209 Thread 0x000000000885e800 nmethod 1160 0x000000000f498950 code [0x000000000f498b40, 0x000000000f499a28]
Event: 3.209 Thread 0x000000000885e800 1194       4       com.android.dx.ssa.SsaBasicBlock::forEachInsn (37 bytes)
Event: 3.222 Thread 0x0000000008805800 nmethod 1172 0x000000000f49e350 code [0x000000000f49e540, 0x000000000f49fa78]
Event: 3.222 Thread 0x0000000008805800 1186       4       com.android.dx.ssa.NormalSsaInsn::accept (25 bytes)
Event: 3.336 Thread 0x000000000885e800 nmethod 1194 0x000000000f4a4c50 code [0x000000000f4a4f60, 0x000000000f4a74e8]
Event: 3.336 Thread 0x000000000885e800 1177   !   4       com.android.dx.rop.code.BasicBlock::<init> (273 bytes)
Event: 3.336 Thread 0x0000000008805800 nmethod 1186 0x000000000f4aba90 code [0x000000000f4abd80, 0x000000000f4add48]
Event: 3.349 Thread 0x000000000885e800 nmethod 1177 0x000000000f49bf10 code [0x000000000f49c080, 0x000000000f49c6d8]

GC Heap History (2 events):
Event: 2.182 GC heap before
{Heap before GC invocations=1 (full 0):
 PSYoungGen      total 28672K, used 24576K [0x00000000eab00000, 0x00000000ecb00000, 0x0000000100000000)
  eden space 24576K, 100% used [0x00000000eab00000,0x00000000ec300000,0x00000000ec300000)
  from space 4096K, 0% used [0x00000000ec700000,0x00000000ec700000,0x00000000ecb00000)
  to   space 4096K, 0% used [0x00000000ec300000,0x00000000ec300000,0x00000000ec700000)
 ParOldGen       total 65536K, used 0K [0x00000000c0000000, 0x00000000c4000000, 0x00000000eab00000)
  object space 65536K, 0% used [0x00000000c0000000,0x00000000c0000000,0x00000000c4000000)
 Metaspace       used 5783K, capacity 6832K, committed 7040K, reserved 1056768K
  class space    used 589K, capacity 616K, committed 640K, reserved 1048576K
Event: 2.419 GC heap after
Heap after GC invocations=1 (full 0):
 PSYoungGen      total 28672K, used 4074K [0x00000000eab00000, 0x00000000ee300000, 0x0000000100000000)
  eden space 24576K, 0% used [0x00000000eab00000,0x00000000eab00000,0x00000000ec300000)
  from space 4096K, 99% used [0x00000000ec300000,0x00000000ec6faac8,0x00000000ec700000)
  to   space 4096K, 0% used [0x00000000edf00000,0x00000000edf00000,0x00000000ee300000)
 ParOldGen       total 65536K, used 1662K [0x00000000c0000000, 0x00000000c4000000, 0x00000000eab00000)
  object space 65536K, 2% used [0x00000000c0000000,0x00000000c019fa88,0x00000000c4000000)
 Metaspace       used 5783K, capacity 6832K, committed 7040K, reserved 1056768K
  class space    used 589K, capacity 616K, committed 640K, reserved 1048576K
}

Deoptimization events (9 events):
Event: 1.107 Thread 0x0000000008ad2800 Uncommon trap: reason=unstable_if action=reinterpret pc=0x000000000f1e4e1c method=java.util.HashMap.getNode(ILjava/lang/Object;)Ljava/util/HashMap$Node; @ 129
Event: 2.490 Thread 0x00000000029ed800 Uncommon trap: reason=unstable_if action=reinterpret pc=0x000000000f411728 method=com.android.dx.util.IntList.binarysearch(I)I @ 105
Event: 2.525 Thread 0x0000000008acc800 Uncommon trap: reason=class_check action=maybe_recompile pc=0x000000000f3f9c38 method=com.android.dx.ssa.NormalSsaInsn.accept(Lcom/android/dx/ssa/SsaInsn$Visitor;)V @ 9
Event: 2.542 Thread 0x00000000029ed800 Uncommon trap: reason=unstable_if action=reinterpret pc=0x000000000f3bc6a8 method=com.android.dx.rop.code.RegisterSpecSet.put(Lcom/android/dx/rop/code/RegisterSpec;)V @ 77
Event: 2.569 Thread 0x00000000029ed800 Uncommon trap: reason=class_check action=maybe_recompile pc=0x000000000f3f9c38 method=com.android.dx.ssa.NormalSsaInsn.accept(Lcom/android/dx/ssa/SsaInsn$Visitor;)V @ 9
Event: 2.569 Thread 0x00000000029ed800 Uncommon trap: reason=class_check action=maybe_recompile pc=0x000000000f3f9c38 method=com.android.dx.ssa.NormalSsaInsn.accept(Lcom/android/dx/ssa/SsaInsn$Visitor;)V @ 9
Event: 2.569 Thread 0x00000000029ed800 Uncommon trap: reason=class_check action=maybe_recompile pc=0x000000000f3f9c38 method=com.android.dx.ssa.NormalSsaInsn.accept(Lcom/android/dx/ssa/SsaInsn$Visitor;)V @ 9
Event: 2.570 Thread 0x00000000029ed800 Uncommon trap: reason=class_check action=maybe_recompile pc=0x000000000f26d994 method=com.android.dx.ssa.NormalSsaInsn.accept(Lcom/android/dx/ssa/SsaInsn$Visitor;)V @ 9
Event: 2.570 Thread 0x00000000029ed800 Uncommon trap: reason=class_check action=maybe_recompile pc=0x000000000f23fdf0 method=com.android.dx.ssa.NormalSsaInsn.accept(Lcom/android/dx/ssa/SsaInsn$Visitor;)V @ 9

Internal exceptions (2 events):
Event: 0.096 Thread 0x00000000029ed800 Exception <a 'java/lang/NoSuchMethodError': Method sun.misc.Unsafe.defineClass(Ljava/lang/String;[BII)Ljava/lang/Class; name or signature does not match> (0x00000000eab0d8c8) thrown at [C:\re\workspace\8-2-build-windows-amd64-cygwin\jdk8u60\4407\hotspot\sr30ô£œ¸?
Event: 0.096 Thread 0x00000000029ed800 Exception <a 'java/lang/NoSuchMethodError': Method sun.misc.Unsafe.prefetchRead(Ljava/lang/Object;J)V name or signature does not match> (0x00000000eab0dbb0) thrown at [C:\re\workspace\8-2-build-windows-amd64-cygwin\jdk8u60\4407\hotspot\src\share\vm\prims\j

Events (10 events):
Event: 2.569 Thread 0x00000000029ed800 DEOPT UNPACKING pc=0x000000000f05582a sp=0x0000000002aee2c0 mode 2
Event: 2.569 Thread 0x00000000029ed800 Uncommon trap: trap_request=0xffffffde fr.pc=0x000000000f3f9c38
Event: 2.569 Thread 0x00000000029ed800 DEOPT PACKING pc=0x000000000f3f9c38 sp=0x0000000002aee590
Event: 2.569 Thread 0x00000000029ed800 DEOPT UNPACKING pc=0x000000000f05582a sp=0x0000000002aee4c0 mode 2
Event: 2.570 Thread 0x00000000029ed800 Uncommon trap: trap_request=0xffffffde fr.pc=0x000000000f26d994
Event: 2.570 Thread 0x00000000029ed800 DEOPT PACKING pc=0x000000000f26d994 sp=0x0000000002aee500
Event: 2.570 Thread 0x00000000029ed800 DEOPT UNPACKING pc=0x000000000f05582a sp=0x0000000002aee450 mode 2
Event: 2.570 Thread 0x00000000029ed800 Uncommon trap: trap_request=0xffffffde fr.pc=0x000000000f23fdf0
Event: 2.570 Thread 0x00000000029ed800 DEOPT PACKING pc=0x000000000f23fdf0 sp=0x0000000002aee520
Event: 2.570 Thread 0x00000000029ed800 DEOPT UNPACKING pc=0x000000000f05582a sp=0x0000000002aee4c0 mode 2


Dynamic libraries:
0x00007ff77e500000 - 0x00007ff77e537000 	C:\Program Files\Java\jdk1.8.0_60\bin\java.exe
0x00007ffc20340000 - 0x00007ffc204ec000 	C:\WINDOWS\SYSTEM32\ntdll.dll
0x00007ffc1dc90000 - 0x00007ffc1ddce000 	C:\WINDOWS\system32\KERNEL32.DLL
0x00007ffc1d660000 - 0x00007ffc1d775000 	C:\WINDOWS\system32\KERNELBASE.dll
0x00007ffc1bf00000 - 0x00007ffc1bf8e000 	C:\WINDOWS\system32\apphelp.dll
0x00007ffc16100000 - 0x00007ffc16153000 	C:\WINDOWS\AppPatch\AppPatch64\AcGenral.DLL
0x00007ffc1ea10000 - 0x00007ffc1eaba000 	C:\WINDOWS\system32\msvcrt.dll
0x00007ffc1d220000 - 0x00007ffc1d24e000 	C:\WINDOWS\SYSTEM32\SspiCli.dll
0x00007ffc1e9b0000 - 0x00007ffc1ea04000 	C:\WINDOWS\system32\SHLWAPI.dll
0x00007ffc1e5d0000 - 0x00007ffc1e747000 	C:\WINDOWS\system32\USER32.dll
0x00007ffc1e750000 - 0x00007ffc1e8e4000 	C:\WINDOWS\system32\ole32.dll
0x00007ffc1ece0000 - 0x00007ffc2020b000 	C:\WINDOWS\system32\SHELL32.dll
0x00007ffc1c9f0000 - 0x00007ffc1ca11000 	C:\WINDOWS\SYSTEM32\USERENV.dll
0x00007ffc1e520000 - 0x00007ffc1e5ca000 	C:\WINDOWS\system32\ADVAPI32.dll
0x00007ffc141a0000 - 0x00007ffc141be000 	C:\WINDOWS\SYSTEM32\MPR.dll
0x00007ffc1e310000 - 0x00007ffc1e451000 	C:\WINDOWS\system32\RPCRT4.dll
0x00007ffc1d9c0000 - 0x00007ffc1da19000 	C:\WINDOWS\SYSTEM32\sechost.dll
0x00007ffc1eac0000 - 0x00007ffc1ecd1000 	C:\WINDOWS\SYSTEM32\combase.dll
0x00007ffc1da30000 - 0x00007ffc1db7f000 	C:\WINDOWS\system32\GDI32.dll
0x00007ffc1d490000 - 0x00007ffc1d4a5000 	C:\WINDOWS\SYSTEM32\profapi.dll
0x00007ffc1bfa0000 - 0x00007ffc1c052000 	C:\WINDOWS\SYSTEM32\SHCORE.dll
0x00007ffc1dc50000 - 0x00007ffc1dc86000 	C:\WINDOWS\system32\IMM32.DLL
0x00007ffc1e1b0000 - 0x00007ffc1e302000 	C:\WINDOWS\system32\MSCTF.dll
0x00007ffc1d440000 - 0x00007ffc1d472000 	C:\WINDOWS\system32\nvinitx.dll
0x000000000f000000 - 0x000000000f006000 	C:\Program Files\NVIDIA Corporation\CoProcManager\_etoured.dll
0x00007ffc1bc00000 - 0x00007ffc1bc33000 	C:\Program Files\NVIDIA Corporation\CoProcManager\nvd3d9wrapx.dll
0x00007ffc1df80000 - 0x00007ffc1e15a000 	C:\WINDOWS\system32\SETUPAPI.dll
0x00007ffc1d610000 - 0x00007ffc1d65f000 	C:\WINDOWS\system32\CFGMGR32.dll
0x00007ffc1bbd0000 - 0x00007ffc1bbf3000 	C:\Program Files\NVIDIA Corporation\CoProcManager\nvdxgiwrapx.dll
0x00007ffc1b580000 - 0x00007ffc1b7fb000 	C:\WINDOWS\WinSxS\amd64_microsoft.windows.common-controls_6595b64144ccf1df_6.0.9600.18006_none_623f33d3ecbe86e8\COMCTL32.dll
0x00000000610c0000 - 0x0000000061192000 	C:\Program Files\Java\jdk1.8.0_60\jre\bin\msvcr100.dll
0x00000000611a0000 - 0x0000000061a29000 	C:\Program Files\Java\jdk1.8.0_60\jre\bin\server\jvm.dll
0x00007ffc15420000 - 0x00007ffc15429000 	C:\WINDOWS\SYSTEM32\WSOCK32.dll
0x00007ffc1b800000 - 0x00007ffc1b822000 	C:\WINDOWS\SYSTEM32\WINMM.dll
0x00007ffc1bf90000 - 0x00007ffc1bf9a000 	C:\WINDOWS\SYSTEM32\VERSION.dll
0x00007ffc1e190000 - 0x00007ffc1e197000 	C:\WINDOWS\system32\PSAPI.DLL
0x00007ffc1dbf0000 - 0x00007ffc1dc4a000 	C:\WINDOWS\system32\WS2_32.dll
0x00007ffc1b360000 - 0x00007ffc1b38a000 	C:\WINDOWS\SYSTEM32\WINMMBASE.dll
0x00007ffc1e1a0000 - 0x00007ffc1e1a9000 	C:\WINDOWS\system32\NSI.dll
0x00007ffc1c260000 - 0x00007ffc1c288000 	C:\WINDOWS\SYSTEM32\DEVOBJ.dll
0x0000000065600000 - 0x000000006560f000 	C:\Program Files\Java\jdk1.8.0_60\jre\bin\verify.dll
0x00000000655d0000 - 0x00000000655f9000 	C:\Program Files\Java\jdk1.8.0_60\jre\bin\java.dll
0x00000000655b0000 - 0x00000000655c6000 	C:\Program Files\Java\jdk1.8.0_60\jre\bin\zip.dll

VM Arguments:
jvm_args: -Djava.awt.headless=true -Xmx1024M -Dfile.encoding=windows-1252 -Duser.country=US -Duser.language=en -Duser.variant 
java_command: com.android.dx.command.Main --dex --num-threads=4 --output C:\Users\Emin\AndroidStudioProjects\Ribbit\app\build\intermediates\pre-dexed\debug\parse-android-1.11.0_22372d361ea489ba98718a14f9bd8fd3b9bfb599.jar C:\Users\Emin\.gradle\caches\modules-2\files-2.1\com.parse\parse-android\1.11.0\6592129dec2caa8791d322c7e4b6b7a30e8eadae\parse-android-1.11.0.jar
java_class_path (initial): C:\Users\Emin\AppData\Local\Android\sdk1\build-tools\23.0.1\lib\dx.jar
Launcher Type: SUN_STANDARD

Environment Variables:
PATH=C:\ProgramData\Oracle\Java\javapath;C:\Program Files (x86)\NVIDIA Corporation\PhysX\Common;C:\WINDOWS\system32;C:\WINDOWS;C:\WINDOWS\System32\Wbem;C:\WINDOWS\System32\WindowsPowerShell\v1.0\;C:\Program Files (x86)\Microsoft SQL Server\100\Tools\Binn\;C:\Program Files\Microsoft SQL Server\100\Tools\Binn\;C:\Program Files\Microsoft SQL Server\100\DTS\Binn\;C:\Program Files\Microsoft\Web Platform Installer\;C:\Program Files (x86)\Microsoft ASP.NET\ASP.NET Web Pages\v1.0\;C:\Program Files\Microsoft SQL Server\110\Tools\Binn\;C:\Program Files\Microsoft SQL Server\110\DTS\Binn\;C:\Program Files (x86)\Microsoft SQL Server\110\Tools\Binn\;C:\Program Files (x86)\Microsoft SQL Server\110\Tools\Binn\ManagementStudio\;C:\Program Files (x86)\Microsoft Visual Studio 10.0\Common7\IDE\PrivateAssemblies\;C:\Program Files (x86)\Microsoft SQL Server\110\DTS\Binn\;C:\Program Files\MySQL\MySQL Enterprise Backup 3.10.1\;C:\Program Files (x86)\MySQL\MySQL Utilities 1.3.6\;C:\Program Files (x86)\Skype\Phone\
USERNAME=Emin
OS=Windows_NT
PROCESSOR_IDENTIFIER=Intel64 Family 6 Model 42 Stepping 7, GenuineIntel



---------------  S Y S T E M  ---------------

OS: Windows 8.1 , 64 bit Build 9600 (6.3.9600.17415)

CPU:total 8 (4 cores per cpu, 2 threads per core) family 6 model 42 stepping 7, cmov, cx8, fxsr, mmx, sse, sse2, sse3, ssse3, sse4.1, sse4.2, popcnt, avx, aes, clmul, ht, tsc, tscinvbit

Memory: 4k page, physical 6194232k(1015992k free), swap 9339960k(5488k free)

vm_info: Java HotSpot(TM) 64-Bit Server VM (25.60-b23) for windows-amd64 JRE (1.8.0_60-b27), built on Aug  4 2015 11:06:27 by "java_re" with MS VC++ 10.0 (VS2010)

time: Mon Dec 14 01:07:50 2015
elapsed time: 3 seconds (0d 0h 0m 3s)

