#
# There is insufficient memory for the Java Runtime Environment to continue.
# Native memory allocation (malloc) failed to allocate 1507536 bytes for Chunk::new
# Possible reasons:
#   The system is out of physical RAM or swap space
#   In 32 bit mode, the process size limit was hit
# Possible solutions:
#   Reduce memory load on the system
#   Increase physical memory or swap space
#   Check if swap backing store is full
#   Use 64 bit Java on a 64 bit OS
#   Decrease Java heap size (-Xmx/-Xms)
#   Decrease number of Java threads
#   Decrease Java thread stack sizes (-Xss)
#   Set larger code cache with -XX:ReservedCodeCacheSize=
# This output file may be truncated or incomplete.
#
#  Out of Memory Error (allocation.cpp:390), pid=4492, tid=5732
#
# JRE version: Java(TM) SE Runtime Environment (8.0_60-b27) (build 1.8.0_60-b27)
# Java VM: Java HotSpot(TM) 64-Bit Server VM (25.60-b23 mixed mode windows-amd64 compressed oops)
# Failed to write core dump. Minidumps are not enabled by default on client versions of Windows
#

---------------  T H R E A D  ---------------

Current thread (0x00000000090ee000):  JavaThread "C2 CompilerThread2" daemon [_thread_in_native, id=5732, stack(0x00000000098c0000,0x00000000099c0000)]

Stack: [0x00000000098c0000,0x00000000099c0000]
[error occurred during error reporting (printing stack bounds), id 0xc0000005]

Native frames: (J=compiled Java code, j=interpreted, Vv=VM code, C=native code)


Current CompileTask:
C2:  11782 1970   !   4       com.android.dx.cf.code.Ropper::processBlock (1101 bytes)


---------------  P R O C E S S  ---------------

Java Threads: ( => current thread )
  0x000000000942d000 JavaThread "pool-1-thread-4" [_thread_in_vm, id=504, stack(0x000000000a0c0000,0x000000000a1c0000)]
  0x000000000942c800 JavaThread "pool-1-thread-3" [_thread_blocked, id=1408, stack(0x0000000009fc0000,0x000000000a0c0000)]
  0x0000000009421800 JavaThread "pool-1-thread-2" [_thread_blocked, id=6784, stack(0x0000000009ec0000,0x0000000009fc0000)]
  0x0000000009400000 JavaThread "pool-2-thread-1" [_thread_blocked, id=7456, stack(0x0000000009dc0000,0x0000000009ec0000)]
  0x00000000093f9000 JavaThread "pool-1-thread-1" [_thread_in_Java, id=4620, stack(0x0000000009cc0000,0x0000000009dc0000)]
  0x000000000916d800 JavaThread "Service Thread" daemon [_thread_blocked, id=6324, stack(0x0000000009ac0000,0x0000000009bc0000)]
  0x00000000090f3000 JavaThread "C1 CompilerThread3" daemon [_thread_blocked, id=9012, stack(0x00000000099c0000,0x0000000009ac0000)]
=>0x00000000090ee000 JavaThread "C2 CompilerThread2" daemon [_thread_in_native, id=5732, stack(0x00000000098c0000,0x00000000099c0000)]
  0x00000000090eb000 JavaThread "C2 CompilerThread1" daemon [_thread_blocked, id=1252, stack(0x00000000097c0000,0x00000000098c0000)]
  0x00000000090e5800 JavaThread "C2 CompilerThread0" daemon [_thread_blocked, id=1188, stack(0x00000000096c0000,0x00000000097c0000)]
  0x00000000090e4000 JavaThread "Attach Listener" daemon [_thread_blocked, id=8252, stack(0x00000000095c0000,0x00000000096c0000)]
  0x00000000090e3000 JavaThread "Signal Dispatcher" daemon [_thread_blocked, id=3584, stack(0x00000000094c0000,0x00000000095c0000)]
  0x00000000035d3800 JavaThread "Finalizer" daemon [_thread_blocked, id=8796, stack(0x0000000008fc0000,0x00000000090c0000)]
  0x00000000070fd000 JavaThread "Reference Handler" daemon [_thread_blocked, id=8004, stack(0x0000000008ec0000,0x0000000008fc0000)]
  0x00000000032ed800 JavaThread "main" [_thread_blocked, id=780, stack(0x00000000033e0000,0x00000000034e0000)]

Other Threads:
  0x00000000070f8800 VMThread [stack: 0x0000000008dc0000,0x0000000008ec0000] [id=1356]
  0x0000000009173800 WatcherThread [stack: 0x0000000009bc0000,0x0000000009cc0000] [id=8180]

VM state:not at safepoint (normal execution)

VM Mutex/Monitor currently owned by a thread: None

Heap:
 PSYoungGen      total 102400K, used 47315K [0x00000000eab00000, 0x00000000f1300000, 0x0000000100000000)
  eden space 98304K, 43% used [0x00000000eab00000,0x00000000ed537bf0,0x00000000f0b00000)
  from space 4096K, 99% used [0x00000000f0f00000,0x00000000f12fd2e0,0x00000000f1300000)
  to   space 4096K, 0% used [0x00000000f0b00000,0x00000000f0b00000,0x00000000f0f00000)
 ParOldGen       total 65536K, used 20878K [0x00000000c0000000, 0x00000000c4000000, 0x00000000eab00000)
  object space 65536K, 31% used [0x00000000c0000000,0x00000000c1463b80,0x00000000c4000000)
 Metaspace       used 6289K, capacity 7192K, committed 7424K, reserved 1056768K
  class space    used 617K, capacity 656K, committed 768K, reserved 1048576K

Card table byte_map: [0x00000000039a0000,0x0000000003bb0000] byte_map_base: 0x00000000033a0000

Marking Bits: (ParMarkBitMap*) 0x00000000619aa5b0
 Begin Bits: [0x0000000004510000, 0x0000000005510000)
 End Bits:   [0x0000000005510000, 0x0000000006510000)

Polling page: 0x00000000013d0000

CodeCache: size=245760Kb used=9534Kb max_used=9555Kb free=236225Kb
 bounds [0x000000000f010000, 0x000000000f980000, 0x000000001e010000]
 total_blobs=2259 nmethods=1989 adapters=182
 compilation: enabled

Compilation events (10 events):
Event: 11.579 Thread 0x00000000090e5800 nmethod 1995 0x000000000f957f90 code [0x000000000f9580e0, 0x000000000f9585b8]
Event: 11.579 Thread 0x00000000090e5800 1998       4       com.android.dx.ssa.LocalVariableExtractor::processBlock (383 bytes)
Event: 11.590 Thread 0x00000000090eb000 nmethod 1981 0x000000000f9614d0 code [0x000000000f9616e0, 0x000000000f962dd8]
Event: 11.590 Thread 0x00000000090eb000 1988       4       com.android.dx.ssa.back.SsaToRop::convertBasicBlocks (151 bytes)
Event: 11.659 Thread 0x00000000090eb000 nmethod 1988 0x000000000f964510 code [0x000000000f964720, 0x000000000f965cf8]
Event: 11.659 Thread 0x00000000090eb000 1990       4       com.android.dx.dex.code.RopTranslator::outputInstructions (69 bytes)
Event: 11.665 Thread 0x00000000090eb000 nmethod 1990 0x000000000f95f0d0 code [0x000000000f95f240, 0x000000000f95f5a8]
Event: 11.703 Thread 0x00000000090e5800 nmethod 1998 0x000000000f96c0d0 code [0x000000000f96c3e0, 0x000000000f96ef00]
Event: 11.760 Thread 0x00000000090f3000 2002       1       com.android.dx.cf.attrib.AttConstantValue::getConstantValue (5 bytes)
Event: 11.761 Thread 0x00000000090f3000 nmethod 2002 0x000000000f94e350 code [0x000000000f94e4a0, 0x000000000f94e5b0]

GC Heap History (8 events):
Event: 1.995 GC heap before
{Heap before GC invocations=1 (full 0):
 PSYoungGen      total 28672K, used 24576K [0x00000000eab00000, 0x00000000ecb00000, 0x0000000100000000)
  eden space 24576K, 100% used [0x00000000eab00000,0x00000000ec300000,0x00000000ec300000)
  from space 4096K, 0% used [0x00000000ec700000,0x00000000ec700000,0x00000000ecb00000)
  to   space 4096K, 0% used [0x00000000ec300000,0x00000000ec300000,0x00000000ec700000)
 ParOldGen       total 65536K, used 0K [0x00000000c0000000, 0x00000000c4000000, 0x00000000eab00000)
  object space 65536K, 0% used [0x00000000c0000000,0x00000000c0000000,0x00000000c4000000)
 Metaspace       used 5881K, capacity 6896K, committed 7040K, reserved 1056768K
  class space    used 593K, capacity 616K, committed 640K, reserved 1048576K
Event: 2.367 GC heap after
Heap after GC invocations=1 (full 0):
 PSYoungGen      total 28672K, used 4090K [0x00000000eab00000, 0x00000000ee300000, 0x0000000100000000)
  eden space 24576K, 0% used [0x00000000eab00000,0x00000000eab00000,0x00000000ec300000)
  from space 4096K, 99% used [0x00000000ec300000,0x00000000ec6feab8,0x00000000ec700000)
  to   space 4096K, 0% used [0x00000000edf00000,0x00000000edf00000,0x00000000ee300000)
 ParOldGen       total 65536K, used 1597K [0x00000000c0000000, 0x00000000c4000000, 0x00000000eab00000)
  object space 65536K, 2% used [0x00000000c0000000,0x00000000c018f528,0x00000000c4000000)
 Metaspace       used 5881K, capacity 6896K, committed 7040K, reserved 1056768K
  class space    used 593K, capacity 616K, committed 640K, reserved 1048576K
}
Event: 5.237 GC heap before
{Heap before GC invocations=2 (full 0):
 PSYoungGen      total 28672K, used 28666K [0x00000000eab00000, 0x00000000ee300000, 0x0000000100000000)
  eden space 24576K, 100% used [0x00000000eab00000,0x00000000ec300000,0x00000000ec300000)
  from space 4096K, 99% used [0x00000000ec300000,0x00000000ec6feab8,0x00000000ec700000)
  to   space 4096K, 0% used [0x00000000edf00000,0x00000000edf00000,0x00000000ee300000)
 ParOldGen       total 65536K, used 1597K [0x00000000c0000000, 0x00000000c4000000, 0x00000000eab00000)
  object space 65536K, 2% used [0x00000000c0000000,0x00000000c018f528,0x00000000c4000000)
 Metaspace       used 6059K, capacity 7088K, committed 7296K, reserved 1056768K
  class space    used 595K, capacity 616K, committed 640K, reserved 1048576K
Event: 5.562 GC heap after
Heap after GC invocations=2 (full 0):
 PSYoungGen      total 53248K, used 4087K [0x00000000eab00000, 0x00000000ee300000, 0x0000000100000000)
  eden space 49152K, 0% used [0x00000000eab00000,0x00000000eab00000,0x00000000edb00000)
  from space 4096K, 99% used [0x00000000edf00000,0x00000000ee2fdea8,0x00000000ee300000)
  to   space 4096K, 0% used [0x00000000edb00000,0x00000000edb00000,0x00000000edf00000)
 ParOldGen       total 65536K, used 5034K [0x00000000c0000000, 0x00000000c4000000, 0x00000000eab00000)
  object space 65536K, 7% used [0x00000000c0000000,0x00000000c04ea9a8,0x00000000c4000000)
 Metaspace       used 6059K, capacity 7088K, committed 7296K, reserved 1056768K
  class space    used 595K, capacity 616K, committed 640K, reserved 1048576K
}
Event: 7.269 GC heap before
{Heap before GC invocations=3 (full 0):
 PSYoungGen      total 53248K, used 53239K [0x00000000eab00000, 0x00000000ee300000, 0x0000000100000000)
  eden space 49152K, 100% used [0x00000000eab00000,0x00000000edb00000,0x00000000edb00000)
  from space 4096K, 99% used [0x00000000edf00000,0x00000000ee2fdea8,0x00000000ee300000)
  to   space 4096K, 0% used [0x00000000edb00000,0x00000000edb00000,0x00000000edf00000)
 ParOldGen       total 65536K, used 5034K [0x00000000c0000000, 0x00000000c4000000, 0x00000000eab00000)
  object space 65536K, 7% used [0x00000000c0000000,0x00000000c04ea9a8,0x00000000c4000000)
 Metaspace       used 6145K, capacity 7152K, committed 7296K, reserved 1056768K
  class space    used 595K, capacity 616K, committed 640K, reserved 1048576K
Event: 8.019 GC heap after
Heap after GC invocations=3 (full 0):
 PSYoungGen      total 53248K, used 4069K [0x00000000eab00000, 0x00000000f1300000, 0x0000000100000000)
  eden space 49152K, 0% used [0x00000000eab00000,0x00000000eab00000,0x00000000edb00000)
  from space 4096K, 99% used [0x00000000edb00000,0x00000000edef97b0,0x00000000edf00000)
  to   space 4096K, 0% used [0x00000000f0f00000,0x00000000f0f00000,0x00000000f1300000)
 ParOldGen       total 65536K, used 12886K [0x00000000c0000000, 0x00000000c4000000, 0x00000000eab00000)
  object space 65536K, 19% used [0x00000000c0000000,0x00000000c0c95b88,0x00000000c4000000)
 Metaspace       used 6145K, capacity 7152K, committed 7296K, reserved 1056768K
  class space    used 595K, capacity 616K, committed 640K, reserved 1048576K
}
Event: 9.830 GC heap before
{Heap before GC invocations=4 (full 0):
 PSYoungGen      total 53248K, used 53221K [0x00000000eab00000, 0x00000000f1300000, 0x0000000100000000)
  eden space 49152K, 100% used [0x00000000eab00000,0x00000000edb00000,0x00000000edb00000)
  from space 4096K, 99% used [0x00000000edb00000,0x00000000edef97b0,0x00000000edf00000)
  to   space 4096K, 0% used [0x00000000f0f00000,0x00000000f0f00000,0x00000000f1300000)
 ParOldGen       total 65536K, used 12886K [0x00000000c0000000, 0x00000000c4000000, 0x00000000eab00000)
  object space 65536K, 19% used [0x00000000c0000000,0x00000000c0c95b88,0x00000000c4000000)
 Metaspace       used 6179K, capacity 7152K, committed 7296K, reserved 1056768K
  class space    used 596K, capacity 616K, committed 640K, reserved 1048576K
Event: 10.394 GC heap after
Heap after GC invocations=4 (full 0):
 PSYoungGen      total 102400K, used 4084K [0x00000000eab00000, 0x00000000f1300000, 0x0000000100000000)
  eden space 98304K, 0% used [0x00000000eab00000,0x00000000eab00000,0x00000000f0b00000)
  from space 4096K, 99% used [0x00000000f0f00000,0x00000000f12fd2e0,0x00000000f1300000)
  to   space 4096K, 0% used [0x00000000f0b00000,0x00000000f0b00000,0x00000000f0f00000)
 ParOldGen       total 65536K, used 20878K [0x00000000c0000000, 0x00000000c4000000, 0x00000000eab00000)
  object space 65536K, 31% used [0x00000000c0000000,0x00000000c1463b80,0x00000000c4000000)
 Metaspace       used 6179K, capacity 7152K, committed 7296K, reserved 1056768K
  class space    used 596K, capacity 616K, committed 640K, reserved 1048576K
}

Deoptimization events (10 events):
Event: 10.549 Thread 0x00000000093f9000 Uncommon trap: reason=unstable_if action=reinterpret pc=0x000000000f73693c method=java.util.HashMap.putVal(ILjava/lang/Object;Ljava/lang/Object;ZZ)Ljava/lang/Object; @ 94
Event: 10.563 Thread 0x0000000009421800 Uncommon trap: reason=bimorphic action=maybe_recompile pc=0x000000000f8b50e4 method=com.android.dx.ssa.LiteralOpUpgrader.tryReplacingWithConstant(Lcom/android/dx/ssa/NormalSsaInsn;)Z @ 62
Event: 10.563 Thread 0x0000000009421800 Uncommon trap: reason=unstable_if action=reinterpret pc=0x000000000f8b3b54 method=com.android.dx.ssa.LiteralOpUpgrader$1.visitNonMoveInsn(Lcom/android/dx/ssa/NormalSsaInsn;)V @ 176
Event: 10.670 Thread 0x0000000009421800 Uncommon trap: reason=unstable_if action=reinterpret pc=0x000000000f30c49c method=java.util.HashMap.putVal(ILjava/lang/Object;Ljava/lang/Object;ZZ)Ljava/lang/Object; @ 162
Event: 10.719 Thread 0x0000000009421800 Uncommon trap: reason=unstable_if action=reinterpret pc=0x000000000f6be7ac method=java.util.HashMap.getNode(ILjava/lang/Object;)Ljava/util/HashMap$Node; @ 84
Event: 10.720 Thread 0x0000000009421800 Uncommon trap: reason=unstable_if action=reinterpret pc=0x000000000f76c990 method=java.util.HashMap.getNode(ILjava/lang/Object;)Ljava/util/HashMap$Node; @ 84
Event: 11.427 Thread 0x000000000942d000 Uncommon trap: reason=bimorphic action=maybe_recompile pc=0x000000000f767bc8 method=com.android.dx.rop.code.RegisterSpec.withSimpleType()Lcom/android/dx/rop/code/RegisterSpec; @ 21
Event: 11.538 Thread 0x000000000942d000 Uncommon trap: reason=bimorphic action=maybe_recompile pc=0x000000000f767bc8 method=com.android.dx.rop.code.RegisterSpec.withSimpleType()Lcom/android/dx/rop/code/RegisterSpec; @ 21
Event: 11.555 Thread 0x000000000942d000 Uncommon trap: reason=bimorphic action=maybe_recompile pc=0x000000000f767bc8 method=com.android.dx.rop.code.RegisterSpec.withSimpleType()Lcom/android/dx/rop/code/RegisterSpec; @ 21
Event: 11.572 Thread 0x000000000942d000 Uncommon trap: reason=bimorphic action=maybe_recompile pc=0x000000000f767bc8 method=com.android.dx.rop.code.RegisterSpec.withSimpleType()Lcom/android/dx/rop/code/RegisterSpec; @ 21

Internal exceptions (6 events):
Event: 0.056 Thread 0x00000000032ed800 Exception <a 'java/lang/NoSuchMethodError': Method sun.misc.Unsafe.defineClass(Ljava/lang/String;[BII)Ljava/lang/Class; name or signature does not match> (0x00000000eab0d8d8) thrown at [C:\re\workspace\8-2-build-windows-amd64-cygwin\jdk8u60\4407\hotspot\sr³zõCå¬?
Event: 0.056 Thread 0x00000000032ed800 Exception <a 'java/lang/NoSuchMethodError': Method sun.misc.Unsafe.prefetchRead(Ljava/lang/Object;J)V name or signature does not match> (0x00000000eab0dbc0) thrown at [C:\re\workspace\8-2-build-windows-amd64-cygwin\jdk8u60\4407\hotspot\src\share\vm\prims\j0^Ò¥Ò@
Event: 2.387 Thread 0x00000000093f9000 Implicit null exception at 0x000000000f40c9e2 to 0x000000000f40cad2
Event: 10.682 Thread 0x0000000009421800 Exception <a 'java/lang/ArrayIndexOutOfBoundsException': 18> (0x00000000eb9efd18) thrown at [C:\re\workspace\8-2-build-windows-amd64-cygwin\jdk8u60\4407\hotspot\src\share\vm\interpreter\interpreterRuntime.cpp, line 366]
Event: 10.696 Thread 0x0000000009421800 Exception <a 'java/lang/ArrayIndexOutOfBoundsException': 145> (0x00000000eb9f1898) thrown at [C:\re\workspace\8-2-build-windows-amd64-cygwin\jdk8u60\4407\hotspot\src\share\vm\interpreter\interpreterRuntime.cpp, line 366]
Event: 10.718 Thread 0x0000000009421800 Exception <a 'java/lang/ArrayIndexOutOfBoundsException'> (0x00000000eb9f2b80) thrown at [C:\re\workspace\8-2-build-windows-amd64-cygwin\jdk8u60\4407\hotspot\src\share\vm\runtime\sharedRuntime.cpp, line 605]

Events (10 events):
Event: 11.427 Thread 0x000000000942d000 DEOPT UNPACKING pc=0x000000000f05582a sp=0x000000000a1beda8 mode 2
Event: 11.538 Thread 0x000000000942d000 Uncommon trap: trap_request=0xffffffc6 fr.pc=0x000000000f767bc8
Event: 11.538 Thread 0x000000000942d000 DEOPT PACKING pc=0x000000000f767bc8 sp=0x000000000a1bedc0
Event: 11.538 Thread 0x000000000942d000 DEOPT UNPACKING pc=0x000000000f05582a sp=0x000000000a1becf8 mode 2
Event: 11.555 Thread 0x000000000942d000 Uncommon trap: trap_request=0xffffffc6 fr.pc=0x000000000f767bc8
Event: 11.555 Thread 0x000000000942d000 DEOPT PACKING pc=0x000000000f767bc8 sp=0x000000000a1bee70
Event: 11.555 Thread 0x000000000942d000 DEOPT UNPACKING pc=0x000000000f05582a sp=0x000000000a1beda8 mode 2
Event: 11.572 Thread 0x000000000942d000 Uncommon trap: trap_request=0xffffffc6 fr.pc=0x000000000f767bc8
Event: 11.572 Thread 0x000000000942d000 DEOPT PACKING pc=0x000000000f767bc8 sp=0x000000000a1bedc0
Event: 11.572 Thread 0x000000000942d000 DEOPT UNPACKING pc=0x000000000f05582a sp=0x000000000a1becf8 mode 2


Dynamic libraries:
0x00007ff7db750000 - 0x00007ff7db787000 	C:\Program Files\Java\jdk1.8.0_60\bin\java.exe
0x00007ffc20340000 - 0x00007ffc204ec000 	C:\WINDOWS\SYSTEM32\ntdll.dll
0x00007ffc1dc90000 - 0x00007ffc1ddce000 	C:\WINDOWS\system32\KERNEL32.DLL
0x00007ffc1d660000 - 0x00007ffc1d775000 	C:\WINDOWS\system32\KERNELBASE.dll
0x00007ffc1bf00000 - 0x00007ffc1bf8e000 	C:\WINDOWS\system32\apphelp.dll
0x00007ffc1a630000 - 0x00007ffc1a683000 	C:\WINDOWS\AppPatch\AppPatch64\AcGenral.DLL
0x00007ffc1ea10000 - 0x00007ffc1eaba000 	C:\WINDOWS\system32\msvcrt.dll
0x00007ffc1d220000 - 0x00007ffc1d24e000 	C:\WINDOWS\SYSTEM32\SspiCli.dll
0x00007ffc1e9b0000 - 0x00007ffc1ea04000 	C:\WINDOWS\system32\SHLWAPI.dll
0x00007ffc1e5d0000 - 0x00007ffc1e747000 	C:\WINDOWS\system32\USER32.dll
0x00007ffc1e750000 - 0x00007ffc1e8e4000 	C:\WINDOWS\system32\ole32.dll
0x00007ffc1ece0000 - 0x00007ffc2020b000 	C:\WINDOWS\system32\SHELL32.dll
0x00007ffc1c9f0000 - 0x00007ffc1ca11000 	C:\WINDOWS\SYSTEM32\USERENV.dll
0x00007ffc1e520000 - 0x00007ffc1e5ca000 	C:\WINDOWS\system32\ADVAPI32.dll
0x00007ffc141a0000 - 0x00007ffc141be000 	C:\WINDOWS\SYSTEM32\MPR.dll
0x00007ffc1e310000 - 0x00007ffc1e451000 	C:\WINDOWS\system32\RPCRT4.dll
0x00007ffc1d9c0000 - 0x00007ffc1da19000 	C:\WINDOWS\SYSTEM32\sechost.dll
0x00007ffc1eac0000 - 0x00007ffc1ecd1000 	C:\WINDOWS\SYSTEM32\combase.dll
0x00007ffc1da30000 - 0x00007ffc1db7f000 	C:\WINDOWS\system32\GDI32.dll
0x00007ffc1d490000 - 0x00007ffc1d4a5000 	C:\WINDOWS\SYSTEM32\profapi.dll
0x00007ffc1bfa0000 - 0x00007ffc1c052000 	C:\WINDOWS\SYSTEM32\SHCORE.dll
0x00007ffc1dc50000 - 0x00007ffc1dc86000 	C:\WINDOWS\system32\IMM32.DLL
0x00007ffc1e1b0000 - 0x00007ffc1e302000 	C:\WINDOWS\system32\MSCTF.dll
0x00007ffc1d440000 - 0x00007ffc1d472000 	C:\WINDOWS\system32\nvinitx.dll
0x000000000f000000 - 0x000000000f006000 	C:\Program Files\NVIDIA Corporation\CoProcManager\_etoured.dll
0x00007ffc1bc00000 - 0x00007ffc1bc33000 	C:\Program Files\NVIDIA Corporation\CoProcManager\nvd3d9wrapx.dll
0x00007ffc1df80000 - 0x00007ffc1e15a000 	C:\WINDOWS\system32\SETUPAPI.dll
0x00007ffc1d610000 - 0x00007ffc1d65f000 	C:\WINDOWS\system32\CFGMGR32.dll
0x00007ffc1bbd0000 - 0x00007ffc1bbf3000 	C:\Program Files\NVIDIA Corporation\CoProcManager\nvdxgiwrapx.dll
0x00007ffc1b580000 - 0x00007ffc1b7fb000 	C:\WINDOWS\WinSxS\amd64_microsoft.windows.common-controls_6595b64144ccf1df_6.0.9600.18006_none_623f33d3ecbe86e8\COMCTL32.dll
0x00000000610c0000 - 0x0000000061192000 	C:\Program Files\Java\jdk1.8.0_60\jre\bin\msvcr100.dll
0x00000000611a0000 - 0x0000000061a29000 	C:\Program Files\Java\jdk1.8.0_60\jre\bin\server\jvm.dll
0x00007ffc15420000 - 0x00007ffc15429000 	C:\WINDOWS\SYSTEM32\WSOCK32.dll
0x00007ffc1b800000 - 0x00007ffc1b822000 	C:\WINDOWS\SYSTEM32\WINMM.dll
0x00007ffc1bf90000 - 0x00007ffc1bf9a000 	C:\WINDOWS\SYSTEM32\VERSION.dll
0x00007ffc1e190000 - 0x00007ffc1e197000 	C:\WINDOWS\system32\PSAPI.DLL
0x00007ffc1dbf0000 - 0x00007ffc1dc4a000 	C:\WINDOWS\system32\WS2_32.dll
0x00007ffc1b360000 - 0x00007ffc1b38a000 	C:\WINDOWS\SYSTEM32\WINMMBASE.dll
0x00007ffc1e1a0000 - 0x00007ffc1e1a9000 	C:\WINDOWS\system32\NSI.dll
0x00007ffc1c260000 - 0x00007ffc1c288000 	C:\WINDOWS\SYSTEM32\DEVOBJ.dll
0x00000000637b0000 - 0x00000000637bf000 	C:\Program Files\Java\jdk1.8.0_60\jre\bin\verify.dll
0x0000000063780000 - 0x00000000637a9000 	C:\Program Files\Java\jdk1.8.0_60\jre\bin\java.dll
0x0000000063760000 - 0x0000000063776000 	C:\Program Files\Java\jdk1.8.0_60\jre\bin\zip.dll

VM Arguments:
jvm_args: -Djava.awt.headless=true -Xmx1024M -Dfile.encoding=windows-1252 -Duser.country=US -Duser.language=en -Duser.variant 
java_command: com.android.dx.command.Main --dex --num-threads=4 --output C:\Users\Emin\AndroidStudioProjects\Ribbit\app\build\intermediates\pre-dexed\debug\com.android.support-appcompat-v7-23.1.1_579908352c788dffebb055b380a77b2875307136.jar C:\Users\Emin\AndroidStudioProjects\Ribbit\app\build\intermediates\exploded-aar\com.android.support\appcompat-v7\23.1.1\jars\classes.jar
java_class_path (initial): C:\Users\Emin\AppData\Local\Android\sdk1\build-tools\23.0.1\lib\dx.jar
Launcher Type: SUN_STANDARD

Environment Variables:
PATH=C:\ProgramData\Oracle\Java\javapath;C:\Program Files (x86)\NVIDIA Corporation\PhysX\Common;C:\WINDOWS\system32;C:\WINDOWS;C:\WINDOWS\System32\Wbem;C:\WINDOWS\System32\WindowsPowerShell\v1.0\;C:\Program Files (x86)\Microsoft SQL Server\100\Tools\Binn\;C:\Program Files\Microsoft SQL Server\100\Tools\Binn\;C:\Program Files\Microsoft SQL Server\100\DTS\Binn\;C:\Program Files\Microsoft\Web Platform Installer\;C:\Program Files (x86)\Microsoft ASP.NET\ASP.NET Web Pages\v1.0\;C:\Program Files\Microsoft SQL Server\110\Tools\Binn\;C:\Program Files\Microsoft SQL Server\110\DTS\Binn\;C:\Program Files (x86)\Microsoft SQL Server\110\Tools\Binn\;C:\Program Files (x86)\Microsoft SQL Server\110\Tools\Binn\ManagementStudio\;C:\Program Files (x86)\Microsoft Visual Studio 10.0\Common7\IDE\PrivateAssemblies\;C:\Program Files (x86)\Microsoft SQL Server\110\DTS\Binn\;C:\Program Files\MySQL\MySQL Enterprise Backup 3.10.1\;C:\Program Files (x86)\MySQL\MySQL Utilities 1.3.6\;C:\Program Files (x86)\Skype\Phone\
USERNAME=Emin
OS=Windows_NT
PROCESSOR_IDENTIFIER=Intel64 Family 6 Model 42 Stepping 7, GenuineIntel



---------------  S Y S T E M  ---------------

OS: Windows 8.1 , 64 bit Build 9600 (6.3.9600.17415)

CPU:total 8 (4 cores per cpu, 2 threads per core) family 6 model 42 stepping 7, cmov, cx8, fxsr, mmx, sse, sse2, sse3, ssse3, sse4.1, sse4.2, popcnt, avx, aes, clmul, ht, tsc, tscinvbit

Memory: 4k page, physical 6194232k(1156060k free), swap 9339960k(5700k free)

vm_info: Java HotSpot(TM) 64-Bit Server VM (25.60-b23) for windows-amd64 JRE (1.8.0_60-b27), built on Aug  4 2015 11:06:27 by "java_re" with MS VC++ 10.0 (VS2010)

time: Mon Dec 14 14:44:01 2015
elapsed time: 11 seconds (0d 0h 0m 11s)

