#
# There is insufficient memory for the Java Runtime Environment to continue.
# Native memory allocation (malloc) failed to allocate 116336 bytes for Chunk::new
# Possible reasons:
#   The system is out of physical RAM or swap space
#   In 32 bit mode, the process size limit was hit
# Possible solutions:
#   Reduce memory load on the system
#   Increase physical memory or swap space
#   Check if swap backing store is full
#   Use 64 bit Java on a 64 bit OS
#   Decrease Java heap size (-Xmx/-Xms)
#   Decrease number of Java threads
#   Decrease Java thread stack sizes (-Xss)
#   Set larger code cache with -XX:ReservedCodeCacheSize=
# This output file may be truncated or incomplete.
#
#  Out of Memory Error (allocation.cpp:390), pid=5440, tid=6252
#
# JRE version: Java(TM) SE Runtime Environment (8.0_60-b27) (build 1.8.0_60-b27)
# Java VM: Java HotSpot(TM) 64-Bit Server VM (25.60-b23 mixed mode windows-amd64 compressed oops)
# Failed to write core dump. Minidumps are not enabled by default on client versions of Windows
#

---------------  T H R E A D  ---------------

Current thread (0x0000000008d7b000):  JavaThread "C2 CompilerThread1" daemon [_thread_in_native, id=6252, stack(0x0000000009450000,0x0000000009550000)]

Stack: [0x0000000009450000,0x0000000009550000]
[error occurred during error reporting (printing stack bounds), id 0xc0000005]

Native frames: (J=compiled Java code, j=interpreted, Vv=VM code, C=native code)


Current CompileTask:
C2:   1101  671       4       java.util.HashSet::contains (9 bytes)


---------------  P R O C E S S  ---------------

Java Threads: ( => current thread )
  0x000000000905a800 JavaThread "pool-1-thread-4" [_thread_new, id=7280, stack(0x0000000000000000,0x0000000000000000)]
  0x0000000009059800 JavaThread "pool-1-thread-3" [_thread_in_Java, id=8332, stack(0x0000000009c50000,0x0000000009d50000)]
  0x0000000009056800 JavaThread "pool-1-thread-2" [_thread_in_Java, id=8712, stack(0x0000000009b50000,0x0000000009c50000)]
  0x0000000009050000 JavaThread "pool-2-thread-1" [_thread_blocked, id=7844, stack(0x0000000009a50000,0x0000000009b50000)]
  0x0000000009028800 JavaThread "pool-1-thread-1" [_thread_in_Java, id=9140, stack(0x0000000009950000,0x0000000009a50000)]
  0x0000000008e18800 JavaThread "Service Thread" daemon [_thread_blocked, id=8800, stack(0x0000000009750000,0x0000000009850000)]
  0x0000000008d83000 JavaThread "C1 CompilerThread3" daemon [_thread_in_native, id=2704, stack(0x0000000009650000,0x0000000009750000)]
  0x0000000008d7e000 JavaThread "C2 CompilerThread2" daemon [_thread_blocked, id=6824, stack(0x0000000009550000,0x0000000009650000)]
=>0x0000000008d7b000 JavaThread "C2 CompilerThread1" daemon [_thread_in_native, id=6252, stack(0x0000000009450000,0x0000000009550000)]
  0x0000000008d75800 JavaThread "C2 CompilerThread0" daemon [_thread_in_native, id=3612, stack(0x0000000009350000,0x0000000009450000)]
  0x0000000008d74000 JavaThread "Attach Listener" daemon [_thread_blocked, id=2248, stack(0x0000000009250000,0x0000000009350000)]
  0x0000000008d73000 JavaThread "Signal Dispatcher" daemon [_thread_blocked, id=4484, stack(0x0000000009150000,0x0000000009250000)]
  0x0000000003269000 JavaThread "Finalizer" daemon [_thread_blocked, id=2440, stack(0x0000000008c50000,0x0000000008d50000)]
  0x0000000006d8d000 JavaThread "Reference Handler" daemon [_thread_blocked, id=5468, stack(0x0000000008b50000,0x0000000008c50000)]
  0x000000000306d800 JavaThread "main" [_thread_in_Java, id=2776, stack(0x0000000003070000,0x0000000003170000)]

Other Threads:
  0x0000000006d88800 VMThread [stack: 0x0000000008a50000,0x0000000008b50000] [id=8240]
  0x0000000008e38800 WatcherThread [stack: 0x0000000009850000,0x0000000009950000] [id=8452]

VM state:not at safepoint (normal execution)

VM Mutex/Monitor currently owned by a thread:  ([mutex/lock_event])
[0x0000000003170e50] MethodData_lock - owner thread: 0x0000000000000000

Heap:
 PSYoungGen      total 28672K, used 13327K [0x00000000eab00000, 0x00000000ecb00000, 0x0000000100000000)
  eden space 24576K, 54% used [0x00000000eab00000,0x00000000eb803d80,0x00000000ec300000)
  from space 4096K, 0% used [0x00000000ec700000,0x00000000ec700000,0x00000000ecb00000)
  to   space 4096K, 0% used [0x00000000ec300000,0x00000000ec300000,0x00000000ec700000)
 ParOldGen       total 65536K, used 0K [0x00000000c0000000, 0x00000000c4000000, 0x00000000eab00000)
  object space 65536K, 0% used [0x00000000c0000000,0x00000000c0000000,0x00000000c4000000)
 Metaspace       used 5504K, capacity 6576K, committed 6784K, reserved 1056768K
  class space    used 586K, capacity 616K, committed 640K, reserved 1048576K

Card table byte_map: [0x0000000003630000,0x0000000003840000] byte_map_base: 0x0000000003030000

Marking Bits: (ParMarkBitMap*) 0x00000000619aa5b0
 Begin Bits: [0x00000000041a0000, 0x00000000051a0000)
 End Bits:   [0x00000000051a0000, 0x00000000061a0000)

Polling page: 0x00000000010b0000

CodeCache: size=245760Kb used=2758Kb max_used=2758Kb free=243002Kb
 bounds [0x000000000f010000, 0x000000000f2d0000, 0x000000001e010000]
 total_blobs=945 nmethods=676 adapters=182
 compilation: enabled

Compilation events (10 events):
Event: 1.098 Thread 0x0000000008d83000  664       3       com.android.dx.rop.code.BasicBlock::hasExceptionHandlers (26 bytes)
Event: 1.098 Thread 0x0000000008d83000 nmethod 664 0x000000000f2b6ad0 code [0x000000000f2b6c80, 0x000000000f2b73e8]
Event: 1.098 Thread 0x0000000008d83000  672       3       com.android.dx.ssa.NormalSsaInsn::toRopInsn (19 bytes)
Event: 1.098 Thread 0x0000000008d7e000  676       4       java.util.ArrayList::isEmpty (13 bytes)
Event: 1.098 Thread 0x0000000008d83000 nmethod 672 0x000000000f2b6550 code [0x000000000f2b66c0, 0x000000000f2b6a08]
Event: 1.098 Thread 0x0000000008d83000  665       3       com.android.dx.rop.code.RegisterSpec::<init> (48 bytes)
Event: 1.098 Thread 0x0000000008d7e000 nmethod 676 0x000000000f243110 code [0x000000000f243240, 0x000000000f2432b8]
Event: 1.099 Thread 0x0000000008d83000 nmethod 665 0x000000000f2c1a50 code [0x000000000f2c1be0, 0x000000000f2c1fb8]
Event: 1.099 Thread 0x0000000008d83000  678       3       com.android.dx.ssa.SsaMethod::onSourcesChanged (69 bytes)
Event: 1.099 Thread 0x0000000008d75800 nmethod 674 0x000000000f2b6210 code [0x000000000f2b6360, 0x000000000f2b6498]

GC Heap History (0 events):
No events

Deoptimization events (1 events):
Event: 1.056 Thread 0x000000000306d800 Uncommon trap: reason=unstable_if action=reinterpret pc=0x000000000f22ab78 method=java.util.HashMap.getNode(ILjava/lang/Object;)Ljava/util/HashMap$Node; @ 62

Internal exceptions (2 events):
Event: 0.069 Thread 0x000000000306d800 Exception <a 'java/lang/NoSuchMethodError': Method sun.misc.Unsafe.defineClass(Ljava/lang/String;[BII)Ljava/lang/Class; name or signature does not match> (0x00000000eab0d5a0) thrown at [C:\re\workspace\8-2-build-windows-amd64-cygwin\jdk8u60\4407\hotspot\sreÅ¢ÿ…ü±?
Event: 0.069 Thread 0x000000000306d800 Exception <a 'java/lang/NoSuchMethodError': Method sun.misc.Unsafe.prefetchRead(Ljava/lang/Object;J)V name or signature does not match> (0x00000000eab0d888) thrown at [C:\re\workspace\8-2-build-windows-amd64-cygwin\jdk8u60\4407\hotspot\src\share\vm\prims\j

Events (10 events):
Event: 1.053 loading class com/android/dx/cf/code/Ropper$ExceptionHandlerSetup done
Event: 1.055 loading class java/util/HashMap$Values
Event: 1.055 loading class java/util/HashMap$Values done
Event: 1.055 loading class java/util/HashMap$ValueIterator
Event: 1.055 loading class java/util/HashMap$ValueIterator done
Event: 1.056 Thread 0x000000000306d800 Uncommon trap: trap_request=0xffffff65 fr.pc=0x000000000f22ab78
Event: 1.056 Thread 0x000000000306d800 DEOPT PACKING pc=0x000000000f22ab78 sp=0x000000000316e330
Event: 1.056 Thread 0x000000000306d800 DEOPT UNPACKING pc=0x000000000f05582a sp=0x000000000316e2a8 mode 2
Event: 1.084 loading class java/util/ArrayList$1
Event: 1.084 loading class java/util/ArrayList$1 done


Dynamic libraries:
0x00007ff77e500000 - 0x00007ff77e537000 	C:\Program Files\Java\jdk1.8.0_60\bin\java.exe
0x00007ffc20340000 - 0x00007ffc204ec000 	C:\WINDOWS\SYSTEM32\ntdll.dll
0x00007ffc1dc90000 - 0x00007ffc1ddce000 	C:\WINDOWS\system32\KERNEL32.DLL
0x00007ffc1d660000 - 0x00007ffc1d775000 	C:\WINDOWS\system32\KERNELBASE.dll
0x00007ffc1bf00000 - 0x00007ffc1bf8e000 	C:\WINDOWS\system32\apphelp.dll
0x00007ffc16100000 - 0x00007ffc16153000 	C:\WINDOWS\AppPatch\AppPatch64\AcGenral.DLL
0x00007ffc1ea10000 - 0x00007ffc1eaba000 	C:\WINDOWS\system32\msvcrt.dll
0x00007ffc1d220000 - 0x00007ffc1d24e000 	C:\WINDOWS\SYSTEM32\SspiCli.dll
0x00007ffc1e9b0000 - 0x00007ffc1ea04000 	C:\WINDOWS\system32\SHLWAPI.dll
0x00007ffc1e5d0000 - 0x00007ffc1e747000 	C:\WINDOWS\system32\USER32.dll
0x00007ffc1e750000 - 0x00007ffc1e8e4000 	C:\WINDOWS\system32\ole32.dll
0x00007ffc1ece0000 - 0x00007ffc2020b000 	C:\WINDOWS\system32\SHELL32.dll
0x00007ffc1c9f0000 - 0x00007ffc1ca11000 	C:\WINDOWS\SYSTEM32\USERENV.dll
0x00007ffc1e520000 - 0x00007ffc1e5ca000 	C:\WINDOWS\system32\ADVAPI32.dll
0x00007ffc141a0000 - 0x00007ffc141be000 	C:\WINDOWS\SYSTEM32\MPR.dll
0x00007ffc1e310000 - 0x00007ffc1e451000 	C:\WINDOWS\system32\RPCRT4.dll
0x00007ffc1d9c0000 - 0x00007ffc1da19000 	C:\WINDOWS\SYSTEM32\sechost.dll
0x00007ffc1eac0000 - 0x00007ffc1ecd1000 	C:\WINDOWS\SYSTEM32\combase.dll
0x00007ffc1da30000 - 0x00007ffc1db7f000 	C:\WINDOWS\system32\GDI32.dll
0x00007ffc1d490000 - 0x00007ffc1d4a5000 	C:\WINDOWS\SYSTEM32\profapi.dll
0x00007ffc1bfa0000 - 0x00007ffc1c052000 	C:\WINDOWS\SYSTEM32\SHCORE.dll
0x00007ffc1dc50000 - 0x00007ffc1dc86000 	C:\WINDOWS\system32\IMM32.DLL
0x00007ffc1e1b0000 - 0x00007ffc1e302000 	C:\WINDOWS\system32\MSCTF.dll
0x00007ffc1d440000 - 0x00007ffc1d472000 	C:\WINDOWS\system32\nvinitx.dll
0x000000000f000000 - 0x000000000f006000 	C:\Program Files\NVIDIA Corporation\CoProcManager\_etoured.dll
0x00007ffc1bc00000 - 0x00007ffc1bc33000 	C:\Program Files\NVIDIA Corporation\CoProcManager\nvd3d9wrapx.dll
0x00007ffc1df80000 - 0x00007ffc1e15a000 	C:\WINDOWS\system32\SETUPAPI.dll
0x00007ffc1d610000 - 0x00007ffc1d65f000 	C:\WINDOWS\system32\CFGMGR32.dll
0x00007ffc1bbd0000 - 0x00007ffc1bbf3000 	C:\Program Files\NVIDIA Corporation\CoProcManager\nvdxgiwrapx.dll
0x00007ffc1b580000 - 0x00007ffc1b7fb000 	C:\WINDOWS\WinSxS\amd64_microsoft.windows.common-controls_6595b64144ccf1df_6.0.9600.18006_none_623f33d3ecbe86e8\COMCTL32.dll
0x00000000610c0000 - 0x0000000061192000 	C:\Program Files\Java\jdk1.8.0_60\jre\bin\msvcr100.dll
0x00000000611a0000 - 0x0000000061a29000 	C:\Program Files\Java\jdk1.8.0_60\jre\bin\server\jvm.dll
0x00007ffc15420000 - 0x00007ffc15429000 	C:\WINDOWS\SYSTEM32\WSOCK32.dll
0x00007ffc1b800000 - 0x00007ffc1b822000 	C:\WINDOWS\SYSTEM32\WINMM.dll
0x00007ffc1bf90000 - 0x00007ffc1bf9a000 	C:\WINDOWS\SYSTEM32\VERSION.dll
0x00007ffc1e190000 - 0x00007ffc1e197000 	C:\WINDOWS\system32\PSAPI.DLL
0x00007ffc1dbf0000 - 0x00007ffc1dc4a000 	C:\WINDOWS\system32\WS2_32.dll
0x00007ffc1b360000 - 0x00007ffc1b38a000 	C:\WINDOWS\SYSTEM32\WINMMBASE.dll
0x00007ffc1e1a0000 - 0x00007ffc1e1a9000 	C:\WINDOWS\system32\NSI.dll
0x00007ffc1c260000 - 0x00007ffc1c288000 	C:\WINDOWS\SYSTEM32\DEVOBJ.dll
0x0000000065600000 - 0x000000006560f000 	C:\Program Files\Java\jdk1.8.0_60\jre\bin\verify.dll
0x00000000655d0000 - 0x00000000655f9000 	C:\Program Files\Java\jdk1.8.0_60\jre\bin\java.dll
0x00000000655b0000 - 0x00000000655c6000 	C:\Program Files\Java\jdk1.8.0_60\jre\bin\zip.dll

VM Arguments:
jvm_args: -Djava.awt.headless=true -Xmx1024M -Dfile.encoding=windows-1252 -Duser.country=US -Duser.language=en -Duser.variant 
java_command: com.android.dx.command.Main --dex --num-threads=4 --output C:\Users\Emin\AndroidStudioProjects\Ribbit\app\build\intermediates\pre-dexed\debug\com.android.support-support-v4-23.1.1_5edf24e9ce272f5ce35acb26dc1e5cf97bf9453a.jar C:\Users\Emin\AndroidStudioProjects\Ribbit\app\build\intermediates\exploded-aar\com.android.support\support-v4\23.1.1\jars\classes.jar
java_class_path (initial): C:\Users\Emin\AppData\Local\Android\sdk1\build-tools\23.0.1\lib\dx.jar
Launcher Type: SUN_STANDARD

Environment Variables:
PATH=C:\ProgramData\Oracle\Java\javapath;C:\Program Files (x86)\NVIDIA Corporation\PhysX\Common;C:\WINDOWS\system32;C:\WINDOWS;C:\WINDOWS\System32\Wbem;C:\WINDOWS\System32\WindowsPowerShell\v1.0\;C:\Program Files (x86)\Microsoft SQL Server\100\Tools\Binn\;C:\Program Files\Microsoft SQL Server\100\Tools\Binn\;C:\Program Files\Microsoft SQL Server\100\DTS\Binn\;C:\Program Files\Microsoft\Web Platform Installer\;C:\Program Files (x86)\Microsoft ASP.NET\ASP.NET Web Pages\v1.0\;C:\Program Files\Microsoft SQL Server\110\Tools\Binn\;C:\Program Files\Microsoft SQL Server\110\DTS\Binn\;C:\Program Files (x86)\Microsoft SQL Server\110\Tools\Binn\;C:\Program Files (x86)\Microsoft SQL Server\110\Tools\Binn\ManagementStudio\;C:\Program Files (x86)\Microsoft Visual Studio 10.0\Common7\IDE\PrivateAssemblies\;C:\Program Files (x86)\Microsoft SQL Server\110\DTS\Binn\;C:\Program Files\MySQL\MySQL Enterprise Backup 3.10.1\;C:\Program Files (x86)\MySQL\MySQL Utilities 1.3.6\;C:\Program Files (x86)\Skype\Phone\
USERNAME=Emin
OS=Windows_NT
PROCESSOR_IDENTIFIER=Intel64 Family 6 Model 42 Stepping 7, GenuineIntel



---------------  S Y S T E M  ---------------

OS: Windows 8.1 , 64 bit Build 9600 (6.3.9600.17415)

CPU:total 8 (4 cores per cpu, 2 threads per core) family 6 model 42 stepping 7, cmov, cx8, fxsr, mmx, sse, sse2, sse3, ssse3, sse4.1, sse4.2, popcnt, avx, aes, clmul, ht, tsc, tscinvbit

Memory: 4k page, physical 6194232k(1054344k free), swap 9339960k(5244k free)

vm_info: Java HotSpot(TM) 64-Bit Server VM (25.60-b23) for windows-amd64 JRE (1.8.0_60-b27), built on Aug  4 2015 11:06:27 by "java_re" with MS VC++ 10.0 (VS2010)

time: Mon Dec 14 01:07:09 2015
elapsed time: 1 seconds (0d 0h 0m 1s)

