#
# There is insufficient memory for the Java Runtime Environment to continue.
# Native memory allocation (malloc) failed to allocate 89056 bytes for Chunk::new
# Possible reasons:
#   The system is out of physical RAM or swap space
#   In 32 bit mode, the process size limit was hit
# Possible solutions:
#   Reduce memory load on the system
#   Increase physical memory or swap space
#   Check if swap backing store is full
#   Use 64 bit Java on a 64 bit OS
#   Decrease Java heap size (-Xmx/-Xms)
#   Decrease number of Java threads
#   Decrease Java thread stack sizes (-Xss)
#   Set larger code cache with -XX:ReservedCodeCacheSize=
# This output file may be truncated or incomplete.
#
#  Out of Memory Error (allocation.cpp:390), pid=5980, tid=8888
#
# JRE version: Java(TM) SE Runtime Environment (8.0_60-b27) (build 1.8.0_60-b27)
# Java VM: Java HotSpot(TM) 64-Bit Server VM (25.60-b23 mixed mode windows-amd64 compressed oops)
# Failed to write core dump. Minidumps are not enabled by default on client versions of Windows
#

---------------  T H R E A D  ---------------

Current thread (0x00000000089df800):  JavaThread "C2 CompilerThread2" daemon [_thread_in_native, id=8888, stack(0x00000000091b0000,0x00000000092b0000)]

Stack: [0x00000000091b0000,0x00000000092b0000]
[error occurred during error reporting (printing stack bounds), id 0xc0000005]

Native frames: (J=compiled Java code, j=interpreted, Vv=VM code, C=native code)


Current CompileTask:
C2:   1864  822       4       java.util.Arrays::equals (78 bytes)


---------------  P R O C E S S  ---------------

Java Threads: ( => current thread )
  0x0000000008c7e000 JavaThread "pool-1-thread-4" [_thread_in_Java, id=4092, stack(0x00000000099b0000,0x0000000009ab0000)]
  0x0000000008bb5800 JavaThread "pool-1-thread-2" [_thread_in_Java, id=2592, stack(0x00000000097b0000,0x00000000098b0000)]
  0x0000000008bb4000 JavaThread "pool-2-thread-1" [_thread_blocked, id=7452, stack(0x00000000096b0000,0x00000000097b0000)]
  0x0000000008bb3800 JavaThread "pool-1-thread-1" [_thread_in_Java, id=8108, stack(0x00000000095b0000,0x00000000096b0000)]
  0x0000000008a47000 JavaThread "Service Thread" daemon [_thread_blocked, id=5148, stack(0x00000000093b0000,0x00000000094b0000)]
  0x0000000008a2f000 JavaThread "C1 CompilerThread3" daemon [_thread_in_native, id=8208, stack(0x00000000092b0000,0x00000000093b0000)]
=>0x00000000089df800 JavaThread "C2 CompilerThread2" daemon [_thread_in_native, id=8888, stack(0x00000000091b0000,0x00000000092b0000)]
  0x00000000089dc800 JavaThread "C2 CompilerThread1" daemon [_thread_blocked, id=8964, stack(0x00000000090b0000,0x00000000091b0000)]
  0x00000000089d7000 JavaThread "C2 CompilerThread0" daemon [_thread_blocked, id=6992, stack(0x0000000008fb0000,0x00000000090b0000)]
  0x00000000089d6000 JavaThread "Attach Listener" daemon [_thread_blocked, id=9140, stack(0x0000000008eb0000,0x0000000008fb0000)]
  0x00000000089d5000 JavaThread "Signal Dispatcher" daemon [_thread_blocked, id=6184, stack(0x0000000008db0000,0x0000000008eb0000)]
  0x0000000002dc5000 JavaThread "Finalizer" daemon [_thread_blocked, id=8880, stack(0x00000000087d0000,0x00000000088d0000)]
  0x00000000068ed000 JavaThread "Reference Handler" daemon [_thread_blocked, id=5500, stack(0x00000000086d0000,0x00000000087d0000)]
  0x0000000002bcd800 JavaThread "main" [_thread_blocked, id=8164, stack(0x0000000002bd0000,0x0000000002cd0000)]

Other Threads:
  0x00000000068e8800 VMThread [stack: 0x00000000085d0000,0x00000000086d0000] [id=7604]
  0x0000000008a4c000 WatcherThread [stack: 0x00000000094b0000,0x00000000095b0000] [id=4228]

VM state:not at safepoint (normal execution)

VM Mutex/Monitor currently owned by a thread:  ([mutex/lock_event])
[0x0000000002bcbda0] CodeCache_lock - owner thread: 0x0000000008a2f000
[0x0000000002cd1a50] Compile_lock - owner thread: 0x0000000008a2f000
[0x0000000002cd1ed0] MethodCompileQueue_lock - owner thread: 0x0000000000000000

Heap:
 PSYoungGen      total 28672K, used 15998K [0x00000000eab00000, 0x00000000ecb00000, 0x0000000100000000)
  eden space 24576K, 65% used [0x00000000eab00000,0x00000000eba9f9c8,0x00000000ec300000)
  from space 4096K, 0% used [0x00000000ec700000,0x00000000ec700000,0x00000000ecb00000)
  to   space 4096K, 0% used [0x00000000ec300000,0x00000000ec300000,0x00000000ec700000)
 ParOldGen       total 65536K, used 0K [0x00000000c0000000, 0x00000000c4000000, 0x00000000eab00000)
  object space 65536K, 0% used [0x00000000c0000000,0x00000000c0000000,0x00000000c4000000)
 Metaspace       used 5654K, capacity 6768K, committed 7040K, reserved 1056768K
  class space    used 591K, capacity 616K, committed 640K, reserved 1048576K

Card table byte_map: [0x0000000003190000,0x00000000033a0000] byte_map_base: 0x0000000002b90000

Marking Bits: (ParMarkBitMap*) 0x00000000619aa5b0
 Begin Bits: [0x0000000003d00000, 0x0000000004d00000)
 End Bits:   [0x0000000004d00000, 0x0000000005d00000)

Polling page: 0x0000000000db0000

CodeCache: size=245760Kb used=3326Kb max_used=3326Kb free=242433Kb
 bounds [0x000000000f010000, 0x000000000f360000, 0x000000001e010000]
 total_blobs=1079 nmethods=809 adapters=182
 compilation: enabled

Compilation events (10 events):
Event: 1.859 Thread 0x0000000008a2f000  816       3       com.android.dx.ssa.SsaBasicBlock::removeAllPhiInsns (18 bytes)
Event: 1.860 Thread 0x0000000008a2f000 nmethod 816 0x000000000f34f090 code [0x000000000f34f260, 0x000000000f34f808]
Event: 1.860 Thread 0x00000000089d7000 nmethod 821 0x000000000f343b90 code [0x000000000f343ce0, 0x000000000f343e58]
Event: 1.860 Thread 0x0000000008a2f000  817       3       java.util.AbstractList::clear (10 bytes)
Event: 1.860 Thread 0x0000000008a2f000 nmethod 817 0x000000000f33ee50 code [0x000000000f33efc0, 0x000000000f33f298]
Event: 1.860 Thread 0x0000000008a2f000  818       3       java.util.ArrayList$SubList::removeRange (47 bytes)
Event: 1.861 Thread 0x0000000008a2f000 nmethod 818 0x000000000f34e990 code [0x000000000f34eb20, 0x000000000f34ee98]
Event: 1.861 Thread 0x0000000008a2f000  793       3       com.android.dx.rop.cst.CstLiteral32::equals (35 bytes)
Event: 1.861 Thread 0x0000000008a2f000 nmethod 793 0x000000000f34e2d0 code [0x000000000f34e440, 0x000000000f34e890]
Event: 1.861 Thread 0x0000000008a2f000  805       3       com.android.dx.dex.code.RopToDop::dopFor (792 bytes)

GC Heap History (0 events):
No events

Deoptimization events (2 events):
Event: 1.233 Thread 0x0000000008bb3800 Uncommon trap: reason=unstable_if action=reinterpret pc=0x000000000f2033b0 method=java.util.BitSet.nextSetBit(I)I @ 87
Event: 1.311 Thread 0x0000000008c7e000 Uncommon trap: reason=unstable_if action=reinterpret pc=0x000000000f200328 method=java.util.HashMap.getNode(ILjava/lang/Object;)Ljava/util/HashMap$Node; @ 129

Internal exceptions (2 events):
Event: 0.080 Thread 0x0000000002bcd800 Exception <a 'java/lang/NoSuchMethodError': Method sun.misc.Unsafe.defineClass(Ljava/lang/String;[BII)Ljava/lang/Class; name or signature does not match> (0x00000000eab0d8d0) thrown at [C:\re\workspace\8-2-build-windows-amd64-cygwin\jdk8u60\4407\hotspot\sr_[ä&#j´?
Event: 0.080 Thread 0x0000000002bcd800 Exception <a 'java/lang/NoSuchMethodError': Method sun.misc.Unsafe.prefetchRead(Ljava/lang/Object;J)V name or signature does not match> (0x00000000eab0dbb8) thrown at [C:\re\workspace\8-2-build-windows-amd64-cygwin\jdk8u60\4407\hotspot\src\share\vm\prims\j

Events (10 events):
Event: 1.314 loading class java/util/HashMap$ValueIterator done
Event: 1.337 Executing VM operation: ForceSafepoint
Event: 1.588 Executing VM operation: ForceSafepoint done
Event: 1.620 loading class java/util/ArrayList$1
Event: 1.621 loading class java/util/ArrayList$1 done
Event: 1.624 loading class java/util/HashMap$KeySet
Event: 1.624 loading class java/util/HashMap$KeySet done
Event: 1.624 loading class java/util/HashMap$KeyIterator
Event: 1.625 loading class java/util/HashMap$KeyIterator done
Event: 1.845 Thread 0x0000000008bb7000 Thread exited: 0x0000000008bb7000


Dynamic libraries:
0x00007ff77e500000 - 0x00007ff77e537000 	C:\Program Files\Java\jdk1.8.0_60\bin\java.exe
0x00007ffc20340000 - 0x00007ffc204ec000 	C:\WINDOWS\SYSTEM32\ntdll.dll
0x00007ffc1dc90000 - 0x00007ffc1ddce000 	C:\WINDOWS\system32\KERNEL32.DLL
0x00007ffc1d660000 - 0x00007ffc1d775000 	C:\WINDOWS\system32\KERNELBASE.dll
0x00007ffc1bf00000 - 0x00007ffc1bf8e000 	C:\WINDOWS\system32\apphelp.dll
0x00007ffc16100000 - 0x00007ffc16153000 	C:\WINDOWS\AppPatch\AppPatch64\AcGenral.DLL
0x00007ffc1ea10000 - 0x00007ffc1eaba000 	C:\WINDOWS\system32\msvcrt.dll
0x00007ffc1d220000 - 0x00007ffc1d24e000 	C:\WINDOWS\SYSTEM32\SspiCli.dll
0x00007ffc1e9b0000 - 0x00007ffc1ea04000 	C:\WINDOWS\system32\SHLWAPI.dll
0x00007ffc1e5d0000 - 0x00007ffc1e747000 	C:\WINDOWS\system32\USER32.dll
0x00007ffc1e750000 - 0x00007ffc1e8e4000 	C:\WINDOWS\system32\ole32.dll
0x00007ffc1ece0000 - 0x00007ffc2020b000 	C:\WINDOWS\system32\SHELL32.dll
0x00007ffc1c9f0000 - 0x00007ffc1ca11000 	C:\WINDOWS\SYSTEM32\USERENV.dll
0x00007ffc1e520000 - 0x00007ffc1e5ca000 	C:\WINDOWS\system32\ADVAPI32.dll
0x00007ffc141a0000 - 0x00007ffc141be000 	C:\WINDOWS\SYSTEM32\MPR.dll
0x00007ffc1e310000 - 0x00007ffc1e451000 	C:\WINDOWS\system32\RPCRT4.dll
0x00007ffc1d9c0000 - 0x00007ffc1da19000 	C:\WINDOWS\SYSTEM32\sechost.dll
0x00007ffc1eac0000 - 0x00007ffc1ecd1000 	C:\WINDOWS\SYSTEM32\combase.dll
0x00007ffc1da30000 - 0x00007ffc1db7f000 	C:\WINDOWS\system32\GDI32.dll
0x00007ffc1d490000 - 0x00007ffc1d4a5000 	C:\WINDOWS\SYSTEM32\profapi.dll
0x00007ffc1bfa0000 - 0x00007ffc1c052000 	C:\WINDOWS\SYSTEM32\SHCORE.dll
0x00007ffc1dc50000 - 0x00007ffc1dc86000 	C:\WINDOWS\system32\IMM32.DLL
0x00007ffc1e1b0000 - 0x00007ffc1e302000 	C:\WINDOWS\system32\MSCTF.dll
0x00007ffc1d440000 - 0x00007ffc1d472000 	C:\WINDOWS\system32\nvinitx.dll
0x000000000f000000 - 0x000000000f006000 	C:\Program Files\NVIDIA Corporation\CoProcManager\_etoured.dll
0x00007ffc1bc00000 - 0x00007ffc1bc33000 	C:\Program Files\NVIDIA Corporation\CoProcManager\nvd3d9wrapx.dll
0x00007ffc1df80000 - 0x00007ffc1e15a000 	C:\WINDOWS\system32\SETUPAPI.dll
0x00007ffc1d610000 - 0x00007ffc1d65f000 	C:\WINDOWS\system32\CFGMGR32.dll
0x00007ffc1bbd0000 - 0x00007ffc1bbf3000 	C:\Program Files\NVIDIA Corporation\CoProcManager\nvdxgiwrapx.dll
0x00007ffc1b580000 - 0x00007ffc1b7fb000 	C:\WINDOWS\WinSxS\amd64_microsoft.windows.common-controls_6595b64144ccf1df_6.0.9600.18006_none_623f33d3ecbe86e8\COMCTL32.dll
0x00000000610c0000 - 0x0000000061192000 	C:\Program Files\Java\jdk1.8.0_60\jre\bin\msvcr100.dll
0x00000000611a0000 - 0x0000000061a29000 	C:\Program Files\Java\jdk1.8.0_60\jre\bin\server\jvm.dll
0x00007ffc15420000 - 0x00007ffc15429000 	C:\WINDOWS\SYSTEM32\WSOCK32.dll
0x00007ffc1b800000 - 0x00007ffc1b822000 	C:\WINDOWS\SYSTEM32\WINMM.dll
0x00007ffc1bf90000 - 0x00007ffc1bf9a000 	C:\WINDOWS\SYSTEM32\VERSION.dll
0x00007ffc1e190000 - 0x00007ffc1e197000 	C:\WINDOWS\system32\PSAPI.DLL
0x00007ffc1dbf0000 - 0x00007ffc1dc4a000 	C:\WINDOWS\system32\WS2_32.dll
0x00007ffc1b360000 - 0x00007ffc1b38a000 	C:\WINDOWS\SYSTEM32\WINMMBASE.dll
0x00007ffc1e1a0000 - 0x00007ffc1e1a9000 	C:\WINDOWS\system32\NSI.dll
0x00007ffc1c260000 - 0x00007ffc1c288000 	C:\WINDOWS\SYSTEM32\DEVOBJ.dll
0x0000000065600000 - 0x000000006560f000 	C:\Program Files\Java\jdk1.8.0_60\jre\bin\verify.dll
0x00000000655d0000 - 0x00000000655f9000 	C:\Program Files\Java\jdk1.8.0_60\jre\bin\java.dll
0x00000000655b0000 - 0x00000000655c6000 	C:\Program Files\Java\jdk1.8.0_60\jre\bin\zip.dll

VM Arguments:
jvm_args: -Djava.awt.headless=true -Xmx1024M -Dfile.encoding=windows-1252 -Duser.country=US -Duser.language=en -Duser.variant 
java_command: com.android.dx.command.Main --dex --num-threads=4 --output C:\Users\Emin\AndroidStudioProjects\Ribbit\app\build\intermediates\pre-dexed\debug\bolts-applinks-1.3.0_61fa3b1650d4fe1436be75d088107f2695efb62e.jar C:\Users\Emin\.gradle\caches\modules-2\files-2.1\com.parse.bolts\bolts-applinks\1.3.0\bc535105332645408ef5f1380215cc954b842178\bolts-applinks-1.3.0.jar
java_class_path (initial): C:\Users\Emin\AppData\Local\Android\sdk1\build-tools\23.0.1\lib\dx.jar
Launcher Type: SUN_STANDARD

Environment Variables:
PATH=C:\ProgramData\Oracle\Java\javapath;C:\Program Files (x86)\NVIDIA Corporation\PhysX\Common;C:\WINDOWS\system32;C:\WINDOWS;C:\WINDOWS\System32\Wbem;C:\WINDOWS\System32\WindowsPowerShell\v1.0\;C:\Program Files (x86)\Microsoft SQL Server\100\Tools\Binn\;C:\Program Files\Microsoft SQL Server\100\Tools\Binn\;C:\Program Files\Microsoft SQL Server\100\DTS\Binn\;C:\Program Files\Microsoft\Web Platform Installer\;C:\Program Files (x86)\Microsoft ASP.NET\ASP.NET Web Pages\v1.0\;C:\Program Files\Microsoft SQL Server\110\Tools\Binn\;C:\Program Files\Microsoft SQL Server\110\DTS\Binn\;C:\Program Files (x86)\Microsoft SQL Server\110\Tools\Binn\;C:\Program Files (x86)\Microsoft SQL Server\110\Tools\Binn\ManagementStudio\;C:\Program Files (x86)\Microsoft Visual Studio 10.0\Common7\IDE\PrivateAssemblies\;C:\Program Files (x86)\Microsoft SQL Server\110\DTS\Binn\;C:\Program Files\MySQL\MySQL Enterprise Backup 3.10.1\;C:\Program Files (x86)\MySQL\MySQL Utilities 1.3.6\;C:\Program Files (x86)\Skype\Phone\
USERNAME=Emin
OS=Windows_NT
PROCESSOR_IDENTIFIER=Intel64 Family 6 Model 42 Stepping 7, GenuineIntel



---------------  S Y S T E M  ---------------

OS: Windows 8.1 , 64 bit Build 9600 (6.3.9600.17415)

CPU:total 8 (4 cores per cpu, 2 threads per core) family 6 model 42 stepping 7, cmov, cx8, fxsr, mmx, sse, sse2, sse3, ssse3, sse4.1, sse4.2, popcnt, avx, aes, clmul, ht, tsc, tscinvbit

Memory: 4k page, physical 6194232k(1203200k free), swap 9339960k(5104k free)

vm_info: Java HotSpot(TM) 64-Bit Server VM (25.60-b23) for windows-amd64 JRE (1.8.0_60-b27), built on Aug  4 2015 11:06:27 by "java_re" with MS VC++ 10.0 (VS2010)

time: Mon Dec 14 01:11:15 2015
elapsed time: 1 seconds (0d 0h 0m 1s)

