#
# There is insufficient memory for the Java Runtime Environment to continue.
# Native memory allocation (malloc) failed to allocate 32744 bytes for ChunkPool::allocate
# Possible reasons:
#   The system is out of physical RAM or swap space
#   In 32 bit mode, the process size limit was hit
# Possible solutions:
#   Reduce memory load on the system
#   Increase physical memory or swap space
#   Check if swap backing store is full
#   Use 64 bit Java on a 64 bit OS
#   Decrease Java heap size (-Xmx/-Xms)
#   Decrease number of Java threads
#   Decrease Java thread stack sizes (-Xss)
#   Set larger code cache with -XX:ReservedCodeCacheSize=
# This output file may be truncated or incomplete.
#
#  Out of Memory Error (allocation.cpp:273), pid=3152, tid=5004
#
# JRE version: Java(TM) SE Runtime Environment (8.0_60-b27) (build 1.8.0_60-b27)
# Java VM: Java HotSpot(TM) 64-Bit Server VM (25.60-b23 mixed mode windows-amd64 compressed oops)
# Failed to write core dump. Minidumps are not enabled by default on client versions of Windows
#

---------------  T H R E A D  ---------------

Current thread (0x0000000008835000):  JavaThread "C2 CompilerThread2" daemon [_thread_in_native, id=5004, stack(0x0000000008fb0000,0x00000000090b0000)]

Stack: [0x0000000008fb0000,0x00000000090b0000]
[error occurred during error reporting (printing stack bounds), id 0xc0000005]

Native frames: (J=compiled Java code, j=interpreted, Vv=VM code, C=native code)


Current CompileTask:
C2:   5578 1494       4       com.android.dx.cf.code.BaseMachine::getLocalTarget (151 bytes)


---------------  P R O C E S S  ---------------

Java Threads: ( => current thread )
  0x0000000008ac1000 JavaThread "pool-1-thread-4" [_thread_in_Java, id=6892, stack(0x00000000097b0000,0x00000000098b0000)]
  0x0000000008aba000 JavaThread "pool-1-thread-3" [_thread_blocked, id=4996, stack(0x00000000096b0000,0x00000000097b0000)]
  0x0000000008aa0000 JavaThread "pool-1-thread-2" [_thread_blocked, id=8312, stack(0x00000000095b0000,0x00000000096b0000)]
  0x0000000008a99000 JavaThread "pool-2-thread-1" [_thread_blocked, id=8448, stack(0x00000000094b0000,0x00000000095b0000)]
  0x0000000008a9d800 JavaThread "pool-1-thread-1" [_thread_blocked, id=6456, stack(0x00000000093b0000,0x00000000094b0000)]
  0x0000000008846800 JavaThread "Service Thread" daemon [_thread_blocked, id=4308, stack(0x00000000091b0000,0x00000000092b0000)]
  0x0000000008837800 JavaThread "C1 CompilerThread3" daemon [_thread_in_native, id=3824, stack(0x00000000090b0000,0x00000000091b0000)]
=>0x0000000008835000 JavaThread "C2 CompilerThread2" daemon [_thread_in_native, id=5004, stack(0x0000000008fb0000,0x00000000090b0000)]
  0x0000000008830000 JavaThread "C2 CompilerThread1" daemon [_thread_in_native, id=3300, stack(0x0000000008eb0000,0x0000000008fb0000)]
  0x00000000087d5800 JavaThread "C2 CompilerThread0" daemon [_thread_blocked, id=1424, stack(0x0000000008db0000,0x0000000008eb0000)]
  0x00000000087d4000 JavaThread "Attach Listener" daemon [_thread_blocked, id=8960, stack(0x0000000008cb0000,0x0000000008db0000)]
  0x00000000087d3800 JavaThread "Signal Dispatcher" daemon [_thread_blocked, id=7592, stack(0x0000000008bb0000,0x0000000008cb0000)]
  0x0000000002be9000 JavaThread "Finalizer" daemon [_thread_blocked, id=6072, stack(0x00000000085d0000,0x00000000086d0000)]
  0x0000000002be2000 JavaThread "Reference Handler" daemon [_thread_blocked, id=8160, stack(0x00000000084d0000,0x00000000085d0000)]
  0x0000000000b4d800 JavaThread "main" [_thread_blocked, id=5768, stack(0x00000000029f0000,0x0000000002af0000)]

Other Threads:
  0x0000000006709800 VMThread [stack: 0x00000000083d0000,0x00000000084d0000] [id=4060]
  0x000000000885f800 WatcherThread [stack: 0x00000000092b0000,0x00000000093b0000] [id=2064]

VM state:not at safepoint (normal execution)

VM Mutex/Monitor currently owned by a thread: None

Heap:
 PSYoungGen      total 28672K, used 27395K [0x00000000eab00000, 0x00000000ee300000, 0x0000000100000000)
  eden space 24576K, 94% used [0x00000000eab00000,0x00000000ec1c38a0,0x00000000ec300000)
  from space 4096K, 99% used [0x00000000ec300000,0x00000000ec6fd530,0x00000000ec700000)
  to   space 4096K, 0% used [0x00000000edf00000,0x00000000edf00000,0x00000000ee300000)
 ParOldGen       total 65536K, used 1490K [0x00000000c0000000, 0x00000000c4000000, 0x00000000eab00000)
  object space 65536K, 2% used [0x00000000c0000000,0x00000000c01749d8,0x00000000c4000000)
 Metaspace       used 6064K, capacity 7088K, committed 7296K, reserved 1056768K
  class space    used 594K, capacity 616K, committed 640K, reserved 1048576K

Card table byte_map: [0x0000000002fb0000,0x00000000031c0000] byte_map_base: 0x00000000029b0000

Marking Bits: (ParMarkBitMap*) 0x00000000619aa5b0
 Begin Bits: [0x0000000003b20000, 0x0000000004b20000)
 End Bits:   [0x0000000004b20000, 0x0000000005b20000)

Polling page: 0x0000000000b10000

CodeCache: size=245760Kb used=6143Kb max_used=6148Kb free=239616Kb
 bounds [0x000000000f010000, 0x000000000f620000, 0x000000001e010000]
 total_blobs=1747 nmethods=1478 adapters=182
 compilation: enabled

Compilation events (10 events):
Event: 5.517 Thread 0x0000000008835000 nmethod 1483 0x000000000f5f2290 code [0x000000000f5f23e0, 0x000000000f5f25b8]
Event: 5.518 Thread 0x0000000008837800 1484       3       java.util.concurrent.locks.AbstractQueuedSynchronizer$Node::predecessor (19 bytes)
Event: 5.518 Thread 0x0000000008837800 nmethod 1484 0x000000000f5f1e10 code [0x000000000f5f1f80, 0x000000000f5f21c8]
Event: 5.553 Thread 0x0000000008837800 1485       3       java.util.concurrent.locks.AbstractQueuedSynchronizer::acquire (27 bytes)
Event: 5.554 Thread 0x0000000008837800 nmethod 1485 0x000000000f5f9290 code [0x000000000f5f9440, 0x000000000f5f98f8]
Event: 5.568 Thread 0x0000000008837800 1486   !   3       com.android.dx.cf.cst.ConstantPoolParser::determineOffsets (285 bytes)
Event: 5.569 Thread 0x00000000087d5800 1487   !   4       com.android.dx.cf.cst.ConstantPoolParser::parseUtf8 (47 bytes)
Event: 5.571 Thread 0x0000000008837800 nmethod 1486 0x000000000f5f6050 code [0x000000000f5f63e0, 0x000000000f5f7ed8]
Event: 5.571 Thread 0x0000000008837800 1488       3       com.android.dx.cf.cst.ConstantPoolParser::parse (365 bytes)
Event: 5.574 Thread 0x0000000008835000 1494       4       com.android.dx.cf.code.BaseMachine::getLocalTarget (151 bytes)

GC Heap History (2 events):
Event: 3.650 GC heap before
{Heap before GC invocations=1 (full 0):
 PSYoungGen      total 28672K, used 24576K [0x00000000eab00000, 0x00000000ecb00000, 0x0000000100000000)
  eden space 24576K, 100% used [0x00000000eab00000,0x00000000ec300000,0x00000000ec300000)
  from space 4096K, 0% used [0x00000000ec700000,0x00000000ec700000,0x00000000ecb00000)
  to   space 4096K, 0% used [0x00000000ec300000,0x00000000ec300000,0x00000000ec700000)
 ParOldGen       total 65536K, used 24K [0x00000000c0000000, 0x00000000c4000000, 0x00000000eab00000)
  object space 65536K, 0% used [0x00000000c0000000,0x00000000c0006270,0x00000000c4000000)
 Metaspace       used 5825K, capacity 6832K, committed 7040K, reserved 1056768K
  class space    used 593K, capacity 616K, committed 640K, reserved 1048576K
Event: 3.996 GC heap after
Heap after GC invocations=1 (full 0):
 PSYoungGen      total 28672K, used 4085K [0x00000000eab00000, 0x00000000ee300000, 0x0000000100000000)
  eden space 24576K, 0% used [0x00000000eab00000,0x00000000eab00000,0x00000000ec300000)
  from space 4096K, 99% used [0x00000000ec300000,0x00000000ec6fd530,0x00000000ec700000)
  to   space 4096K, 0% used [0x00000000edf00000,0x00000000edf00000,0x00000000ee300000)
 ParOldGen       total 65536K, used 1490K [0x00000000c0000000, 0x00000000c4000000, 0x00000000eab00000)
  object space 65536K, 2% used [0x00000000c0000000,0x00000000c01749d8,0x00000000c4000000)
 Metaspace       used 5825K, capacity 6832K, committed 7040K, reserved 1056768K
  class space    used 593K, capacity 616K, committed 640K, reserved 1048576K
}

Deoptimization events (10 events):
Event: 2.947 Thread 0x0000000000b4d800 Uncommon trap: reason=unstable_if action=reinterpret pc=0x000000000f2262f0 method=java.util.BitSet.nextSetBit(I)I @ 87
Event: 2.962 Thread 0x0000000008aa0000 Uncommon trap: reason=unstable_if action=reinterpret pc=0x000000000f236868 method=java.util.HashMap.getNode(ILjava/lang/Object;)Ljava/util/HashMap$Node; @ 129
Event: 2.965 Thread 0x0000000008aa0000 Uncommon trap: reason=unstable_if action=reinterpret pc=0x000000000f228474 method=java.util.BitSet.ensureCapacity(I)V @ 6
Event: 3.020 Thread 0x0000000000b4d800 Uncommon trap: reason=unstable_if action=reinterpret pc=0x000000000f246d9c method=java.lang.String.<init>([CII)V @ 18
Event: 3.253 Thread 0x0000000008a9d800 Uncommon trap: reason=unstable_if action=reinterpret pc=0x000000000f245390 method=java.util.HashMap.getNode(ILjava/lang/Object;)Ljava/util/HashMap$Node; @ 129
Event: 3.633 Thread 0x0000000008aa0000 Uncommon trap: reason=unstable_if action=reinterpret pc=0x000000000f2dd2fc method=com.android.dx.rop.code.LocalItem.hashCode()I @ 25
Event: 3.633 Thread 0x0000000008aa0000 Uncommon trap: reason=unstable_if action=reinterpret pc=0x000000000f2bcfb0 method=com.android.dx.rop.code.LocalItem.hashCode()I @ 25
Event: 3.633 Thread 0x0000000008aa0000 Uncommon trap: reason=unstable_if action=reinterpret pc=0x000000000f2dda0c method=com.android.dx.rop.code.LocalItem.hashCode()I @ 25
Event: 4.151 Thread 0x0000000008aa0000 Uncommon trap: reason=unstable_if action=reinterpret pc=0x000000000f3bc2c0 method=com.android.dx.ssa.SsaRenamer$BlockRenamer.addMapping(ILcom/android/dx/rop/code/RegisterSpec;)V @ 120
Event: 4.322 Thread 0x0000000008ac1000 Uncommon trap: reason=unstable_if action=reinterpret pc=0x000000000f3a5344 method=com.android.dx.rop.code.RegisterSpecSet.<init>(I)V @ 2

Internal exceptions (2 events):
Event: 0.524 Thread 0x0000000000b4d800 Exception <a 'java/lang/NoSuchMethodError': Method sun.misc.Unsafe.defineClass(Ljava/lang/String;[BII)Ljava/lang/Class; name or signature does not match> (0x00000000eab0da50) thrown at [C:\re\workspace\8-2-build-windows-amd64-cygwin\jdk8u60\4407\hotspot\sr¬…‡±W…‡?
Event: 0.525 Thread 0x0000000000b4d800 Exception <a 'java/lang/NoSuchMethodError': Method sun.misc.Unsafe.prefetchRead(Ljava/lang/Object;J)V name or signature does not match> (0x00000000eab0dd38) thrown at [C:\re\workspace\8-2-build-windows-amd64-cygwin\jdk8u60\4407\hotspot\src\share\vm\prims\j

Events (10 events):
Event: 4.069 loading class com/android/dx/cf/attrib/AttExceptions
Event: 4.069 loading class com/android/dx/cf/attrib/AttExceptions done
Event: 4.151 Thread 0x0000000008aa0000 Uncommon trap: trap_request=0xffffff65 fr.pc=0x000000000f3bc2c0
Event: 4.151 Thread 0x0000000008aa0000 DEOPT PACKING pc=0x000000000f3bc2c0 sp=0x00000000096ae370
Event: 4.151 Thread 0x0000000008aa0000 DEOPT UNPACKING pc=0x000000000f05582a sp=0x00000000096ae300 mode 2
Event: 4.322 Thread 0x0000000008ac1000 Uncommon trap: trap_request=0xffffff65 fr.pc=0x000000000f3a5344
Event: 4.322 Thread 0x0000000008ac1000 DEOPT PACKING pc=0x000000000f3a5344 sp=0x00000000098aec20
Event: 4.322 Thread 0x0000000008ac1000 DEOPT UNPACKING pc=0x000000000f05582a sp=0x00000000098aeb50 mode 2
Event: 5.495 Executing VM operation: EnableBiasedLocking
Event: 5.495 Executing VM operation: EnableBiasedLocking done


Dynamic libraries:
0x00007ff7db750000 - 0x00007ff7db787000 	C:\Program Files\Java\jdk1.8.0_60\bin\java.exe
0x00007ffc20340000 - 0x00007ffc204ec000 	C:\WINDOWS\SYSTEM32\ntdll.dll
0x00007ffc1dc90000 - 0x00007ffc1ddce000 	C:\WINDOWS\system32\KERNEL32.DLL
0x00007ffc1d660000 - 0x00007ffc1d775000 	C:\WINDOWS\system32\KERNELBASE.dll
0x00007ffc1bf00000 - 0x00007ffc1bf8e000 	C:\WINDOWS\system32\apphelp.dll
0x00007ffc1a630000 - 0x00007ffc1a683000 	C:\WINDOWS\AppPatch\AppPatch64\AcGenral.DLL
0x00007ffc1ea10000 - 0x00007ffc1eaba000 	C:\WINDOWS\system32\msvcrt.dll
0x00007ffc1d220000 - 0x00007ffc1d24e000 	C:\WINDOWS\SYSTEM32\SspiCli.dll
0x00007ffc1e9b0000 - 0x00007ffc1ea04000 	C:\WINDOWS\system32\SHLWAPI.dll
0x00007ffc1e5d0000 - 0x00007ffc1e747000 	C:\WINDOWS\system32\USER32.dll
0x00007ffc1e750000 - 0x00007ffc1e8e4000 	C:\WINDOWS\system32\ole32.dll
0x00007ffc1ece0000 - 0x00007ffc2020b000 	C:\WINDOWS\system32\SHELL32.dll
0x00007ffc1c9f0000 - 0x00007ffc1ca11000 	C:\WINDOWS\SYSTEM32\USERENV.dll
0x00007ffc1e520000 - 0x00007ffc1e5ca000 	C:\WINDOWS\system32\ADVAPI32.dll
0x00007ffc141a0000 - 0x00007ffc141be000 	C:\WINDOWS\SYSTEM32\MPR.dll
0x00007ffc1e310000 - 0x00007ffc1e451000 	C:\WINDOWS\system32\RPCRT4.dll
0x00007ffc1d9c0000 - 0x00007ffc1da19000 	C:\WINDOWS\SYSTEM32\sechost.dll
0x00007ffc1eac0000 - 0x00007ffc1ecd1000 	C:\WINDOWS\SYSTEM32\combase.dll
0x00007ffc1da30000 - 0x00007ffc1db7f000 	C:\WINDOWS\system32\GDI32.dll
0x00007ffc1d490000 - 0x00007ffc1d4a5000 	C:\WINDOWS\SYSTEM32\profapi.dll
0x00007ffc1bfa0000 - 0x00007ffc1c052000 	C:\WINDOWS\SYSTEM32\SHCORE.dll
0x00007ffc1dc50000 - 0x00007ffc1dc86000 	C:\WINDOWS\system32\IMM32.DLL
0x00007ffc1e1b0000 - 0x00007ffc1e302000 	C:\WINDOWS\system32\MSCTF.dll
0x00007ffc1d440000 - 0x00007ffc1d472000 	C:\WINDOWS\system32\nvinitx.dll
0x000000000f000000 - 0x000000000f006000 	C:\Program Files\NVIDIA Corporation\CoProcManager\_etoured.dll
0x00007ffc1bc00000 - 0x00007ffc1bc33000 	C:\Program Files\NVIDIA Corporation\CoProcManager\nvd3d9wrapx.dll
0x00007ffc1df80000 - 0x00007ffc1e15a000 	C:\WINDOWS\system32\SETUPAPI.dll
0x00007ffc1d610000 - 0x00007ffc1d65f000 	C:\WINDOWS\system32\CFGMGR32.dll
0x00007ffc1bbd0000 - 0x00007ffc1bbf3000 	C:\Program Files\NVIDIA Corporation\CoProcManager\nvdxgiwrapx.dll
0x00007ffc1b580000 - 0x00007ffc1b7fb000 	C:\WINDOWS\WinSxS\amd64_microsoft.windows.common-controls_6595b64144ccf1df_6.0.9600.18006_none_623f33d3ecbe86e8\COMCTL32.dll
0x00000000610c0000 - 0x0000000061192000 	C:\Program Files\Java\jdk1.8.0_60\jre\bin\msvcr100.dll
0x00000000611a0000 - 0x0000000061a29000 	C:\Program Files\Java\jdk1.8.0_60\jre\bin\server\jvm.dll
0x00007ffc15420000 - 0x00007ffc15429000 	C:\WINDOWS\SYSTEM32\WSOCK32.dll
0x00007ffc1b800000 - 0x00007ffc1b822000 	C:\WINDOWS\SYSTEM32\WINMM.dll
0x00007ffc1bf90000 - 0x00007ffc1bf9a000 	C:\WINDOWS\SYSTEM32\VERSION.dll
0x00007ffc1e190000 - 0x00007ffc1e197000 	C:\WINDOWS\system32\PSAPI.DLL
0x00007ffc1dbf0000 - 0x00007ffc1dc4a000 	C:\WINDOWS\system32\WS2_32.dll
0x00007ffc1b360000 - 0x00007ffc1b38a000 	C:\WINDOWS\SYSTEM32\WINMMBASE.dll
0x00007ffc1e1a0000 - 0x00007ffc1e1a9000 	C:\WINDOWS\system32\NSI.dll
0x00007ffc1c260000 - 0x00007ffc1c288000 	C:\WINDOWS\SYSTEM32\DEVOBJ.dll
0x00000000637b0000 - 0x00000000637bf000 	C:\Program Files\Java\jdk1.8.0_60\jre\bin\verify.dll
0x0000000063780000 - 0x00000000637a9000 	C:\Program Files\Java\jdk1.8.0_60\jre\bin\java.dll
0x0000000063760000 - 0x0000000063776000 	C:\Program Files\Java\jdk1.8.0_60\jre\bin\zip.dll

VM Arguments:
jvm_args: -Djava.awt.headless=true -Xmx1024M -Dfile.encoding=windows-1252 -Duser.country=US -Duser.language=en -Duser.variant 
java_command: com.android.dx.command.Main --dex --num-threads=4 --output C:\Users\Emin\AndroidStudioProjects\Ribbit\app\build\intermediates\pre-dexed\debug\internal_impl-23.1.1_7c6a0b48b8b276019857e3072343d379748caa09.jar C:\Users\Emin\AndroidStudioProjects\Ribbit\app\build\intermediates\exploded-aar\com.android.support\support-v4\23.1.1\jars\libs\internal_impl-23.1.1.jar
java_class_path (initial): C:\Users\Emin\AppData\Local\Android\sdk1\build-tools\23.0.1\lib\dx.jar
Launcher Type: SUN_STANDARD

Environment Variables:
PATH=C:\ProgramData\Oracle\Java\javapath;C:\Program Files (x86)\NVIDIA Corporation\PhysX\Common;C:\WINDOWS\system32;C:\WINDOWS;C:\WINDOWS\System32\Wbem;C:\WINDOWS\System32\WindowsPowerShell\v1.0\;C:\Program Files (x86)\Microsoft SQL Server\100\Tools\Binn\;C:\Program Files\Microsoft SQL Server\100\Tools\Binn\;C:\Program Files\Microsoft SQL Server\100\DTS\Binn\;C:\Program Files\Microsoft\Web Platform Installer\;C:\Program Files (x86)\Microsoft ASP.NET\ASP.NET Web Pages\v1.0\;C:\Program Files\Microsoft SQL Server\110\Tools\Binn\;C:\Program Files\Microsoft SQL Server\110\DTS\Binn\;C:\Program Files (x86)\Microsoft SQL Server\110\Tools\Binn\;C:\Program Files (x86)\Microsoft SQL Server\110\Tools\Binn\ManagementStudio\;C:\Program Files (x86)\Microsoft Visual Studio 10.0\Common7\IDE\PrivateAssemblies\;C:\Program Files (x86)\Microsoft SQL Server\110\DTS\Binn\;C:\Program Files\MySQL\MySQL Enterprise Backup 3.10.1\;C:\Program Files (x86)\MySQL\MySQL Utilities 1.3.6\;C:\Program Files (x86)\Skype\Phone\
USERNAME=Emin
OS=Windows_NT
PROCESSOR_IDENTIFIER=Intel64 Family 6 Model 42 Stepping 7, GenuineIntel



---------------  S Y S T E M  ---------------

OS: Windows 8.1 , 64 bit Build 9600 (6.3.9600.17415)

CPU:total 8 (4 cores per cpu, 2 threads per core) family 6 model 42 stepping 7, cmov, cx8, fxsr, mmx, sse, sse2, sse3, ssse3, sse4.1, sse4.2, popcnt, avx, aes, clmul, ht, tsc, tscinvbit

Memory: 4k page, physical 6194232k(1155484k free), swap 9339960k(5148k free)

vm_info: Java HotSpot(TM) 64-Bit Server VM (25.60-b23) for windows-amd64 JRE (1.8.0_60-b27), built on Aug  4 2015 11:06:27 by "java_re" with MS VC++ 10.0 (VS2010)

time: Mon Dec 14 14:44:01 2015
elapsed time: 5 seconds (0d 0h 0m 5s)

