#
# There is insufficient memory for the Java Runtime Environment to continue.
# Native memory allocation (malloc) failed to allocate 65552 bytes for Chunk::new
# Possible reasons:
#   The system is out of physical RAM or swap space
#   In 32 bit mode, the process size limit was hit
# Possible solutions:
#   Reduce memory load on the system
#   Increase physical memory or swap space
#   Check if swap backing store is full
#   Use 64 bit Java on a 64 bit OS
#   Decrease Java heap size (-Xmx/-Xms)
#   Decrease number of Java threads
#   Decrease Java thread stack sizes (-Xss)
#   Set larger code cache with -XX:ReservedCodeCacheSize=
# This output file may be truncated or incomplete.
#
#  Out of Memory Error (allocation.cpp:390), pid=4660, tid=7360
#
# JRE version: Java(TM) SE Runtime Environment (8.0_60-b27) (build 1.8.0_60-b27)
# Java VM: Java HotSpot(TM) 64-Bit Server VM (25.60-b23 mixed mode windows-amd64 compressed oops)
# Failed to write core dump. Minidumps are not enabled by default on client versions of Windows
#

---------------  T H R E A D  ---------------

Current thread (0x0000000008858000):  JavaThread "C2 CompilerThread1" daemon [_thread_in_native, id=7360, stack(0x0000000008ee0000,0x0000000008fe0000)]

Stack: [0x0000000008ee0000,0x0000000008fe0000]
[error occurred during error reporting (printing stack bounds), id 0xc0000005]

Native frames: (J=compiled Java code, j=interpreted, Vv=VM code, C=native code)


Current CompileTask:
C2:  11884 1898 %     4       com.android.dx.ssa.SCCP::run @ 133 (298 bytes)


---------------  P R O C E S S  ---------------

Java Threads: ( => current thread )
  0x0000000008add000 JavaThread "pool-1-thread-4" [_thread_in_Java, id=4156, stack(0x00000000097e0000,0x00000000098e0000)]
  0x0000000008ad6000 JavaThread "pool-1-thread-3" [_thread_blocked, id=376, stack(0x00000000096e0000,0x00000000097e0000)]
  0x0000000008ad5000 JavaThread "pool-1-thread-2" [_thread_blocked, id=7844, stack(0x00000000095e0000,0x00000000096e0000)]
  0x0000000008ad0800 JavaThread "pool-2-thread-1" [_thread_blocked, id=3852, stack(0x00000000094e0000,0x00000000095e0000)]
  0x0000000008acf800 JavaThread "pool-1-thread-1" [_thread_blocked, id=6956, stack(0x00000000093e0000,0x00000000094e0000)]
  0x0000000008885800 JavaThread "Service Thread" daemon [_thread_blocked, id=1224, stack(0x00000000091e0000,0x00000000092e0000)]
  0x000000000887f000 JavaThread "C1 CompilerThread3" daemon [_thread_blocked, id=8352, stack(0x00000000090e0000,0x00000000091e0000)]
  0x0000000008870000 JavaThread "C2 CompilerThread2" daemon [_thread_in_native, id=7668, stack(0x0000000008fe0000,0x00000000090e0000)]
=>0x0000000008858000 JavaThread "C2 CompilerThread1" daemon [_thread_in_native, id=7360, stack(0x0000000008ee0000,0x0000000008fe0000)]
  0x0000000008805800 JavaThread "C2 CompilerThread0" daemon [_thread_blocked, id=8828, stack(0x0000000008de0000,0x0000000008ee0000)]
  0x0000000008804000 JavaThread "Attach Listener" daemon [_thread_blocked, id=4528, stack(0x0000000008ce0000,0x0000000008de0000)]
  0x0000000008803000 JavaThread "Signal Dispatcher" daemon [_thread_blocked, id=6488, stack(0x0000000008be0000,0x0000000008ce0000)]
  0x0000000002c09000 JavaThread "Finalizer" daemon [_thread_blocked, id=5984, stack(0x0000000008600000,0x0000000008700000)]
  0x0000000002c02000 JavaThread "Reference Handler" daemon [_thread_blocked, id=8152, stack(0x0000000008500000,0x0000000008600000)]
  0x0000000002b0d800 JavaThread "main" [_thread_in_Java, id=7652, stack(0x0000000002950000,0x0000000002a50000)]

Other Threads:
  0x0000000006729800 VMThread [stack: 0x0000000008400000,0x0000000008500000] [id=1156]
  0x000000000888c800 WatcherThread [stack: 0x00000000092e0000,0x00000000093e0000] [id=8112]

VM state:not at safepoint (normal execution)

VM Mutex/Monitor currently owned by a thread: None

Heap:
 PSYoungGen      total 53248K, used 18787K [0x00000000eab00000, 0x00000000f1300000, 0x0000000100000000)
  eden space 49152K, 29% used [0x00000000eab00000,0x00000000eb95c180,0x00000000edb00000)
  from space 4096K, 99% used [0x00000000edb00000,0x00000000edefcaf8,0x00000000edf00000)
  to   space 4096K, 0% used [0x00000000f0f00000,0x00000000f0f00000,0x00000000f1300000)
 ParOldGen       total 65536K, used 14413K [0x00000000c0000000, 0x00000000c4000000, 0x00000000eab00000)
  object space 65536K, 21% used [0x00000000c0000000,0x00000000c0e137a8,0x00000000c4000000)
 Metaspace       used 6177K, capacity 7152K, committed 7296K, reserved 1056768K
  class space    used 592K, capacity 616K, committed 640K, reserved 1048576K

Card table byte_map: [0x0000000002fd0000,0x00000000031e0000] byte_map_base: 0x00000000029d0000

Marking Bits: (ParMarkBitMap*) 0x00000000619aa5b0
 Begin Bits: [0x0000000003b40000, 0x0000000004b40000)
 End Bits:   [0x0000000004b40000, 0x0000000005b40000)

Polling page: 0x0000000000b80000

CodeCache: size=245760Kb used=8880Kb max_used=8880Kb free=236879Kb
 bounds [0x000000000f010000, 0x000000000f8d0000, 0x000000001e010000]
 total_blobs=2163 nmethods=1892 adapters=182
 compilation: enabled

Compilation events (10 events):
Event: 11.816 Thread 0x0000000008805800 1894       4       java.lang.StringBuilder::toString (17 bytes)
Event: 11.817 Thread 0x0000000008858000 nmethod 1888 0x000000000f8abc90 code [0x000000000f8abde0, 0x000000000f8abef8]
Event: 11.817 Thread 0x0000000008858000 1871       4       com.android.dx.cf.code.Frame::copy (26 bytes)
Event: 11.821 Thread 0x0000000008805800 nmethod 1894 0x000000000f847850 code [0x000000000f8479a0, 0x000000000f847cf8]
Event: 11.835 Thread 0x0000000008858000 nmethod 1871 0x000000000f8aff90 code [0x000000000f8b0140, 0x000000000f8b0ad8]
Event: 11.848 Thread 0x0000000008805800 1896       4       com.android.dx.rop.cst.CstString::hashCode (8 bytes)
Event: 11.849 Thread 0x000000000887f000 1897       3       com.android.dx.ssa.SCCP::simulateBranch (666 bytes)
Event: 11.851 Thread 0x0000000008805800 nmethod 1896 0x000000000f8b1550 code [0x000000000f8b1680, 0x000000000f8b17f8]
Event: 11.854 Thread 0x000000000887f000 nmethod 1897 0x000000000f8c2b90 code [0x000000000f8c3040, 0x000000000f8c6bf8]
Event: 11.855 Thread 0x0000000008858000 1898 %     4       com.android.dx.ssa.SCCP::run @ 133 (298 bytes)

GC Heap History (6 events):
Event: 2.594 GC heap before
{Heap before GC invocations=1 (full 0):
 PSYoungGen      total 28672K, used 24576K [0x00000000eab00000, 0x00000000ecb00000, 0x0000000100000000)
  eden space 24576K, 100% used [0x00000000eab00000,0x00000000ec300000,0x00000000ec300000)
  from space 4096K, 0% used [0x00000000ec700000,0x00000000ec700000,0x00000000ecb00000)
  to   space 4096K, 0% used [0x00000000ec300000,0x00000000ec300000,0x00000000ec700000)
 ParOldGen       total 65536K, used 0K [0x00000000c0000000, 0x00000000c4000000, 0x00000000eab00000)
  object space 65536K, 0% used [0x00000000c0000000,0x00000000c0000000,0x00000000c4000000)
 Metaspace       used 5868K, capacity 6896K, committed 7040K, reserved 1056768K
  class space    used 589K, capacity 616K, committed 640K, reserved 1048576K
Event: 3.332 GC heap after
Heap after GC invocations=1 (full 0):
 PSYoungGen      total 28672K, used 4087K [0x00000000eab00000, 0x00000000ee300000, 0x0000000100000000)
  eden space 24576K, 0% used [0x00000000eab00000,0x00000000eab00000,0x00000000ec300000)
  from space 4096K, 99% used [0x00000000ec300000,0x00000000ec6fdc98,0x00000000ec700000)
  to   space 4096K, 0% used [0x00000000edf00000,0x00000000edf00000,0x00000000ee300000)
 ParOldGen       total 65536K, used 1661K [0x00000000c0000000, 0x00000000c4000000, 0x00000000eab00000)
  object space 65536K, 2% used [0x00000000c0000000,0x00000000c019f4f8,0x00000000c4000000)
 Metaspace       used 5868K, capacity 6896K, committed 7040K, reserved 1056768K
  class space    used 589K, capacity 616K, committed 640K, reserved 1048576K
}
Event: 5.670 GC heap before
{Heap before GC invocations=2 (full 0):
 PSYoungGen      total 28672K, used 28663K [0x00000000eab00000, 0x00000000ee300000, 0x0000000100000000)
  eden space 24576K, 100% used [0x00000000eab00000,0x00000000ec300000,0x00000000ec300000)
  from space 4096K, 99% used [0x00000000ec300000,0x00000000ec6fdc98,0x00000000ec700000)
  to   space 4096K, 0% used [0x00000000edf00000,0x00000000edf00000,0x00000000ee300000)
 ParOldGen       total 65536K, used 1661K [0x00000000c0000000, 0x00000000c4000000, 0x00000000eab00000)
  object space 65536K, 2% used [0x00000000c0000000,0x00000000c019f4f8,0x00000000c4000000)
 Metaspace       used 6039K, capacity 7024K, committed 7296K, reserved 1056768K
  class space    used 591K, capacity 616K, committed 640K, reserved 1048576K
Event: 6.211 GC heap after
Heap after GC invocations=2 (full 0):
 PSYoungGen      total 53248K, used 4081K [0x00000000eab00000, 0x00000000ee300000, 0x0000000100000000)
  eden space 49152K, 0% used [0x00000000eab00000,0x00000000eab00000,0x00000000edb00000)
  from space 4096K, 99% used [0x00000000edf00000,0x00000000ee2fc468,0x00000000ee300000)
  to   space 4096K, 0% used [0x00000000edb00000,0x00000000edb00000,0x00000000edf00000)
 ParOldGen       total 65536K, used 5653K [0x00000000c0000000, 0x00000000c4000000, 0x00000000eab00000)
  object space 65536K, 8% used [0x00000000c0000000,0x00000000c05855b0,0x00000000c4000000)
 Metaspace       used 6039K, capacity 7024K, committed 7296K, reserved 1056768K
  class space    used 591K, capacity 616K, committed 640K, reserved 1048576K
}
Event: 10.387 GC heap before
{Heap before GC invocations=3 (full 0):
 PSYoungGen      total 53248K, used 53233K [0x00000000eab00000, 0x00000000ee300000, 0x0000000100000000)
  eden space 49152K, 100% used [0x00000000eab00000,0x00000000edb00000,0x00000000edb00000)
  from space 4096K, 99% used [0x00000000edf00000,0x00000000ee2fc468,0x00000000ee300000)
  to   space 4096K, 0% used [0x00000000edb00000,0x00000000edb00000,0x00000000edf00000)
 ParOldGen       total 65536K, used 5653K [0x00000000c0000000, 0x00000000c4000000, 0x00000000eab00000)
  object space 65536K, 8% used [0x00000000c0000000,0x00000000c05855b0,0x00000000c4000000)
 Metaspace       used 6170K, capacity 7088K, committed 7296K, reserved 1056768K
  class space    used 592K, capacity 616K, committed 640K, reserved 1048576K
Event: 11.733 GC heap after
Heap after GC invocations=3 (full 0):
 PSYoungGen      total 53248K, used 4082K [0x00000000eab00000, 0x00000000f1300000, 0x0000000100000000)
  eden space 49152K, 0% used [0x00000000eab00000,0x00000000eab00000,0x00000000edb00000)
  from space 4096K, 99% used [0x00000000edb00000,0x00000000edefcaf8,0x00000000edf00000)
  to   space 4096K, 0% used [0x00000000f0f00000,0x00000000f0f00000,0x00000000f1300000)
 ParOldGen       total 65536K, used 14413K [0x00000000c0000000, 0x00000000c4000000, 0x00000000eab00000)
  object space 65536K, 21% used [0x00000000c0000000,0x00000000c0e137a8,0x00000000c4000000)
 Metaspace       used 6170K, capacity 7088K, committed 7296K, reserved 1056768K
  class space    used 592K, capacity 616K, committed 640K, reserved 1048576K
}

Deoptimization events (10 events):
Event: 7.604 Thread 0x0000000008add000 Uncommon trap: reason=unstable_if action=reinterpret pc=0x000000000f71eee8 method=com.android.dx.rop.code.RegisterSpecSet.localItemToSpec(Lcom/android/dx/rop/code/LocalItem;)Lcom/android/dx/rop/code/RegisterSpec; @ 35
Event: 7.886 Thread 0x0000000008ad5000 Uncommon trap: reason=unstable_if action=reinterpret pc=0x000000000f579998 method=com.android.dx.ssa.SsaRenamer$BlockRenamer.addMapping(ILcom/android/dx/rop/code/RegisterSpec;)V @ 120
Event: 10.066 Thread 0x0000000008add000 Uncommon trap: reason=unstable_if action=reinterpret pc=0x000000000f7e4f54 method=com.android.dx.cf.code.ByteCatchList.listFor(I)Lcom/android/dx/cf/code/ByteCatchList; @ 47
Event: 10.066 Thread 0x0000000008add000 Uncommon trap: reason=unstable_if action=reinterpret pc=0x000000000f8125b8 method=com.android.dx.cf.code.Ropper.processBlock(Lcom/android/dx/cf/code/ByteBlock;Lcom/android/dx/cf/code/Frame;[I)V @ 413
Event: 11.788 Thread 0x0000000008add000 Uncommon trap: reason=bimorphic action=maybe_recompile pc=0x000000000f856bac method=com.android.dx.rop.code.RegisterSpec.withSimpleType()Lcom/android/dx/rop/code/RegisterSpec; @ 21
Event: 11.789 Thread 0x0000000008add000 Uncommon trap: reason=bimorphic action=maybe_recompile pc=0x000000000f2967b8 method=java.util.HashMap.getNode(ILjava/lang/Object;)Ljava/util/HashMap$Node; @ 126
Event: 11.789 Thread 0x0000000008add000 Uncommon trap: reason=class_check action=maybe_recompile pc=0x000000000f4b9114 method=java.util.HashMap.putVal(ILjava/lang/Object;Ljava/lang/Object;ZZ)Ljava/lang/Object; @ 203
Event: 11.805 Thread 0x0000000008add000 Uncommon trap: reason=class_check action=maybe_recompile pc=0x000000000f72fc94 method=com.android.dx.cf.code.RopperMachine.run(Lcom/android/dx/cf/code/Frame;II)V @ 1024
Event: 11.805 Thread 0x0000000008add000 Uncommon trap: reason=class_check action=maybe_recompile pc=0x000000000f72fc94 method=com.android.dx.cf.code.RopperMachine.run(Lcom/android/dx/cf/code/Frame;II)V @ 1024
Event: 11.849 Thread 0x0000000008add000 Uncommon trap: reason=unstable_if action=reinterpret pc=0x000000000f5bb7b8 method=com.android.dx.ssa.SCCP.simulateBranch(Lcom/android/dx/ssa/SsaInsn;)V @ 64

Internal exceptions (3 events):
Event: 0.051 Thread 0x0000000002b0d800 Exception <a 'java/lang/NoSuchMethodError': Method sun.misc.Unsafe.defineClass(Ljava/lang/String;[BII)Ljava/lang/Class; name or signature does not match> (0x00000000eab0d598) thrown at [C:\re\workspace\8-2-build-windows-amd64-cygwin\jdk8u60\4407\hotspot\srìSß¿ÌMª?
Event: 0.051 Thread 0x0000000002b0d800 Exception <a 'java/lang/NoSuchMethodError': Method sun.misc.Unsafe.prefetchRead(Ljava/lang/Object;J)V name or signature does not match> (0x00000000eab0d880) thrown at [C:\re\workspace\8-2-build-windows-amd64-cygwin\jdk8u60\4407\hotspot\src\share\vm\prims\jÞwtÿR@
Event: 3.416 Thread 0x0000000008ad5000 Implicit null exception at 0x000000000f3d1ee2 to 0x000000000f3d1fd2

Events (10 events):
Event: 11.789 Thread 0x0000000008add000 DEOPT UNPACKING pc=0x000000000f05582a sp=0x00000000098de348 mode 2
Event: 11.805 Thread 0x0000000008add000 Uncommon trap: trap_request=0xffffffde fr.pc=0x000000000f72fc94
Event: 11.805 Thread 0x0000000008add000 DEOPT PACKING pc=0x000000000f72fc94 sp=0x00000000098ddef0
Event: 11.805 Thread 0x0000000008add000 DEOPT UNPACKING pc=0x000000000f05582a sp=0x00000000098dde98 mode 2
Event: 11.805 Thread 0x0000000008add000 Uncommon trap: trap_request=0xffffffde fr.pc=0x000000000f72fc94
Event: 11.805 Thread 0x0000000008add000 DEOPT PACKING pc=0x000000000f72fc94 sp=0x00000000098ddef0
Event: 11.805 Thread 0x0000000008add000 DEOPT UNPACKING pc=0x000000000f05582a sp=0x00000000098dde98 mode 2
Event: 11.849 Thread 0x0000000008add000 Uncommon trap: trap_request=0xffffff65 fr.pc=0x000000000f5bb7b8
Event: 11.849 Thread 0x0000000008add000 DEOPT PACKING pc=0x000000000f5bb7b8 sp=0x00000000098de4c0
Event: 11.849 Thread 0x0000000008add000 DEOPT UNPACKING pc=0x000000000f05582a sp=0x00000000098de460 mode 2


Dynamic libraries:
0x00007ff7db750000 - 0x00007ff7db787000 	C:\Program Files\Java\jdk1.8.0_60\bin\java.exe
0x00007ffc20340000 - 0x00007ffc204ec000 	C:\WINDOWS\SYSTEM32\ntdll.dll
0x00007ffc1dc90000 - 0x00007ffc1ddce000 	C:\WINDOWS\system32\KERNEL32.DLL
0x00007ffc1d660000 - 0x00007ffc1d775000 	C:\WINDOWS\system32\KERNELBASE.dll
0x00007ffc1bf00000 - 0x00007ffc1bf8e000 	C:\WINDOWS\system32\apphelp.dll
0x00007ffc1a630000 - 0x00007ffc1a683000 	C:\WINDOWS\AppPatch\AppPatch64\AcGenral.DLL
0x00007ffc1ea10000 - 0x00007ffc1eaba000 	C:\WINDOWS\system32\msvcrt.dll
0x00007ffc1d220000 - 0x00007ffc1d24e000 	C:\WINDOWS\SYSTEM32\SspiCli.dll
0x00007ffc1e9b0000 - 0x00007ffc1ea04000 	C:\WINDOWS\system32\SHLWAPI.dll
0x00007ffc1e5d0000 - 0x00007ffc1e747000 	C:\WINDOWS\system32\USER32.dll
0x00007ffc1e750000 - 0x00007ffc1e8e4000 	C:\WINDOWS\system32\ole32.dll
0x00007ffc1ece0000 - 0x00007ffc2020b000 	C:\WINDOWS\system32\SHELL32.dll
0x00007ffc1c9f0000 - 0x00007ffc1ca11000 	C:\WINDOWS\SYSTEM32\USERENV.dll
0x00007ffc1e520000 - 0x00007ffc1e5ca000 	C:\WINDOWS\system32\ADVAPI32.dll
0x00007ffc141a0000 - 0x00007ffc141be000 	C:\WINDOWS\SYSTEM32\MPR.dll
0x00007ffc1e310000 - 0x00007ffc1e451000 	C:\WINDOWS\system32\RPCRT4.dll
0x00007ffc1d9c0000 - 0x00007ffc1da19000 	C:\WINDOWS\SYSTEM32\sechost.dll
0x00007ffc1eac0000 - 0x00007ffc1ecd1000 	C:\WINDOWS\SYSTEM32\combase.dll
0x00007ffc1da30000 - 0x00007ffc1db7f000 	C:\WINDOWS\system32\GDI32.dll
0x00007ffc1d490000 - 0x00007ffc1d4a5000 	C:\WINDOWS\SYSTEM32\profapi.dll
0x00007ffc1bfa0000 - 0x00007ffc1c052000 	C:\WINDOWS\SYSTEM32\SHCORE.dll
0x00007ffc1dc50000 - 0x00007ffc1dc86000 	C:\WINDOWS\system32\IMM32.DLL
0x00007ffc1e1b0000 - 0x00007ffc1e302000 	C:\WINDOWS\system32\MSCTF.dll
0x00007ffc1d440000 - 0x00007ffc1d472000 	C:\WINDOWS\system32\nvinitx.dll
0x000000000f000000 - 0x000000000f006000 	C:\Program Files\NVIDIA Corporation\CoProcManager\_etoured.dll
0x00007ffc1bc00000 - 0x00007ffc1bc33000 	C:\Program Files\NVIDIA Corporation\CoProcManager\nvd3d9wrapx.dll
0x00007ffc1df80000 - 0x00007ffc1e15a000 	C:\WINDOWS\system32\SETUPAPI.dll
0x00007ffc1d610000 - 0x00007ffc1d65f000 	C:\WINDOWS\system32\CFGMGR32.dll
0x00007ffc1bbd0000 - 0x00007ffc1bbf3000 	C:\Program Files\NVIDIA Corporation\CoProcManager\nvdxgiwrapx.dll
0x00007ffc1b580000 - 0x00007ffc1b7fb000 	C:\WINDOWS\WinSxS\amd64_microsoft.windows.common-controls_6595b64144ccf1df_6.0.9600.18006_none_623f33d3ecbe86e8\COMCTL32.dll
0x00000000610c0000 - 0x0000000061192000 	C:\Program Files\Java\jdk1.8.0_60\jre\bin\msvcr100.dll
0x00000000611a0000 - 0x0000000061a29000 	C:\Program Files\Java\jdk1.8.0_60\jre\bin\server\jvm.dll
0x00007ffc15420000 - 0x00007ffc15429000 	C:\WINDOWS\SYSTEM32\WSOCK32.dll
0x00007ffc1b800000 - 0x00007ffc1b822000 	C:\WINDOWS\SYSTEM32\WINMM.dll
0x00007ffc1bf90000 - 0x00007ffc1bf9a000 	C:\WINDOWS\SYSTEM32\VERSION.dll
0x00007ffc1e190000 - 0x00007ffc1e197000 	C:\WINDOWS\system32\PSAPI.DLL
0x00007ffc1dbf0000 - 0x00007ffc1dc4a000 	C:\WINDOWS\system32\WS2_32.dll
0x00007ffc1b360000 - 0x00007ffc1b38a000 	C:\WINDOWS\SYSTEM32\WINMMBASE.dll
0x00007ffc1e1a0000 - 0x00007ffc1e1a9000 	C:\WINDOWS\system32\NSI.dll
0x00007ffc1c260000 - 0x00007ffc1c288000 	C:\WINDOWS\SYSTEM32\DEVOBJ.dll
0x00000000637b0000 - 0x00000000637bf000 	C:\Program Files\Java\jdk1.8.0_60\jre\bin\verify.dll
0x0000000063780000 - 0x00000000637a9000 	C:\Program Files\Java\jdk1.8.0_60\jre\bin\java.dll
0x0000000063760000 - 0x0000000063776000 	C:\Program Files\Java\jdk1.8.0_60\jre\bin\zip.dll

VM Arguments:
jvm_args: -Djava.awt.headless=true -Xmx1024M -Dfile.encoding=windows-1252 -Duser.country=US -Duser.language=en -Duser.variant 
java_command: com.android.dx.command.Main --dex --num-threads=4 --output C:\Users\Emin\AndroidStudioProjects\Ribbit\app\build\intermediates\pre-dexed\debug\parse-android-1.11.0_22372d361ea489ba98718a14f9bd8fd3b9bfb599.jar C:\Users\Emin\.gradle\caches\modules-2\files-2.1\com.parse\parse-android\1.11.0\6592129dec2caa8791d322c7e4b6b7a30e8eadae\parse-android-1.11.0.jar
java_class_path (initial): C:\Users\Emin\AppData\Local\Android\sdk1\build-tools\23.0.1\lib\dx.jar
Launcher Type: SUN_STANDARD

Environment Variables:
PATH=C:\ProgramData\Oracle\Java\javapath;C:\Program Files (x86)\NVIDIA Corporation\PhysX\Common;C:\WINDOWS\system32;C:\WINDOWS;C:\WINDOWS\System32\Wbem;C:\WINDOWS\System32\WindowsPowerShell\v1.0\;C:\Program Files (x86)\Microsoft SQL Server\100\Tools\Binn\;C:\Program Files\Microsoft SQL Server\100\Tools\Binn\;C:\Program Files\Microsoft SQL Server\100\DTS\Binn\;C:\Program Files\Microsoft\Web Platform Installer\;C:\Program Files (x86)\Microsoft ASP.NET\ASP.NET Web Pages\v1.0\;C:\Program Files\Microsoft SQL Server\110\Tools\Binn\;C:\Program Files\Microsoft SQL Server\110\DTS\Binn\;C:\Program Files (x86)\Microsoft SQL Server\110\Tools\Binn\;C:\Program Files (x86)\Microsoft SQL Server\110\Tools\Binn\ManagementStudio\;C:\Program Files (x86)\Microsoft Visual Studio 10.0\Common7\IDE\PrivateAssemblies\;C:\Program Files (x86)\Microsoft SQL Server\110\DTS\Binn\;C:\Program Files\MySQL\MySQL Enterprise Backup 3.10.1\;C:\Program Files (x86)\MySQL\MySQL Utilities 1.3.6\;C:\Program Files (x86)\Skype\Phone\
USERNAME=Emin
OS=Windows_NT
PROCESSOR_IDENTIFIER=Intel64 Family 6 Model 42 Stepping 7, GenuineIntel



---------------  S Y S T E M  ---------------

OS: Windows 8.1 , 64 bit Build 9600 (6.3.9600.17415)

CPU:total 8 (4 cores per cpu, 2 threads per core) family 6 model 42 stepping 7, cmov, cx8, fxsr, mmx, sse, sse2, sse3, ssse3, sse4.1, sse4.2, popcnt, avx, aes, clmul, ht, tsc, tscinvbit

Memory: 4k page, physical 6194232k(1152704k free), swap 9339960k(5040k free)

vm_info: Java HotSpot(TM) 64-Bit Server VM (25.60-b23) for windows-amd64 JRE (1.8.0_60-b27), built on Aug  4 2015 11:06:27 by "java_re" with MS VC++ 10.0 (VS2010)

time: Mon Dec 14 14:44:01 2015
elapsed time: 11 seconds (0d 0h 0m 11s)

