#
# There is insufficient memory for the Java Runtime Environment to continue.
# Native memory allocation (malloc) failed to allocate 512016 bytes for Chunk::new
# Possible reasons:
#   The system is out of physical RAM or swap space
#   In 32 bit mode, the process size limit was hit
# Possible solutions:
#   Reduce memory load on the system
#   Increase physical memory or swap space
#   Check if swap backing store is full
#   Use 64 bit Java on a 64 bit OS
#   Decrease Java heap size (-Xmx/-Xms)
#   Decrease number of Java threads
#   Decrease Java thread stack sizes (-Xss)
#   Set larger code cache with -XX:ReservedCodeCacheSize=
# This output file may be truncated or incomplete.
#
#  Out of Memory Error (allocation.cpp:390), pid=8332, tid=8780
#
# JRE version: Java(TM) SE Runtime Environment (8.0_60-b27) (build 1.8.0_60-b27)
# Java VM: Java HotSpot(TM) 64-Bit Server VM (25.60-b23 mixed mode windows-amd64 compressed oops)
# Failed to write core dump. Minidumps are not enabled by default on client versions of Windows
#

---------------  T H R E A D  ---------------

Current thread (0x0000000008d65800):  JavaThread "C2 CompilerThread0" daemon [_thread_in_native, id=8780, stack(0x0000000009340000,0x0000000009440000)]

Stack: [0x0000000009340000,0x0000000009440000]
[error occurred during error reporting (printing stack bounds), id 0xc0000005]

Native frames: (J=compiled Java code, j=interpreted, Vv=VM code, C=native code)


Current CompileTask:
C2:   3219  603       4       com.android.dx.ssa.NormalSsaInsn::accept (25 bytes)


---------------  P R O C E S S  ---------------

Java Threads: ( => current thread )
  0x0000000008f1f000 JavaThread "pool-1-thread-4" [_thread_in_Java, id=1376, stack(0x0000000009d40000,0x0000000009e40000)]
  0x0000000008f17800 JavaThread "pool-1-thread-3" [_thread_in_vm, id=8004, stack(0x0000000009c40000,0x0000000009d40000)]
  0x0000000008f0b800 JavaThread "pool-1-thread-2" [_thread_in_Java, id=8676, stack(0x0000000009b40000,0x0000000009c40000)]
  0x0000000008f0b000 JavaThread "pool-2-thread-1" [_thread_blocked, id=9000, stack(0x0000000009a40000,0x0000000009b40000)]
  0x0000000008ef1800 JavaThread "pool-1-thread-1" [_thread_in_Java, id=9036, stack(0x0000000009940000,0x0000000009a40000)]
  0x0000000008de1800 JavaThread "Service Thread" daemon [_thread_blocked, id=8920, stack(0x0000000009740000,0x0000000009840000)]
  0x0000000008dd9800 JavaThread "C1 CompilerThread3" daemon [_thread_in_vm, id=8724, stack(0x0000000009640000,0x0000000009740000)]
  0x0000000008dd6800 JavaThread "C2 CompilerThread2" daemon [_thread_in_native, id=8308, stack(0x0000000009540000,0x0000000009640000)]
  0x0000000008db8000 JavaThread "C2 CompilerThread1" daemon [_thread_in_native, id=4848, stack(0x0000000009440000,0x0000000009540000)]
=>0x0000000008d65800 JavaThread "C2 CompilerThread0" daemon [_thread_in_native, id=8780, stack(0x0000000009340000,0x0000000009440000)]
  0x0000000008d64000 JavaThread "Attach Listener" daemon [_thread_blocked, id=1348, stack(0x0000000009240000,0x0000000009340000)]
  0x0000000008d63800 JavaThread "Signal Dispatcher" daemon [_thread_blocked, id=6836, stack(0x0000000009140000,0x0000000009240000)]
  0x0000000003133800 JavaThread "Finalizer" daemon [_thread_blocked, id=4616, stack(0x0000000008b60000,0x0000000008c60000)]
  0x0000000003132000 JavaThread "Reference Handler" daemon [_thread_blocked, id=5052, stack(0x0000000008a60000,0x0000000008b60000)]
  0x000000000300d800 JavaThread "main" [_thread_blocked, id=5036, stack(0x0000000002ef0000,0x0000000002ff0000)]

Other Threads:
  0x0000000006c59800 VMThread [stack: 0x0000000008960000,0x0000000008a60000] [id=7992]
  0x0000000008ded000 WatcherThread [stack: 0x0000000009840000,0x0000000009940000] [id=5608]

VM state:not at safepoint (normal execution)

VM Mutex/Monitor currently owned by a thread:  ([mutex/lock_event])
[0x00000000030408d0] CompileStatistics_lock - owner thread: 0x0000000000000000

Heap:
 PSYoungGen      total 28672K, used 13773K [0x00000000eab00000, 0x00000000ecb00000, 0x0000000100000000)
  eden space 24576K, 56% used [0x00000000eab00000,0x00000000eb873698,0x00000000ec300000)
  from space 4096K, 0% used [0x00000000ec700000,0x00000000ec700000,0x00000000ecb00000)
  to   space 4096K, 0% used [0x00000000ec300000,0x00000000ec300000,0x00000000ec700000)
 ParOldGen       total 65536K, used 0K [0x00000000c0000000, 0x00000000c4000000, 0x00000000eab00000)
  object space 65536K, 0% used [0x00000000c0000000,0x00000000c0000000,0x00000000c4000000)
 Metaspace       used 5527K, capacity 6640K, committed 6784K, reserved 1056768K
  class space    used 590K, capacity 616K, committed 640K, reserved 1048576K

Card table byte_map: [0x0000000003500000,0x0000000003710000] byte_map_base: 0x0000000002f00000

Marking Bits: (ParMarkBitMap*) 0x00000000619aa5b0
 Begin Bits: [0x0000000004070000, 0x0000000005070000)
 End Bits:   [0x0000000005070000, 0x0000000006070000)

Polling page: 0x0000000000f20000

CodeCache: size=245760Kb used=2443Kb max_used=2443Kb free=243316Kb
 bounds [0x000000000f010000, 0x000000000f280000, 0x000000001e010000]
 total_blobs=871 nmethods=602 adapters=182
 compilation: enabled

Compilation events (10 events):
Event: 3.215 Thread 0x0000000008dd9800 nmethod 596 0x000000000f24fcd0 code [0x000000000f251440, 0x000000000f261e68]
Event: 3.215 Thread 0x0000000008dd9800  597       3       com.android.dx.cf.code.ByteOps::opInfo (6 bytes)
Event: 3.215 Thread 0x0000000008dd9800 nmethod 597 0x000000000f249c50 code [0x000000000f249da0, 0x000000000f249ef0]
Event: 3.215 Thread 0x0000000008dd9800  590       3       com.android.dx.util.BitIntSet$1::hasNext (13 bytes)
Event: 3.216 Thread 0x0000000008db8000 nmethod 621 0x000000000f24c550 code [0x000000000f24c6e0, 0x000000000f24d038]
Event: 3.216 Thread 0x0000000008dd9800 nmethod 590 0x000000000f24f590 code [0x000000000f24f6e0, 0x000000000f24f890]
Event: 3.216 Thread 0x0000000008dd6800  625       4       com.android.dx.ssa.SsaBasicBlock::forEachInsn (37 bytes)
Event: 3.216 Thread 0x0000000008dd9800  605       3       com.android.dx.dex.code.OutputFinisher::add (15 bytes)
Event: 3.216 Thread 0x0000000008dd9800 nmethod 605 0x000000000f24ead0 code [0x000000000f24ec80, 0x000000000f24f258]
Event: 3.216 Thread 0x0000000008dd9800  606       3       com.android.dx.dex.code.OutputFinisher::updateInfo (44 bytes)

GC Heap History (0 events):
No events

Deoptimization events (0 events):
No events

Internal exceptions (2 events):
Event: 0.093 Thread 0x000000000300d800 Exception <a 'java/lang/NoSuchMethodError': Method sun.misc.Unsafe.defineClass(Ljava/lang/String;[BII)Ljava/lang/Class; name or signature does not match> (0x00000000eab0d8d0) thrown at [C:\re\workspace\8-2-build-windows-amd64-cygwin\jdk8u60\4407\hotspot\sr#'>ÿÉé·?
Event: 0.093 Thread 0x000000000300d800 Exception <a 'java/lang/NoSuchMethodError': Method sun.misc.Unsafe.prefetchRead(Ljava/lang/Object;J)V name or signature does not match> (0x00000000eab0dbb8) thrown at [C:\re\workspace\8-2-build-windows-amd64-cygwin\jdk8u60\4407\hotspot\src\share\vm\prims\j

Events (10 events):
Event: 2.905 loading class java/util/HashMap$KeySet
Event: 2.906 loading class java/util/HashMap$KeySet done
Event: 2.906 loading class java/util/HashMap$KeyIterator
Event: 2.906 loading class java/util/HashMap$KeyIterator done
Event: 3.159 loading class com/android/dx/cf/code/Ropper$ExceptionHandlerSetup
Event: 3.159 loading class com/android/dx/cf/code/Ropper$ExceptionHandlerSetup done
Event: 3.173 loading class java/util/HashMap$Values
Event: 3.173 loading class java/util/HashMap$Values done
Event: 3.179 loading class java/util/HashMap$ValueIterator
Event: 3.179 loading class java/util/HashMap$ValueIterator done


Dynamic libraries:
0x00007ff77e500000 - 0x00007ff77e537000 	C:\Program Files\Java\jdk1.8.0_60\bin\java.exe
0x00007ffc20340000 - 0x00007ffc204ec000 	C:\WINDOWS\SYSTEM32\ntdll.dll
0x00007ffc1dc90000 - 0x00007ffc1ddce000 	C:\WINDOWS\system32\KERNEL32.DLL
0x00007ffc1d660000 - 0x00007ffc1d775000 	C:\WINDOWS\system32\KERNELBASE.dll
0x00007ffc1bf00000 - 0x00007ffc1bf8e000 	C:\WINDOWS\system32\apphelp.dll
0x00007ffc16100000 - 0x00007ffc16153000 	C:\WINDOWS\AppPatch\AppPatch64\AcGenral.DLL
0x00007ffc1ea10000 - 0x00007ffc1eaba000 	C:\WINDOWS\system32\msvcrt.dll
0x00007ffc1d220000 - 0x00007ffc1d24e000 	C:\WINDOWS\SYSTEM32\SspiCli.dll
0x00007ffc1e9b0000 - 0x00007ffc1ea04000 	C:\WINDOWS\system32\SHLWAPI.dll
0x00007ffc1e5d0000 - 0x00007ffc1e747000 	C:\WINDOWS\system32\USER32.dll
0x00007ffc1e750000 - 0x00007ffc1e8e4000 	C:\WINDOWS\system32\ole32.dll
0x00007ffc1ece0000 - 0x00007ffc2020b000 	C:\WINDOWS\system32\SHELL32.dll
0x00007ffc1c9f0000 - 0x00007ffc1ca11000 	C:\WINDOWS\SYSTEM32\USERENV.dll
0x00007ffc1e520000 - 0x00007ffc1e5ca000 	C:\WINDOWS\system32\ADVAPI32.dll
0x00007ffc141a0000 - 0x00007ffc141be000 	C:\WINDOWS\SYSTEM32\MPR.dll
0x00007ffc1e310000 - 0x00007ffc1e451000 	C:\WINDOWS\system32\RPCRT4.dll
0x00007ffc1d9c0000 - 0x00007ffc1da19000 	C:\WINDOWS\SYSTEM32\sechost.dll
0x00007ffc1eac0000 - 0x00007ffc1ecd1000 	C:\WINDOWS\SYSTEM32\combase.dll
0x00007ffc1da30000 - 0x00007ffc1db7f000 	C:\WINDOWS\system32\GDI32.dll
0x00007ffc1d490000 - 0x00007ffc1d4a5000 	C:\WINDOWS\SYSTEM32\profapi.dll
0x00007ffc1bfa0000 - 0x00007ffc1c052000 	C:\WINDOWS\SYSTEM32\SHCORE.dll
0x00007ffc1dc50000 - 0x00007ffc1dc86000 	C:\WINDOWS\system32\IMM32.DLL
0x00007ffc1e1b0000 - 0x00007ffc1e302000 	C:\WINDOWS\system32\MSCTF.dll
0x00007ffc1d440000 - 0x00007ffc1d472000 	C:\WINDOWS\system32\nvinitx.dll
0x000000000f000000 - 0x000000000f006000 	C:\Program Files\NVIDIA Corporation\CoProcManager\_etoured.dll
0x00007ffc1bc00000 - 0x00007ffc1bc33000 	C:\Program Files\NVIDIA Corporation\CoProcManager\nvd3d9wrapx.dll
0x00007ffc1df80000 - 0x00007ffc1e15a000 	C:\WINDOWS\system32\SETUPAPI.dll
0x00007ffc1d610000 - 0x00007ffc1d65f000 	C:\WINDOWS\system32\CFGMGR32.dll
0x00007ffc1bbd0000 - 0x00007ffc1bbf3000 	C:\Program Files\NVIDIA Corporation\CoProcManager\nvdxgiwrapx.dll
0x00007ffc1b580000 - 0x00007ffc1b7fb000 	C:\WINDOWS\WinSxS\amd64_microsoft.windows.common-controls_6595b64144ccf1df_6.0.9600.18006_none_623f33d3ecbe86e8\COMCTL32.dll
0x00000000610c0000 - 0x0000000061192000 	C:\Program Files\Java\jdk1.8.0_60\jre\bin\msvcr100.dll
0x00000000611a0000 - 0x0000000061a29000 	C:\Program Files\Java\jdk1.8.0_60\jre\bin\server\jvm.dll
0x00007ffc15420000 - 0x00007ffc15429000 	C:\WINDOWS\SYSTEM32\WSOCK32.dll
0x00007ffc1b800000 - 0x00007ffc1b822000 	C:\WINDOWS\SYSTEM32\WINMM.dll
0x00007ffc1bf90000 - 0x00007ffc1bf9a000 	C:\WINDOWS\SYSTEM32\VERSION.dll
0x00007ffc1e190000 - 0x00007ffc1e197000 	C:\WINDOWS\system32\PSAPI.DLL
0x00007ffc1dbf0000 - 0x00007ffc1dc4a000 	C:\WINDOWS\system32\WS2_32.dll
0x00007ffc1b360000 - 0x00007ffc1b38a000 	C:\WINDOWS\SYSTEM32\WINMMBASE.dll
0x00007ffc1e1a0000 - 0x00007ffc1e1a9000 	C:\WINDOWS\system32\NSI.dll
0x00007ffc1c260000 - 0x00007ffc1c288000 	C:\WINDOWS\SYSTEM32\DEVOBJ.dll
0x0000000065600000 - 0x000000006560f000 	C:\Program Files\Java\jdk1.8.0_60\jre\bin\verify.dll
0x00000000655d0000 - 0x00000000655f9000 	C:\Program Files\Java\jdk1.8.0_60\jre\bin\java.dll
0x00000000655b0000 - 0x00000000655c6000 	C:\Program Files\Java\jdk1.8.0_60\jre\bin\zip.dll

VM Arguments:
jvm_args: -Djava.awt.headless=true -Xmx1024M -Dfile.encoding=windows-1252 -Duser.country=US -Duser.language=en -Duser.variant 
java_command: com.android.dx.command.Main --dex --num-threads=4 --output C:\Users\Emin\AndroidStudioProjects\Ribbit\app\build\intermediates\pre-dexed\debug\bolts-applinks-1.3.0_61fa3b1650d4fe1436be75d088107f2695efb62e.jar C:\Users\Emin\.gradle\caches\modules-2\files-2.1\com.parse.bolts\bolts-applinks\1.3.0\bc535105332645408ef5f1380215cc954b842178\bolts-applinks-1.3.0.jar
java_class_path (initial): C:\Users\Emin\AppData\Local\Android\sdk1\build-tools\23.0.1\lib\dx.jar
Launcher Type: SUN_STANDARD

Environment Variables:
PATH=C:\ProgramData\Oracle\Java\javapath;C:\Program Files (x86)\NVIDIA Corporation\PhysX\Common;C:\WINDOWS\system32;C:\WINDOWS;C:\WINDOWS\System32\Wbem;C:\WINDOWS\System32\WindowsPowerShell\v1.0\;C:\Program Files (x86)\Microsoft SQL Server\100\Tools\Binn\;C:\Program Files\Microsoft SQL Server\100\Tools\Binn\;C:\Program Files\Microsoft SQL Server\100\DTS\Binn\;C:\Program Files\Microsoft\Web Platform Installer\;C:\Program Files (x86)\Microsoft ASP.NET\ASP.NET Web Pages\v1.0\;C:\Program Files\Microsoft SQL Server\110\Tools\Binn\;C:\Program Files\Microsoft SQL Server\110\DTS\Binn\;C:\Program Files (x86)\Microsoft SQL Server\110\Tools\Binn\;C:\Program Files (x86)\Microsoft SQL Server\110\Tools\Binn\ManagementStudio\;C:\Program Files (x86)\Microsoft Visual Studio 10.0\Common7\IDE\PrivateAssemblies\;C:\Program Files (x86)\Microsoft SQL Server\110\DTS\Binn\;C:\Program Files\MySQL\MySQL Enterprise Backup 3.10.1\;C:\Program Files (x86)\MySQL\MySQL Utilities 1.3.6\;C:\Program Files (x86)\Skype\Phone\
USERNAME=Emin
OS=Windows_NT
PROCESSOR_IDENTIFIER=Intel64 Family 6 Model 42 Stepping 7, GenuineIntel



---------------  S Y S T E M  ---------------

OS: Windows 8.1 , 64 bit Build 9600 (6.3.9600.17415)

CPU:total 8 (4 cores per cpu, 2 threads per core) family 6 model 42 stepping 7, cmov, cx8, fxsr, mmx, sse, sse2, sse3, ssse3, sse4.1, sse4.2, popcnt, avx, aes, clmul, ht, tsc, tscinvbit

Memory: 4k page, physical 6194232k(1015128k free), swap 9339960k(5148k free)

vm_info: Java HotSpot(TM) 64-Bit Server VM (25.60-b23) for windows-amd64 JRE (1.8.0_60-b27), built on Aug  4 2015 11:06:27 by "java_re" with MS VC++ 10.0 (VS2010)

time: Mon Dec 14 01:07:50 2015
elapsed time: 3 seconds (0d 0h 0m 3s)

