#
# There is insufficient memory for the Java Runtime Environment to continue.
# Native memory allocation (malloc) failed to allocate 1048576 bytes for AllocateHeap
# Possible reasons:
#   The system is out of physical RAM or swap space
#   In 32 bit mode, the process size limit was hit
# Possible solutions:
#   Reduce memory load on the system
#   Increase physical memory or swap space
#   Check if swap backing store is full
#   Use 64 bit Java on a 64 bit OS
#   Decrease Java heap size (-Xmx/-Xms)
#   Decrease number of Java threads
#   Decrease Java thread stack sizes (-Xss)
#   Set larger code cache with -XX:ReservedCodeCacheSize=
# This output file may be truncated or incomplete.
#
#  Out of Memory Error (memory/allocation.inline.hpp:61), pid=8872, tid=5392
#
# JRE version:  (8.0_60-b27) (build )
# Java VM: Java HotSpot(TM) 64-Bit Server VM (25.60-b23 mixed mode windows-amd64 compressed oops)
# Failed to write core dump. Minidumps are not enabled by default on client versions of Windows
#

---------------  T H R E A D  ---------------

Current thread (0x0000000002aad800):  JavaThread "Unknown thread" [_thread_in_vm, id=5392, stack(0x0000000002980000,0x0000000002a80000)]

Stack: [0x0000000002980000,0x0000000002a80000]
[error occurred during error reporting (printing stack bounds), id 0xc0000005]

Native frames: (J=compiled Java code, j=interpreted, Vv=VM code, C=native code)


---------------  P R O C E S S  ---------------

Java Threads: ( => current thread )

Other Threads:

=>0x0000000002aad800 (exited) JavaThread "Unknown thread" [_thread_in_vm, id=5392, stack(0x0000000002980000,0x0000000002a80000)]

VM state:not at safepoint (normal execution)

VM Mutex/Monitor currently owned by a thread: None

Heap:
 PSYoungGen      total 28672K, used 491K [0x00000000eab00000, 0x00000000ecb00000, 0x0000000100000000)
  eden space 24576K, 2% used [0x00000000eab00000,0x00000000eab7ae20,0x00000000ec300000)
  from space 4096K, 0% used [0x00000000ec700000,0x00000000ec700000,0x00000000ecb00000)
  to   space 4096K, 0% used [0x00000000ec300000,0x00000000ec300000,0x00000000ec700000)
 ParOldGen       total 65536K, used 0K [0x00000000c0000000, 0x00000000c4000000, 0x00000000eab00000)
  object space 65536K, 0% used [0x00000000c0000000,0x00000000c0000000,0x00000000c4000000)
 Metaspace       used 767K, capacity 4480K, committed 4480K, reserved 1056768K
  class space    used 75K, capacity 384K, committed 384K, reserved 1048576K

Card table byte_map: [0x0000000002f70000,0x0000000003180000] byte_map_base: 0x0000000002970000

Marking Bits: (ParMarkBitMap*) 0x00000000619aa5b0
 Begin Bits: [0x0000000003ae0000, 0x0000000004ae0000)
 End Bits:   [0x0000000004ae0000, 0x0000000005ae0000)

Polling page: 0x0000000000910000

CodeCache: size=245760Kb used=328Kb max_used=328Kb free=245431Kb
 bounds [0x000000000f010000, 0x000000000f280000, 0x000000001e010000]
 total_blobs=57 nmethods=0 adapters=37
 compilation: enabled

Compilation events (0 events):
No events

GC Heap History (0 events):
No events

Deoptimization events (0 events):
No events

Internal exceptions (0 events):
No events

Events (10 events):
Event: 0.497 loading class java/lang/Short
Event: 0.540 loading class java/lang/Short done
Event: 0.540 loading class java/lang/Integer
Event: 0.540 loading class java/lang/Integer done
Event: 0.540 loading class java/lang/Long
Event: 0.541 loading class java/lang/Long done
Event: 0.542 loading class java/lang/NullPointerException
Event: 0.542 loading class java/lang/NullPointerException done
Event: 0.542 loading class java/lang/ArithmeticException
Event: 0.542 loading class java/lang/ArithmeticException done


Dynamic libraries:
0x00007ff77e500000 - 0x00007ff77e537000 	C:\Program Files\Java\jdk1.8.0_60\bin\java.exe
0x00007ffc20340000 - 0x00007ffc204ec000 	C:\WINDOWS\SYSTEM32\ntdll.dll
0x00007ffc1dc90000 - 0x00007ffc1ddce000 	C:\WINDOWS\system32\KERNEL32.DLL
0x00007ffc1d660000 - 0x00007ffc1d775000 	C:\WINDOWS\system32\KERNELBASE.dll
0x00007ffc1bf00000 - 0x00007ffc1bf8e000 	C:\WINDOWS\system32\apphelp.dll
0x00007ffc16100000 - 0x00007ffc16153000 	C:\WINDOWS\AppPatch\AppPatch64\AcGenral.DLL
0x00007ffc1ea10000 - 0x00007ffc1eaba000 	C:\WINDOWS\system32\msvcrt.dll
0x00007ffc1d220000 - 0x00007ffc1d24e000 	C:\WINDOWS\SYSTEM32\SspiCli.dll
0x00007ffc1e9b0000 - 0x00007ffc1ea04000 	C:\WINDOWS\system32\SHLWAPI.dll
0x00007ffc1e5d0000 - 0x00007ffc1e747000 	C:\WINDOWS\system32\USER32.dll
0x00007ffc1e750000 - 0x00007ffc1e8e4000 	C:\WINDOWS\system32\ole32.dll
0x00007ffc1ece0000 - 0x00007ffc2020b000 	C:\WINDOWS\system32\SHELL32.dll
0x00007ffc1c9f0000 - 0x00007ffc1ca11000 	C:\WINDOWS\SYSTEM32\USERENV.dll
0x00007ffc1e520000 - 0x00007ffc1e5ca000 	C:\WINDOWS\system32\ADVAPI32.dll
0x00007ffc141a0000 - 0x00007ffc141be000 	C:\WINDOWS\SYSTEM32\MPR.dll
0x00007ffc1e310000 - 0x00007ffc1e451000 	C:\WINDOWS\system32\RPCRT4.dll
0x00007ffc1d9c0000 - 0x00007ffc1da19000 	C:\WINDOWS\SYSTEM32\sechost.dll
0x00007ffc1eac0000 - 0x00007ffc1ecd1000 	C:\WINDOWS\SYSTEM32\combase.dll
0x00007ffc1da30000 - 0x00007ffc1db7f000 	C:\WINDOWS\system32\GDI32.dll
0x00007ffc1d490000 - 0x00007ffc1d4a5000 	C:\WINDOWS\SYSTEM32\profapi.dll
0x00007ffc1bfa0000 - 0x00007ffc1c052000 	C:\WINDOWS\SYSTEM32\SHCORE.dll
0x00007ffc1dc50000 - 0x00007ffc1dc86000 	C:\WINDOWS\system32\IMM32.DLL
0x00007ffc1e1b0000 - 0x00007ffc1e302000 	C:\WINDOWS\system32\MSCTF.dll
0x00007ffc1d440000 - 0x00007ffc1d472000 	C:\WINDOWS\system32\nvinitx.dll
0x000000000f000000 - 0x000000000f006000 	C:\Program Files\NVIDIA Corporation\CoProcManager\_etoured.dll
0x00007ffc1bc00000 - 0x00007ffc1bc33000 	C:\Program Files\NVIDIA Corporation\CoProcManager\nvd3d9wrapx.dll
0x00007ffc1df80000 - 0x00007ffc1e15a000 	C:\WINDOWS\system32\SETUPAPI.dll
0x00007ffc1d610000 - 0x00007ffc1d65f000 	C:\WINDOWS\system32\CFGMGR32.dll
0x00007ffc1bbd0000 - 0x00007ffc1bbf3000 	C:\Program Files\NVIDIA Corporation\CoProcManager\nvdxgiwrapx.dll
0x00007ffc1b580000 - 0x00007ffc1b7fb000 	C:\WINDOWS\WinSxS\amd64_microsoft.windows.common-controls_6595b64144ccf1df_6.0.9600.18006_none_623f33d3ecbe86e8\COMCTL32.dll
0x00000000610c0000 - 0x0000000061192000 	C:\Program Files\Java\jdk1.8.0_60\jre\bin\msvcr100.dll
0x00000000611a0000 - 0x0000000061a29000 	C:\Program Files\Java\jdk1.8.0_60\jre\bin\server\jvm.dll
0x00007ffc15420000 - 0x00007ffc15429000 	C:\WINDOWS\SYSTEM32\WSOCK32.dll
0x00007ffc1b800000 - 0x00007ffc1b822000 	C:\WINDOWS\SYSTEM32\WINMM.dll
0x00007ffc1bf90000 - 0x00007ffc1bf9a000 	C:\WINDOWS\SYSTEM32\VERSION.dll
0x00007ffc1e190000 - 0x00007ffc1e197000 	C:\WINDOWS\system32\PSAPI.DLL
0x00007ffc1dbf0000 - 0x00007ffc1dc4a000 	C:\WINDOWS\system32\WS2_32.dll
0x00007ffc1b360000 - 0x00007ffc1b38a000 	C:\WINDOWS\SYSTEM32\WINMMBASE.dll
0x00007ffc1e1a0000 - 0x00007ffc1e1a9000 	C:\WINDOWS\system32\NSI.dll
0x00007ffc1c260000 - 0x00007ffc1c288000 	C:\WINDOWS\SYSTEM32\DEVOBJ.dll
0x0000000065600000 - 0x000000006560f000 	C:\Program Files\Java\jdk1.8.0_60\jre\bin\verify.dll
0x00000000655d0000 - 0x00000000655f9000 	C:\Program Files\Java\jdk1.8.0_60\jre\bin\java.dll
0x00000000655b0000 - 0x00000000655c6000 	C:\Program Files\Java\jdk1.8.0_60\jre\bin\zip.dll

VM Arguments:
jvm_args: -Djava.awt.headless=true -Xmx1024M -Dfile.encoding=windows-1252 -Duser.country=US -Duser.language=en -Duser.variant 
java_command: com.android.dx.command.Main --dex --num-threads=4 --output C:\Users\Emin\AndroidStudioProjects\Ribbit\app\build\intermediates\pre-dexed\debug\com.android.support-design-23.1.1_ee6a87c47f5c4a7b3390495c01a700a190bb6f8b.jar C:\Users\Emin\AndroidStudioProjects\Ribbit\app\build\intermediates\exploded-aar\com.android.support\design\23.1.1\jars\classes.jar
java_class_path (initial): C:\Users\Emin\AppData\Local\Android\sdk1\build-tools\23.0.1\lib\dx.jar
Launcher Type: SUN_STANDARD

Environment Variables:
PATH=C:\ProgramData\Oracle\Java\javapath;C:\Program Files (x86)\NVIDIA Corporation\PhysX\Common;C:\WINDOWS\system32;C:\WINDOWS;C:\WINDOWS\System32\Wbem;C:\WINDOWS\System32\WindowsPowerShell\v1.0\;C:\Program Files (x86)\Microsoft SQL Server\100\Tools\Binn\;C:\Program Files\Microsoft SQL Server\100\Tools\Binn\;C:\Program Files\Microsoft SQL Server\100\DTS\Binn\;C:\Program Files\Microsoft\Web Platform Installer\;C:\Program Files (x86)\Microsoft ASP.NET\ASP.NET Web Pages\v1.0\;C:\Program Files\Microsoft SQL Server\110\Tools\Binn\;C:\Program Files\Microsoft SQL Server\110\DTS\Binn\;C:\Program Files (x86)\Microsoft SQL Server\110\Tools\Binn\;C:\Program Files (x86)\Microsoft SQL Server\110\Tools\Binn\ManagementStudio\;C:\Program Files (x86)\Microsoft Visual Studio 10.0\Common7\IDE\PrivateAssemblies\;C:\Program Files (x86)\Microsoft SQL Server\110\DTS\Binn\;C:\Program Files\MySQL\MySQL Enterprise Backup 3.10.1\;C:\Program Files (x86)\MySQL\MySQL Utilities 1.3.6\;C:\Program Files (x86)\Skype\Phone\
USERNAME=Emin
OS=Windows_NT
PROCESSOR_IDENTIFIER=Intel64 Family 6 Model 42 Stepping 7, GenuineIntel



---------------  S Y S T E M  ---------------

OS: Windows 8.1 , 64 bit Build 9600 (6.3.9600.17415)

CPU:total 8 (4 cores per cpu, 2 threads per core) family 6 model 42 stepping 7, cmov, cx8, fxsr, mmx, sse, sse2, sse3, ssse3, sse4.1, sse4.2, popcnt, avx, aes, clmul, ht, tsc, tscinvbit

Memory: 4k page, physical 6194232k(1002108k free), swap 9339960k(5460k free)

vm_info: Java HotSpot(TM) 64-Bit Server VM (25.60-b23) for windows-amd64 JRE (1.8.0_60-b27), built on Aug  4 2015 11:06:27 by "java_re" with MS VC++ 10.0 (VS2010)

time: Mon Dec 14 01:11:21 2015
elapsed time: 0 seconds (0d 0h 0m 0s)

