#
# There is insufficient memory for the Java Runtime Environment to continue.
# Native memory allocation (malloc) failed to allocate 1835936 bytes for Chunk::new
# Possible reasons:
#   The system is out of physical RAM or swap space
#   In 32 bit mode, the process size limit was hit
# Possible solutions:
#   Reduce memory load on the system
#   Increase physical memory or swap space
#   Check if swap backing store is full
#   Use 64 bit Java on a 64 bit OS
#   Decrease Java heap size (-Xmx/-Xms)
#   Decrease number of Java threads
#   Decrease Java thread stack sizes (-Xss)
#   Set larger code cache with -XX:ReservedCodeCacheSize=
# This output file may be truncated or incomplete.
#
#  Out of Memory Error (allocation.cpp:390), pid=5708, tid=4948
#
# JRE version: Java(TM) SE Runtime Environment (8.0_60-b27) (build 1.8.0_60-b27)
# Java VM: Java HotSpot(TM) 64-Bit Server VM (25.60-b23 mixed mode windows-amd64 compressed oops)
# Failed to write core dump. Minidumps are not enabled by default on client versions of Windows
#

---------------  T H R E A D  ---------------

Current thread (0x0000000008126800):  JavaThread "C2 CompilerThread0" daemon [_thread_in_native, id=4948, stack(0x0000000008700000,0x0000000008800000)]

Stack: [0x0000000008700000,0x0000000008800000]
[error occurred during error reporting (printing stack bounds), id 0xc0000005]

Native frames: (J=compiled Java code, j=interpreted, Vv=VM code, C=native code)


Current CompileTask:
C2:   7123 1944   !   4       com.android.dx.cf.code.BytecodeArray::parseInstruction (2764 bytes)


---------------  P R O C E S S  ---------------

Java Threads: ( => current thread )
  0x000000000841a000 JavaThread "pool-1-thread-4" [_thread_blocked, id=1416, stack(0x0000000009100000,0x0000000009200000)]
  0x0000000008416000 JavaThread "pool-1-thread-3" [_thread_blocked, id=9160, stack(0x0000000009000000,0x0000000009100000)]
  0x0000000008415000 JavaThread "pool-1-thread-2" [_thread_blocked, id=352, stack(0x0000000008f00000,0x0000000009000000)]
  0x00000000083ff800 JavaThread "pool-2-thread-1" [_thread_blocked, id=6680, stack(0x0000000008e00000,0x0000000008f00000)]
  0x00000000083f8000 JavaThread "pool-1-thread-1" [_thread_blocked, id=6240, stack(0x0000000008d00000,0x0000000008e00000)]
  0x00000000081c8800 JavaThread "Service Thread" daemon [_thread_blocked, id=1120, stack(0x0000000008b00000,0x0000000008c00000)]
  0x0000000008139800 JavaThread "C1 CompilerThread3" daemon [_thread_blocked, id=8676, stack(0x0000000008a00000,0x0000000008b00000)]
  0x0000000008136800 JavaThread "C2 CompilerThread2" daemon [_thread_blocked, id=6716, stack(0x0000000008900000,0x0000000008a00000)]
  0x000000000812f800 JavaThread "C2 CompilerThread1" daemon [_thread_blocked, id=7560, stack(0x0000000008800000,0x0000000008900000)]
=>0x0000000008126800 JavaThread "C2 CompilerThread0" daemon [_thread_in_native, id=4948, stack(0x0000000008700000,0x0000000008800000)]
  0x0000000008125000 JavaThread "Attach Listener" daemon [_thread_blocked, id=7236, stack(0x0000000008600000,0x0000000008700000)]
  0x0000000008124800 JavaThread "Signal Dispatcher" daemon [_thread_blocked, id=5768, stack(0x0000000008500000,0x0000000008600000)]
  0x0000000002513800 JavaThread "Finalizer" daemon [_thread_blocked, id=8964, stack(0x0000000007f20000,0x0000000008020000)]
  0x0000000002512000 JavaThread "Reference Handler" daemon [_thread_blocked, id=4304, stack(0x0000000007e20000,0x0000000007f20000)]
  0x00000000022ed800 JavaThread "main" [_thread_blocked, id=1012, stack(0x0000000002320000,0x0000000002420000)]

Other Threads:
  0x0000000006039800 VMThread [stack: 0x0000000007d20000,0x0000000007e20000] [id=5752]
  0x00000000081db800 WatcherThread [stack: 0x0000000008c00000,0x0000000008d00000] [id=8528]

VM state:not at safepoint (normal execution)

VM Mutex/Monitor currently owned by a thread: None

Heap:
 PSYoungGen      total 53248K, used 50627K [0x00000000eab00000, 0x00000000f1300000, 0x0000000100000000)
  eden space 49152K, 94% used [0x00000000eab00000,0x00000000ed874328,0x00000000edb00000)
  from space 4096K, 99% used [0x00000000edb00000,0x00000000edefcbf0,0x00000000edf00000)
  to   space 4096K, 0% used [0x00000000f0f00000,0x00000000f0f00000,0x00000000f1300000)
 ParOldGen       total 65536K, used 12510K [0x00000000c0000000, 0x00000000c4000000, 0x00000000eab00000)
  object space 65536K, 19% used [0x00000000c0000000,0x00000000c0c379f0,0x00000000c4000000)
 Metaspace       used 6200K, capacity 7152K, committed 7296K, reserved 1056768K
  class space    used 596K, capacity 616K, committed 640K, reserved 1048576K

Card table byte_map: [0x00000000028e0000,0x0000000002af0000] byte_map_base: 0x00000000022e0000

Marking Bits: (ParMarkBitMap*) 0x00000000619aa5b0
 Begin Bits: [0x0000000003450000, 0x0000000004450000)
 End Bits:   [0x0000000004450000, 0x0000000005450000)

Polling page: 0x0000000000340000

CodeCache: size=245760Kb used=8880Kb max_used=8899Kb free=236879Kb
 bounds [0x000000000f010000, 0x000000000f8d0000, 0x000000001e010000]
 total_blobs=2183 nmethods=1913 adapters=182
 compilation: enabled

Compilation events (10 events):
Event: 6.929 Thread 0x0000000008136800 nmethod 1946 0x000000000f8a5cd0 code [0x000000000f8a5e40, 0x000000000f8a62b8]
Event: 6.929 Thread 0x0000000008136800 1947       4       com.android.dx.ssa.DomFront::run (264 bytes)
Event: 6.990 Thread 0x0000000008136800 nmethod 1947 0x000000000f8ba810 code [0x000000000f8baa40, 0x000000000f8bbf28]
Event: 7.013 Thread 0x000000000812f800 nmethod 1945 0x000000000f8c8950 code [0x000000000f8c8d40, 0x000000000f8cb5b8]
Event: 7.050 Thread 0x0000000008136800 1948       4       java.util.TreeMap::values (27 bytes)
Event: 7.052 Thread 0x0000000008136800 nmethod 1948 0x000000000f830e50 code [0x000000000f830fa0, 0x000000000f831098]
Event: 7.059 Thread 0x0000000008139800 1949       3       com.android.dx.rop.code.Rops::opIfNe (17 bytes)
Event: 7.059 Thread 0x0000000008139800 nmethod 1949 0x000000000f8a23d0 code [0x000000000f8a2540, 0x000000000f8a26c8]
Event: 7.063 Thread 0x0000000008139800 1950       3       java.util.concurrent.atomic.AtomicInteger::getAndIncrement (12 bytes)
Event: 7.063 Thread 0x0000000008139800 nmethod 1950 0x000000000f83b710 code [0x000000000f83b860, 0x000000000f83b9b0]

GC Heap History (6 events):
Event: 1.308 GC heap before
{Heap before GC invocations=1 (full 0):
 PSYoungGen      total 28672K, used 24576K [0x00000000eab00000, 0x00000000ecb00000, 0x0000000100000000)
  eden space 24576K, 100% used [0x00000000eab00000,0x00000000ec300000,0x00000000ec300000)
  from space 4096K, 0% used [0x00000000ec700000,0x00000000ec700000,0x00000000ecb00000)
  to   space 4096K, 0% used [0x00000000ec300000,0x00000000ec300000,0x00000000ec700000)
 ParOldGen       total 65536K, used 0K [0x00000000c0000000, 0x00000000c4000000, 0x00000000eab00000)
  object space 65536K, 0% used [0x00000000c0000000,0x00000000c0000000,0x00000000c4000000)
 Metaspace       used 5790K, capacity 6832K, committed 7040K, reserved 1056768K
  class space    used 586K, capacity 616K, committed 640K, reserved 1048576K
Event: 1.464 GC heap after
Heap after GC invocations=1 (full 0):
 PSYoungGen      total 28672K, used 4085K [0x00000000eab00000, 0x00000000ee300000, 0x0000000100000000)
  eden space 24576K, 0% used [0x00000000eab00000,0x00000000eab00000,0x00000000ec300000)
  from space 4096K, 99% used [0x00000000ec300000,0x00000000ec6fd510,0x00000000ec700000)
  to   space 4096K, 0% used [0x00000000edf00000,0x00000000edf00000,0x00000000ee300000)
 ParOldGen       total 65536K, used 1405K [0x00000000c0000000, 0x00000000c4000000, 0x00000000eab00000)
  object space 65536K, 2% used [0x00000000c0000000,0x00000000c015f730,0x00000000c4000000)
 Metaspace       used 5790K, capacity 6832K, committed 7040K, reserved 1056768K
  class space    used 586K, capacity 616K, committed 640K, reserved 1048576K
}
Event: 2.602 GC heap before
{Heap before GC invocations=2 (full 0):
 PSYoungGen      total 28672K, used 28661K [0x00000000eab00000, 0x00000000ee300000, 0x0000000100000000)
  eden space 24576K, 100% used [0x00000000eab00000,0x00000000ec300000,0x00000000ec300000)
  from space 4096K, 99% used [0x00000000ec300000,0x00000000ec6fd510,0x00000000ec700000)
  to   space 4096K, 0% used [0x00000000edf00000,0x00000000edf00000,0x00000000ee300000)
 ParOldGen       total 65536K, used 1405K [0x00000000c0000000, 0x00000000c4000000, 0x00000000eab00000)
  object space 65536K, 2% used [0x00000000c0000000,0x00000000c015f730,0x00000000c4000000)
 Metaspace       used 5996K, capacity 7024K, committed 7296K, reserved 1056768K
  class space    used 595K, capacity 616K, committed 640K, reserved 1048576K
Event: 2.615 GC heap after
Heap after GC invocations=2 (full 0):
 PSYoungGen      total 53248K, used 4071K [0x00000000eab00000, 0x00000000ee300000, 0x0000000100000000)
  eden space 49152K, 0% used [0x00000000eab00000,0x00000000eab00000,0x00000000edb00000)
  from space 4096K, 99% used [0x00000000edf00000,0x00000000ee2f9c78,0x00000000ee300000)
  to   space 4096K, 0% used [0x00000000edb00000,0x00000000edb00000,0x00000000edf00000)
 ParOldGen       total 65536K, used 4570K [0x00000000c0000000, 0x00000000c4000000, 0x00000000eab00000)
  object space 65536K, 6% used [0x00000000c0000000,0x00000000c0476bd0,0x00000000c4000000)
 Metaspace       used 5996K, capacity 7024K, committed 7296K, reserved 1056768K
  class space    used 595K, capacity 616K, committed 640K, reserved 1048576K
}
Event: 3.868 GC heap before
{Heap before GC invocations=3 (full 0):
 PSYoungGen      total 53248K, used 53223K [0x00000000eab00000, 0x00000000ee300000, 0x0000000100000000)
  eden space 49152K, 100% used [0x00000000eab00000,0x00000000edb00000,0x00000000edb00000)
  from space 4096K, 99% used [0x00000000edf00000,0x00000000ee2f9c78,0x00000000ee300000)
  to   space 4096K, 0% used [0x00000000edb00000,0x00000000edb00000,0x00000000edf00000)
 ParOldGen       total 65536K, used 4570K [0x00000000c0000000, 0x00000000c4000000, 0x00000000eab00000)
  object space 65536K, 6% used [0x00000000c0000000,0x00000000c0476bd0,0x00000000c4000000)
 Metaspace       used 6165K, capacity 7152K, committed 7296K, reserved 1056768K
  class space    used 595K, capacity 616K, committed 640K, reserved 1048576K
Event: 4.043 GC heap after
Heap after GC invocations=3 (full 0):
 PSYoungGen      total 53248K, used 4082K [0x00000000eab00000, 0x00000000f1300000, 0x0000000100000000)
  eden space 49152K, 0% used [0x00000000eab00000,0x00000000eab00000,0x00000000edb00000)
  from space 4096K, 99% used [0x00000000edb00000,0x00000000edefcbf0,0x00000000edf00000)
  to   space 4096K, 0% used [0x00000000f0f00000,0x00000000f0f00000,0x00000000f1300000)
 ParOldGen       total 65536K, used 12510K [0x00000000c0000000, 0x00000000c4000000, 0x00000000eab00000)
  object space 65536K, 19% used [0x00000000c0000000,0x00000000c0c379f0,0x00000000c4000000)
 Metaspace       used 6165K, capacity 7152K, committed 7296K, reserved 1056768K
  class space    used 595K, capacity 616K, committed 640K, reserved 1048576K
}

Deoptimization events (10 events):
Event: 4.393 Thread 0x0000000008415000 Uncommon trap: reason=bimorphic action=maybe_recompile pc=0x000000000f772068 method=com.android.dx.rop.code.RegisterSpec.withSimpleType()Lcom/android/dx/rop/code/RegisterSpec; @ 21
Event: 4.393 Thread 0x0000000008415000 Uncommon trap: reason=bimorphic action=maybe_recompile pc=0x000000000f772068 method=com.android.dx.rop.code.RegisterSpec.withSimpleType()Lcom/android/dx/rop/code/RegisterSpec; @ 21
Event: 5.593 Thread 0x0000000008415000 Uncommon trap: reason=bimorphic action=maybe_recompile pc=0x000000000f78146c method=com.android.dx.cf.code.BytecodeArray.parseInstruction(ILcom/android/dx/cf/code/BytecodeArray$Visitor;)I @ 2281
Event: 5.593 Thread 0x0000000008415000 Uncommon trap: reason=bimorphic action=maybe_recompile pc=0x000000000f78146c method=com.android.dx.cf.code.BytecodeArray.parseInstruction(ILcom/android/dx/cf/code/BytecodeArray$Visitor;)I @ 2281
Event: 6.634 Thread 0x000000000841a000 Uncommon trap: reason=null_check action=make_not_entrant pc=0x000000000f2dcf60 method=com.android.dx.rop.type.Type.equals(Ljava/lang/Object;)Z @ 8
Event: 6.634 Thread 0x000000000841a000 Uncommon trap: reason=unstable_if action=reinterpret pc=0x000000000f7e17a4 method=com.android.dx.cf.code.Ropper.addOrReplaceBlock(Lcom/android/dx/rop/code/BasicBlock;Lcom/android/dx/util/IntList;)Z @ 24
Event: 6.634 Thread 0x000000000841a000 Uncommon trap: reason=unstable_if action=reinterpret pc=0x000000000f79dfd8 method=com.android.dx.cf.code.Ropper.addOrReplaceBlock(Lcom/android/dx/rop/code/BasicBlock;Lcom/android/dx/util/IntList;)Z @ 24
Event: 6.695 Thread 0x0000000008415000 Uncommon trap: reason=unstable_if action=reinterpret pc=0x000000000f7d7c10 method=com.android.dx.dex.code.RopTranslator.pickOrder()V @ 279
Event: 6.704 Thread 0x00000000022ed800 Uncommon trap: reason=bimorphic action=maybe_recompile pc=0x000000000f8693c0 method=com.android.dx.cf.code.BytecodeArray.parseInstruction(ILcom/android/dx/cf/code/BytecodeArray$Visitor;)I @ 1161
Event: 6.704 Thread 0x00000000022ed800 Uncommon trap: reason=bimorphic action=maybe_recompile pc=0x000000000f8693c0 method=com.android.dx.cf.code.BytecodeArray.parseInstruction(ILcom/android/dx/cf/code/BytecodeArray$Visitor;)I @ 1161

Internal exceptions (5 events):
Event: 0.094 Thread 0x00000000022ed800 Exception <a 'java/lang/NoSuchMethodError': Method sun.misc.Unsafe.defineClass(Ljava/lang/String;[BII)Ljava/lang/Class; name or signature does not match> (0x00000000eab0d8d0) thrown at [C:\re\workspace\8-2-build-windows-amd64-cygwin\jdk8u60\4407\hotspot\sr"[Ç=Ï¸?
Event: 0.094 Thread 0x00000000022ed800 Exception <a 'java/lang/NoSuchMethodError': Method sun.misc.Unsafe.prefetchRead(Ljava/lang/Object;J)V name or signature does not match> (0x00000000eab0dbb8) thrown at [C:\re\workspace\8-2-build-windows-amd64-cygwin\jdk8u60\4407\hotspot\src\share\vm\prims\jEÕT…Qî?
Event: 0.947 Thread 0x00000000022ed800 Implicit null exception at 0x000000000f2e602b to 0x000000000f2e7799
Event: 3.509 Thread 0x0000000008415000 Implicit null exception at 0x000000000f595947 to 0x000000000f5972d1
Event: 6.634 Thread 0x000000000841a000 Implicit null exception at 0x000000000f2dce62 to 0x000000000f2dcf52

Events (10 events):
Event: 6.634 Thread 0x000000000841a000 DEOPT UNPACKING pc=0x000000000f05582a sp=0x00000000091fed78 mode 2
Event: 6.695 Thread 0x0000000008415000 Uncommon trap: trap_request=0xffffff65 fr.pc=0x000000000f7d7c10
Event: 6.695 Thread 0x0000000008415000 DEOPT PACKING pc=0x000000000f7d7c10 sp=0x0000000008ffe970
Event: 6.695 Thread 0x0000000008415000 DEOPT UNPACKING pc=0x000000000f05582a sp=0x0000000008ffe8d8 mode 2
Event: 6.704 Thread 0x00000000022ed800 Uncommon trap: trap_request=0xffffffc6 fr.pc=0x000000000f8693c0
Event: 6.704 Thread 0x00000000022ed800 DEOPT PACKING pc=0x000000000f8693c0 sp=0x000000000241e420
Event: 6.704 Thread 0x00000000022ed800 DEOPT UNPACKING pc=0x000000000f05582a sp=0x000000000241e3e8 mode 2
Event: 6.704 Thread 0x00000000022ed800 Uncommon trap: trap_request=0xffffffc6 fr.pc=0x000000000f8693c0
Event: 6.704 Thread 0x00000000022ed800 DEOPT PACKING pc=0x000000000f8693c0 sp=0x000000000241e2c0
Event: 6.704 Thread 0x00000000022ed800 DEOPT UNPACKING pc=0x000000000f05582a sp=0x000000000241e288 mode 2


Dynamic libraries:
0x00007ff77e500000 - 0x00007ff77e537000 	C:\Program Files\Java\jdk1.8.0_60\bin\java.exe
0x00007ffc20340000 - 0x00007ffc204ec000 	C:\WINDOWS\SYSTEM32\ntdll.dll
0x00007ffc1dc90000 - 0x00007ffc1ddce000 	C:\WINDOWS\system32\KERNEL32.DLL
0x00007ffc1d660000 - 0x00007ffc1d775000 	C:\WINDOWS\system32\KERNELBASE.dll
0x00007ffc1bf00000 - 0x00007ffc1bf8e000 	C:\WINDOWS\system32\apphelp.dll
0x00007ffc16100000 - 0x00007ffc16153000 	C:\WINDOWS\AppPatch\AppPatch64\AcGenral.DLL
0x00007ffc1ea10000 - 0x00007ffc1eaba000 	C:\WINDOWS\system32\msvcrt.dll
0x00007ffc1d220000 - 0x00007ffc1d24e000 	C:\WINDOWS\SYSTEM32\SspiCli.dll
0x00007ffc1e9b0000 - 0x00007ffc1ea04000 	C:\WINDOWS\system32\SHLWAPI.dll
0x00007ffc1e5d0000 - 0x00007ffc1e747000 	C:\WINDOWS\system32\USER32.dll
0x00007ffc1e750000 - 0x00007ffc1e8e4000 	C:\WINDOWS\system32\ole32.dll
0x00007ffc1ece0000 - 0x00007ffc2020b000 	C:\WINDOWS\system32\SHELL32.dll
0x00007ffc1c9f0000 - 0x00007ffc1ca11000 	C:\WINDOWS\SYSTEM32\USERENV.dll
0x00007ffc1e520000 - 0x00007ffc1e5ca000 	C:\WINDOWS\system32\ADVAPI32.dll
0x00007ffc141a0000 - 0x00007ffc141be000 	C:\WINDOWS\SYSTEM32\MPR.dll
0x00007ffc1e310000 - 0x00007ffc1e451000 	C:\WINDOWS\system32\RPCRT4.dll
0x00007ffc1d9c0000 - 0x00007ffc1da19000 	C:\WINDOWS\SYSTEM32\sechost.dll
0x00007ffc1eac0000 - 0x00007ffc1ecd1000 	C:\WINDOWS\SYSTEM32\combase.dll
0x00007ffc1da30000 - 0x00007ffc1db7f000 	C:\WINDOWS\system32\GDI32.dll
0x00007ffc1d490000 - 0x00007ffc1d4a5000 	C:\WINDOWS\SYSTEM32\profapi.dll
0x00007ffc1bfa0000 - 0x00007ffc1c052000 	C:\WINDOWS\SYSTEM32\SHCORE.dll
0x00007ffc1dc50000 - 0x00007ffc1dc86000 	C:\WINDOWS\system32\IMM32.DLL
0x00007ffc1e1b0000 - 0x00007ffc1e302000 	C:\WINDOWS\system32\MSCTF.dll
0x00007ffc1d440000 - 0x00007ffc1d472000 	C:\WINDOWS\system32\nvinitx.dll
0x000000000f000000 - 0x000000000f006000 	C:\Program Files\NVIDIA Corporation\CoProcManager\_etoured.dll
0x00007ffc1bc00000 - 0x00007ffc1bc33000 	C:\Program Files\NVIDIA Corporation\CoProcManager\nvd3d9wrapx.dll
0x00007ffc1df80000 - 0x00007ffc1e15a000 	C:\WINDOWS\system32\SETUPAPI.dll
0x00007ffc1d610000 - 0x00007ffc1d65f000 	C:\WINDOWS\system32\CFGMGR32.dll
0x00007ffc1bbd0000 - 0x00007ffc1bbf3000 	C:\Program Files\NVIDIA Corporation\CoProcManager\nvdxgiwrapx.dll
0x00007ffc1b580000 - 0x00007ffc1b7fb000 	C:\WINDOWS\WinSxS\amd64_microsoft.windows.common-controls_6595b64144ccf1df_6.0.9600.18006_none_623f33d3ecbe86e8\COMCTL32.dll
0x00000000610c0000 - 0x0000000061192000 	C:\Program Files\Java\jdk1.8.0_60\jre\bin\msvcr100.dll
0x00000000611a0000 - 0x0000000061a29000 	C:\Program Files\Java\jdk1.8.0_60\jre\bin\server\jvm.dll
0x00007ffc15420000 - 0x00007ffc15429000 	C:\WINDOWS\SYSTEM32\WSOCK32.dll
0x00007ffc1b800000 - 0x00007ffc1b822000 	C:\WINDOWS\SYSTEM32\WINMM.dll
0x00007ffc1bf90000 - 0x00007ffc1bf9a000 	C:\WINDOWS\SYSTEM32\VERSION.dll
0x00007ffc1e190000 - 0x00007ffc1e197000 	C:\WINDOWS\system32\PSAPI.DLL
0x00007ffc1dbf0000 - 0x00007ffc1dc4a000 	C:\WINDOWS\system32\WS2_32.dll
0x00007ffc1b360000 - 0x00007ffc1b38a000 	C:\WINDOWS\SYSTEM32\WINMMBASE.dll
0x00007ffc1e1a0000 - 0x00007ffc1e1a9000 	C:\WINDOWS\system32\NSI.dll
0x00007ffc1c260000 - 0x00007ffc1c288000 	C:\WINDOWS\SYSTEM32\DEVOBJ.dll
0x0000000065600000 - 0x000000006560f000 	C:\Program Files\Java\jdk1.8.0_60\jre\bin\verify.dll
0x00000000655d0000 - 0x00000000655f9000 	C:\Program Files\Java\jdk1.8.0_60\jre\bin\java.dll
0x00000000655b0000 - 0x00000000655c6000 	C:\Program Files\Java\jdk1.8.0_60\jre\bin\zip.dll

VM Arguments:
jvm_args: -Djava.awt.headless=true -Xmx1024M -Dfile.encoding=windows-1252 -Duser.country=US -Duser.language=en -Duser.variant 
java_command: com.android.dx.command.Main --dex --num-threads=4 --output C:\Users\Emin\AndroidStudioProjects\Ribbit\app\build\intermediates\pre-dexed\debug\com.android.support-support-v4-23.1.1_5edf24e9ce272f5ce35acb26dc1e5cf97bf9453a.jar C:\Users\Emin\AndroidStudioProjects\Ribbit\app\build\intermediates\exploded-aar\com.android.support\support-v4\23.1.1\jars\classes.jar
java_class_path (initial): C:\Users\Emin\AppData\Local\Android\sdk1\build-tools\23.0.1\lib\dx.jar
Launcher Type: SUN_STANDARD

Environment Variables:
PATH=C:\ProgramData\Oracle\Java\javapath;C:\Program Files (x86)\NVIDIA Corporation\PhysX\Common;C:\WINDOWS\system32;C:\WINDOWS;C:\WINDOWS\System32\Wbem;C:\WINDOWS\System32\WindowsPowerShell\v1.0\;C:\Program Files (x86)\Microsoft SQL Server\100\Tools\Binn\;C:\Program Files\Microsoft SQL Server\100\Tools\Binn\;C:\Program Files\Microsoft SQL Server\100\DTS\Binn\;C:\Program Files\Microsoft\Web Platform Installer\;C:\Program Files (x86)\Microsoft ASP.NET\ASP.NET Web Pages\v1.0\;C:\Program Files\Microsoft SQL Server\110\Tools\Binn\;C:\Program Files\Microsoft SQL Server\110\DTS\Binn\;C:\Program Files (x86)\Microsoft SQL Server\110\Tools\Binn\;C:\Program Files (x86)\Microsoft SQL Server\110\Tools\Binn\ManagementStudio\;C:\Program Files (x86)\Microsoft Visual Studio 10.0\Common7\IDE\PrivateAssemblies\;C:\Program Files (x86)\Microsoft SQL Server\110\DTS\Binn\;C:\Program Files\MySQL\MySQL Enterprise Backup 3.10.1\;C:\Program Files (x86)\MySQL\MySQL Utilities 1.3.6\;C:\Program Files (x86)\Skype\Phone\
USERNAME=Emin
OS=Windows_NT
PROCESSOR_IDENTIFIER=Intel64 Family 6 Model 42 Stepping 7, GenuineIntel



---------------  S Y S T E M  ---------------

OS: Windows 8.1 , 64 bit Build 9600 (6.3.9600.17415)

CPU:total 8 (4 cores per cpu, 2 threads per core) family 6 model 42 stepping 7, cmov, cx8, fxsr, mmx, sse, sse2, sse3, ssse3, sse4.1, sse4.2, popcnt, avx, aes, clmul, ht, tsc, tscinvbit

Memory: 4k page, physical 6194232k(989020k free), swap 9339960k(5492k free)

vm_info: Java HotSpot(TM) 64-Bit Server VM (25.60-b23) for windows-amd64 JRE (1.8.0_60-b27), built on Aug  4 2015 11:06:27 by "java_re" with MS VC++ 10.0 (VS2010)

time: Mon Dec 14 01:09:11 2015
elapsed time: 7 seconds (0d 0h 0m 7s)

